[2023-11-10 14:23:12,883] {processor.py:162} INFO - Started process (PID=428) to work on /home/airflow/.local/lib/python3.6/site-packages/airflow/example_dags/example_task_group.py
[2023-11-10 14:23:12,885] {processor.py:613} INFO - Processing file /home/airflow/.local/lib/python3.6/site-packages/airflow/example_dags/example_task_group.py for tasks to queue
[2023-11-10 14:23:12,886] {logging_mixin.py:109} INFO - [2023-11-10 14:23:12,886] {dagbag.py:496} INFO - Filling up the DagBag from /home/airflow/.local/lib/python3.6/site-packages/airflow/example_dags/example_task_group.py
[2023-11-10 14:23:12,906] {processor.py:623} INFO - DAG(s) dict_keys(['example_task_group']) retrieved from /home/airflow/.local/lib/python3.6/site-packages/airflow/example_dags/example_task_group.py
[2023-11-10 14:23:14,599] {logging_mixin.py:109} INFO - [2023-11-10 14:23:14,598] {dag.py:1833} INFO - Sync 1 DAGs
[2023-11-10 14:23:14,606] {logging_mixin.py:109} INFO - [2023-11-10 14:23:14,606] {dag.py:1852} INFO - Creating ORM DAG for example_task_group
[2023-11-10 14:23:14,610] {logging_mixin.py:109} INFO - [2023-11-10 14:23:14,610] {dag.py:2306} INFO - Setting next_dagrun for example_task_group to 2023-11-08 00:00:00+00:00
[2023-11-10 14:23:14,621] {processor.py:170} INFO - Processing /home/airflow/.local/lib/python3.6/site-packages/airflow/example_dags/example_task_group.py took 1.742 seconds
[2023-11-10 14:23:45,340] {processor.py:162} INFO - Started process (PID=513) to work on /home/airflow/.local/lib/python3.6/site-packages/airflow/example_dags/example_task_group.py
[2023-11-10 14:23:45,341] {processor.py:613} INFO - Processing file /home/airflow/.local/lib/python3.6/site-packages/airflow/example_dags/example_task_group.py for tasks to queue
[2023-11-10 14:23:45,342] {logging_mixin.py:109} INFO - [2023-11-10 14:23:45,342] {dagbag.py:496} INFO - Filling up the DagBag from /home/airflow/.local/lib/python3.6/site-packages/airflow/example_dags/example_task_group.py
[2023-11-10 14:23:45,356] {processor.py:623} INFO - DAG(s) dict_keys(['example_task_group']) retrieved from /home/airflow/.local/lib/python3.6/site-packages/airflow/example_dags/example_task_group.py
[2023-11-10 14:23:45,373] {logging_mixin.py:109} INFO - [2023-11-10 14:23:45,373] {dag.py:1833} INFO - Sync 1 DAGs
[2023-11-10 14:23:45,390] {logging_mixin.py:109} INFO - [2023-11-10 14:23:45,390] {dag.py:2306} INFO - Setting next_dagrun for example_task_group to 2023-11-08 00:00:00+00:00
[2023-11-10 14:23:45,400] {processor.py:170} INFO - Processing /home/airflow/.local/lib/python3.6/site-packages/airflow/example_dags/example_task_group.py took 0.062 seconds
[2023-11-10 14:24:15,547] {processor.py:162} INFO - Started process (PID=564) to work on /home/airflow/.local/lib/python3.6/site-packages/airflow/example_dags/example_task_group.py
[2023-11-10 14:24:15,549] {processor.py:613} INFO - Processing file /home/airflow/.local/lib/python3.6/site-packages/airflow/example_dags/example_task_group.py for tasks to queue
[2023-11-10 14:24:15,550] {logging_mixin.py:109} INFO - [2023-11-10 14:24:15,550] {dagbag.py:496} INFO - Filling up the DagBag from /home/airflow/.local/lib/python3.6/site-packages/airflow/example_dags/example_task_group.py
[2023-11-10 14:24:15,563] {processor.py:623} INFO - DAG(s) dict_keys(['example_task_group']) retrieved from /home/airflow/.local/lib/python3.6/site-packages/airflow/example_dags/example_task_group.py
[2023-11-10 14:24:15,580] {logging_mixin.py:109} INFO - [2023-11-10 14:24:15,580] {dag.py:1833} INFO - Sync 1 DAGs
[2023-11-10 14:24:15,596] {logging_mixin.py:109} INFO - [2023-11-10 14:24:15,595] {dag.py:2306} INFO - Setting next_dagrun for example_task_group to 2023-11-08 00:00:00+00:00
[2023-11-10 14:24:15,605] {processor.py:170} INFO - Processing /home/airflow/.local/lib/python3.6/site-packages/airflow/example_dags/example_task_group.py took 0.061 seconds
[2023-11-10 14:24:45,935] {processor.py:162} INFO - Started process (PID=625) to work on /home/airflow/.local/lib/python3.6/site-packages/airflow/example_dags/example_task_group.py
[2023-11-10 14:24:45,936] {processor.py:613} INFO - Processing file /home/airflow/.local/lib/python3.6/site-packages/airflow/example_dags/example_task_group.py for tasks to queue
[2023-11-10 14:24:45,938] {logging_mixin.py:109} INFO - [2023-11-10 14:24:45,938] {dagbag.py:496} INFO - Filling up the DagBag from /home/airflow/.local/lib/python3.6/site-packages/airflow/example_dags/example_task_group.py
[2023-11-10 14:24:45,952] {processor.py:623} INFO - DAG(s) dict_keys(['example_task_group']) retrieved from /home/airflow/.local/lib/python3.6/site-packages/airflow/example_dags/example_task_group.py
[2023-11-10 14:24:45,974] {logging_mixin.py:109} INFO - [2023-11-10 14:24:45,974] {dag.py:1833} INFO - Sync 1 DAGs
[2023-11-10 14:24:45,992] {logging_mixin.py:109} INFO - [2023-11-10 14:24:45,992] {dag.py:2306} INFO - Setting next_dagrun for example_task_group to 2023-11-08 00:00:00+00:00
[2023-11-10 14:24:46,004] {processor.py:170} INFO - Processing /home/airflow/.local/lib/python3.6/site-packages/airflow/example_dags/example_task_group.py took 0.071 seconds
[2023-11-10 14:25:16,216] {processor.py:162} INFO - Started process (PID=686) to work on /home/airflow/.local/lib/python3.6/site-packages/airflow/example_dags/example_task_group.py
[2023-11-10 14:25:16,218] {processor.py:613} INFO - Processing file /home/airflow/.local/lib/python3.6/site-packages/airflow/example_dags/example_task_group.py for tasks to queue
[2023-11-10 14:25:16,219] {logging_mixin.py:109} INFO - [2023-11-10 14:25:16,219] {dagbag.py:496} INFO - Filling up the DagBag from /home/airflow/.local/lib/python3.6/site-packages/airflow/example_dags/example_task_group.py
[2023-11-10 14:25:16,232] {processor.py:623} INFO - DAG(s) dict_keys(['example_task_group']) retrieved from /home/airflow/.local/lib/python3.6/site-packages/airflow/example_dags/example_task_group.py
[2023-11-10 14:25:16,250] {logging_mixin.py:109} INFO - [2023-11-10 14:25:16,250] {dag.py:1833} INFO - Sync 1 DAGs
[2023-11-10 14:25:16,266] {logging_mixin.py:109} INFO - [2023-11-10 14:25:16,266] {dag.py:2306} INFO - Setting next_dagrun for example_task_group to 2023-11-08 00:00:00+00:00
[2023-11-10 14:25:16,280] {processor.py:170} INFO - Processing /home/airflow/.local/lib/python3.6/site-packages/airflow/example_dags/example_task_group.py took 0.067 seconds
[2023-11-10 14:25:46,846] {processor.py:162} INFO - Started process (PID=737) to work on /home/airflow/.local/lib/python3.6/site-packages/airflow/example_dags/example_task_group.py
[2023-11-10 14:25:46,848] {processor.py:613} INFO - Processing file /home/airflow/.local/lib/python3.6/site-packages/airflow/example_dags/example_task_group.py for tasks to queue
[2023-11-10 14:25:46,849] {logging_mixin.py:109} INFO - [2023-11-10 14:25:46,849] {dagbag.py:496} INFO - Filling up the DagBag from /home/airflow/.local/lib/python3.6/site-packages/airflow/example_dags/example_task_group.py
[2023-11-10 14:25:46,865] {processor.py:623} INFO - DAG(s) dict_keys(['example_task_group']) retrieved from /home/airflow/.local/lib/python3.6/site-packages/airflow/example_dags/example_task_group.py
[2023-11-10 14:25:46,886] {logging_mixin.py:109} INFO - [2023-11-10 14:25:46,886] {dag.py:1833} INFO - Sync 1 DAGs
[2023-11-10 14:25:46,902] {logging_mixin.py:109} INFO - [2023-11-10 14:25:46,902] {dag.py:2306} INFO - Setting next_dagrun for example_task_group to 2023-11-08 00:00:00+00:00
[2023-11-10 14:25:46,912] {processor.py:170} INFO - Processing /home/airflow/.local/lib/python3.6/site-packages/airflow/example_dags/example_task_group.py took 0.071 seconds
[2023-11-10 14:26:17,127] {processor.py:162} INFO - Started process (PID=798) to work on /home/airflow/.local/lib/python3.6/site-packages/airflow/example_dags/example_task_group.py
[2023-11-10 14:26:17,129] {processor.py:613} INFO - Processing file /home/airflow/.local/lib/python3.6/site-packages/airflow/example_dags/example_task_group.py for tasks to queue
[2023-11-10 14:26:17,130] {logging_mixin.py:109} INFO - [2023-11-10 14:26:17,130] {dagbag.py:496} INFO - Filling up the DagBag from /home/airflow/.local/lib/python3.6/site-packages/airflow/example_dags/example_task_group.py
[2023-11-10 14:26:17,150] {processor.py:623} INFO - DAG(s) dict_keys(['example_task_group']) retrieved from /home/airflow/.local/lib/python3.6/site-packages/airflow/example_dags/example_task_group.py
[2023-11-10 14:26:17,168] {logging_mixin.py:109} INFO - [2023-11-10 14:26:17,168] {dag.py:1833} INFO - Sync 1 DAGs
[2023-11-10 14:26:17,183] {logging_mixin.py:109} INFO - [2023-11-10 14:26:17,183] {dag.py:2306} INFO - Setting next_dagrun for example_task_group to 2023-11-08 00:00:00+00:00
[2023-11-10 14:26:17,193] {processor.py:170} INFO - Processing /home/airflow/.local/lib/python3.6/site-packages/airflow/example_dags/example_task_group.py took 0.072 seconds
[2023-11-10 14:26:47,569] {processor.py:162} INFO - Started process (PID=857) to work on /home/airflow/.local/lib/python3.6/site-packages/airflow/example_dags/example_task_group.py
[2023-11-10 14:26:47,570] {processor.py:613} INFO - Processing file /home/airflow/.local/lib/python3.6/site-packages/airflow/example_dags/example_task_group.py for tasks to queue
[2023-11-10 14:26:47,571] {logging_mixin.py:109} INFO - [2023-11-10 14:26:47,571] {dagbag.py:496} INFO - Filling up the DagBag from /home/airflow/.local/lib/python3.6/site-packages/airflow/example_dags/example_task_group.py
[2023-11-10 14:26:47,587] {processor.py:623} INFO - DAG(s) dict_keys(['example_task_group']) retrieved from /home/airflow/.local/lib/python3.6/site-packages/airflow/example_dags/example_task_group.py
[2023-11-10 14:26:47,608] {logging_mixin.py:109} INFO - [2023-11-10 14:26:47,608] {dag.py:1833} INFO - Sync 1 DAGs
[2023-11-10 14:26:47,623] {logging_mixin.py:109} INFO - [2023-11-10 14:26:47,623] {dag.py:2306} INFO - Setting next_dagrun for example_task_group to 2023-11-08 00:00:00+00:00
[2023-11-10 14:26:47,633] {processor.py:170} INFO - Processing /home/airflow/.local/lib/python3.6/site-packages/airflow/example_dags/example_task_group.py took 0.067 seconds
