[2023-11-10 14:23:10,939] {processor.py:162} INFO - Started process (PID=402) to work on /home/airflow/.local/lib/python3.6/site-packages/airflow/example_dags/example_xcom.py
[2023-11-10 14:23:10,941] {processor.py:613} INFO - Processing file /home/airflow/.local/lib/python3.6/site-packages/airflow/example_dags/example_xcom.py for tasks to queue
[2023-11-10 14:23:10,942] {logging_mixin.py:109} INFO - [2023-11-10 14:23:10,942] {dagbag.py:496} INFO - Filling up the DagBag from /home/airflow/.local/lib/python3.6/site-packages/airflow/example_dags/example_xcom.py
[2023-11-10 14:23:10,955] {processor.py:623} INFO - DAG(s) dict_keys(['example_xcom']) retrieved from /home/airflow/.local/lib/python3.6/site-packages/airflow/example_dags/example_xcom.py
[2023-11-10 14:23:12,821] {logging_mixin.py:109} INFO - [2023-11-10 14:23:12,819] {dag.py:1833} INFO - Sync 1 DAGs
[2023-11-10 14:23:12,835] {logging_mixin.py:109} INFO - [2023-11-10 14:23:12,833] {dag.py:1852} INFO - Creating ORM DAG for example_xcom
[2023-11-10 14:23:12,842] {logging_mixin.py:109} INFO - [2023-11-10 14:23:12,841] {dag.py:2306} INFO - Setting next_dagrun for example_xcom to 2023-11-08 00:00:00+00:00
[2023-11-10 14:23:12,855] {processor.py:170} INFO - Processing /home/airflow/.local/lib/python3.6/site-packages/airflow/example_dags/example_xcom.py took 1.919 seconds
[2023-11-10 14:23:43,256] {processor.py:162} INFO - Started process (PID=511) to work on /home/airflow/.local/lib/python3.6/site-packages/airflow/example_dags/example_xcom.py
[2023-11-10 14:23:43,258] {processor.py:613} INFO - Processing file /home/airflow/.local/lib/python3.6/site-packages/airflow/example_dags/example_xcom.py for tasks to queue
[2023-11-10 14:23:43,260] {logging_mixin.py:109} INFO - [2023-11-10 14:23:43,260] {dagbag.py:496} INFO - Filling up the DagBag from /home/airflow/.local/lib/python3.6/site-packages/airflow/example_dags/example_xcom.py
[2023-11-10 14:23:43,276] {processor.py:623} INFO - DAG(s) dict_keys(['example_xcom']) retrieved from /home/airflow/.local/lib/python3.6/site-packages/airflow/example_dags/example_xcom.py
[2023-11-10 14:23:43,295] {logging_mixin.py:109} INFO - [2023-11-10 14:23:43,295] {dag.py:1833} INFO - Sync 1 DAGs
[2023-11-10 14:23:43,309] {logging_mixin.py:109} INFO - [2023-11-10 14:23:43,309] {dag.py:2306} INFO - Setting next_dagrun for example_xcom to 2023-11-08 00:00:00+00:00
[2023-11-10 14:23:43,318] {processor.py:170} INFO - Processing /home/airflow/.local/lib/python3.6/site-packages/airflow/example_dags/example_xcom.py took 0.069 seconds
[2023-11-10 14:24:13,524] {processor.py:162} INFO - Started process (PID=562) to work on /home/airflow/.local/lib/python3.6/site-packages/airflow/example_dags/example_xcom.py
[2023-11-10 14:24:13,525] {processor.py:613} INFO - Processing file /home/airflow/.local/lib/python3.6/site-packages/airflow/example_dags/example_xcom.py for tasks to queue
[2023-11-10 14:24:13,526] {logging_mixin.py:109} INFO - [2023-11-10 14:24:13,526] {dagbag.py:496} INFO - Filling up the DagBag from /home/airflow/.local/lib/python3.6/site-packages/airflow/example_dags/example_xcom.py
[2023-11-10 14:24:13,541] {processor.py:623} INFO - DAG(s) dict_keys(['example_xcom']) retrieved from /home/airflow/.local/lib/python3.6/site-packages/airflow/example_dags/example_xcom.py
[2023-11-10 14:24:13,562] {logging_mixin.py:109} INFO - [2023-11-10 14:24:13,562] {dag.py:1833} INFO - Sync 1 DAGs
[2023-11-10 14:24:13,583] {logging_mixin.py:109} INFO - [2023-11-10 14:24:13,583] {dag.py:2306} INFO - Setting next_dagrun for example_xcom to 2023-11-08 00:00:00+00:00
[2023-11-10 14:24:13,593] {processor.py:170} INFO - Processing /home/airflow/.local/lib/python3.6/site-packages/airflow/example_dags/example_xcom.py took 0.073 seconds
[2023-11-10 14:24:43,852] {processor.py:162} INFO - Started process (PID=623) to work on /home/airflow/.local/lib/python3.6/site-packages/airflow/example_dags/example_xcom.py
[2023-11-10 14:24:43,854] {processor.py:613} INFO - Processing file /home/airflow/.local/lib/python3.6/site-packages/airflow/example_dags/example_xcom.py for tasks to queue
[2023-11-10 14:24:43,855] {logging_mixin.py:109} INFO - [2023-11-10 14:24:43,855] {dagbag.py:496} INFO - Filling up the DagBag from /home/airflow/.local/lib/python3.6/site-packages/airflow/example_dags/example_xcom.py
[2023-11-10 14:24:43,870] {processor.py:623} INFO - DAG(s) dict_keys(['example_xcom']) retrieved from /home/airflow/.local/lib/python3.6/site-packages/airflow/example_dags/example_xcom.py
[2023-11-10 14:24:43,889] {logging_mixin.py:109} INFO - [2023-11-10 14:24:43,888] {dag.py:1833} INFO - Sync 1 DAGs
[2023-11-10 14:24:43,902] {logging_mixin.py:109} INFO - [2023-11-10 14:24:43,902] {dag.py:2306} INFO - Setting next_dagrun for example_xcom to 2023-11-08 00:00:00+00:00
[2023-11-10 14:24:43,911] {processor.py:170} INFO - Processing /home/airflow/.local/lib/python3.6/site-packages/airflow/example_dags/example_xcom.py took 0.062 seconds
[2023-11-10 14:25:14,200] {processor.py:162} INFO - Started process (PID=674) to work on /home/airflow/.local/lib/python3.6/site-packages/airflow/example_dags/example_xcom.py
[2023-11-10 14:25:14,204] {processor.py:613} INFO - Processing file /home/airflow/.local/lib/python3.6/site-packages/airflow/example_dags/example_xcom.py for tasks to queue
[2023-11-10 14:25:14,207] {logging_mixin.py:109} INFO - [2023-11-10 14:25:14,206] {dagbag.py:496} INFO - Filling up the DagBag from /home/airflow/.local/lib/python3.6/site-packages/airflow/example_dags/example_xcom.py
[2023-11-10 14:25:14,232] {processor.py:623} INFO - DAG(s) dict_keys(['example_xcom']) retrieved from /home/airflow/.local/lib/python3.6/site-packages/airflow/example_dags/example_xcom.py
[2023-11-10 14:25:14,257] {logging_mixin.py:109} INFO - [2023-11-10 14:25:14,257] {dag.py:1833} INFO - Sync 1 DAGs
[2023-11-10 14:25:14,277] {logging_mixin.py:109} INFO - [2023-11-10 14:25:14,277] {dag.py:2306} INFO - Setting next_dagrun for example_xcom to 2023-11-08 00:00:00+00:00
[2023-11-10 14:25:14,288] {processor.py:170} INFO - Processing /home/airflow/.local/lib/python3.6/site-packages/airflow/example_dags/example_xcom.py took 0.097 seconds
[2023-11-10 14:25:44,765] {processor.py:162} INFO - Started process (PID=735) to work on /home/airflow/.local/lib/python3.6/site-packages/airflow/example_dags/example_xcom.py
[2023-11-10 14:25:44,767] {processor.py:613} INFO - Processing file /home/airflow/.local/lib/python3.6/site-packages/airflow/example_dags/example_xcom.py for tasks to queue
[2023-11-10 14:25:44,768] {logging_mixin.py:109} INFO - [2023-11-10 14:25:44,768] {dagbag.py:496} INFO - Filling up the DagBag from /home/airflow/.local/lib/python3.6/site-packages/airflow/example_dags/example_xcom.py
[2023-11-10 14:25:44,781] {processor.py:623} INFO - DAG(s) dict_keys(['example_xcom']) retrieved from /home/airflow/.local/lib/python3.6/site-packages/airflow/example_dags/example_xcom.py
[2023-11-10 14:25:44,798] {logging_mixin.py:109} INFO - [2023-11-10 14:25:44,798] {dag.py:1833} INFO - Sync 1 DAGs
[2023-11-10 14:25:44,812] {logging_mixin.py:109} INFO - [2023-11-10 14:25:44,812] {dag.py:2306} INFO - Setting next_dagrun for example_xcom to 2023-11-08 00:00:00+00:00
[2023-11-10 14:25:44,822] {processor.py:170} INFO - Processing /home/airflow/.local/lib/python3.6/site-packages/airflow/example_dags/example_xcom.py took 0.059 seconds
[2023-11-10 14:26:15,025] {processor.py:162} INFO - Started process (PID=796) to work on /home/airflow/.local/lib/python3.6/site-packages/airflow/example_dags/example_xcom.py
[2023-11-10 14:26:15,026] {processor.py:613} INFO - Processing file /home/airflow/.local/lib/python3.6/site-packages/airflow/example_dags/example_xcom.py for tasks to queue
[2023-11-10 14:26:15,027] {logging_mixin.py:109} INFO - [2023-11-10 14:26:15,027] {dagbag.py:496} INFO - Filling up the DagBag from /home/airflow/.local/lib/python3.6/site-packages/airflow/example_dags/example_xcom.py
[2023-11-10 14:26:15,042] {processor.py:623} INFO - DAG(s) dict_keys(['example_xcom']) retrieved from /home/airflow/.local/lib/python3.6/site-packages/airflow/example_dags/example_xcom.py
[2023-11-10 14:26:15,066] {logging_mixin.py:109} INFO - [2023-11-10 14:26:15,066] {dag.py:1833} INFO - Sync 1 DAGs
[2023-11-10 14:26:15,089] {logging_mixin.py:109} INFO - [2023-11-10 14:26:15,089] {dag.py:2306} INFO - Setting next_dagrun for example_xcom to 2023-11-08 00:00:00+00:00
[2023-11-10 14:26:15,101] {processor.py:170} INFO - Processing /home/airflow/.local/lib/python3.6/site-packages/airflow/example_dags/example_xcom.py took 0.082 seconds
[2023-11-10 14:26:45,547] {processor.py:162} INFO - Started process (PID=846) to work on /home/airflow/.local/lib/python3.6/site-packages/airflow/example_dags/example_xcom.py
[2023-11-10 14:26:45,550] {processor.py:613} INFO - Processing file /home/airflow/.local/lib/python3.6/site-packages/airflow/example_dags/example_xcom.py for tasks to queue
[2023-11-10 14:26:45,552] {logging_mixin.py:109} INFO - [2023-11-10 14:26:45,552] {dagbag.py:496} INFO - Filling up the DagBag from /home/airflow/.local/lib/python3.6/site-packages/airflow/example_dags/example_xcom.py
[2023-11-10 14:26:45,572] {processor.py:623} INFO - DAG(s) dict_keys(['example_xcom']) retrieved from /home/airflow/.local/lib/python3.6/site-packages/airflow/example_dags/example_xcom.py
[2023-11-10 14:26:45,589] {logging_mixin.py:109} INFO - [2023-11-10 14:26:45,589] {dag.py:1833} INFO - Sync 1 DAGs
[2023-11-10 14:26:45,606] {logging_mixin.py:109} INFO - [2023-11-10 14:26:45,606] {dag.py:2306} INFO - Setting next_dagrun for example_xcom to 2023-11-08 00:00:00+00:00
[2023-11-10 14:26:45,616] {processor.py:170} INFO - Processing /home/airflow/.local/lib/python3.6/site-packages/airflow/example_dags/example_xcom.py took 0.074 seconds
