[2023-11-10 14:22:53,652] {processor.py:162} INFO - Started process (PID=147) to work on /home/airflow/.local/lib/python3.6/site-packages/airflow/example_dags/example_kubernetes_executor_config.py
[2023-11-10 14:22:53,654] {processor.py:613} INFO - Processing file /home/airflow/.local/lib/python3.6/site-packages/airflow/example_dags/example_kubernetes_executor_config.py for tasks to queue
[2023-11-10 14:22:53,655] {logging_mixin.py:109} INFO - [2023-11-10 14:22:53,655] {dagbag.py:496} INFO - Filling up the DagBag from /home/airflow/.local/lib/python3.6/site-packages/airflow/example_dags/example_kubernetes_executor_config.py
[2023-11-10 14:22:53,672] {processor.py:623} INFO - DAG(s) dict_keys(['example_kubernetes_executor_config']) retrieved from /home/airflow/.local/lib/python3.6/site-packages/airflow/example_dags/example_kubernetes_executor_config.py
[2023-11-10 14:22:55,602] {logging_mixin.py:109} INFO - [2023-11-10 14:22:55,601] {dag.py:1833} INFO - Sync 1 DAGs
[2023-11-10 14:22:55,615] {logging_mixin.py:109} INFO - [2023-11-10 14:22:55,614] {dag.py:1852} INFO - Creating ORM DAG for example_kubernetes_executor_config
[2023-11-10 14:22:55,621] {logging_mixin.py:109} INFO - [2023-11-10 14:22:55,620] {dag.py:2306} INFO - Setting next_dagrun for example_kubernetes_executor_config to None
[2023-11-10 14:22:55,631] {processor.py:170} INFO - Processing /home/airflow/.local/lib/python3.6/site-packages/airflow/example_dags/example_kubernetes_executor_config.py took 1.983 seconds
[2023-11-10 14:23:26,043] {processor.py:162} INFO - Started process (PID=473) to work on /home/airflow/.local/lib/python3.6/site-packages/airflow/example_dags/example_kubernetes_executor_config.py
[2023-11-10 14:23:26,047] {processor.py:613} INFO - Processing file /home/airflow/.local/lib/python3.6/site-packages/airflow/example_dags/example_kubernetes_executor_config.py for tasks to queue
[2023-11-10 14:23:26,049] {logging_mixin.py:109} INFO - [2023-11-10 14:23:26,048] {dagbag.py:496} INFO - Filling up the DagBag from /home/airflow/.local/lib/python3.6/site-packages/airflow/example_dags/example_kubernetes_executor_config.py
[2023-11-10 14:23:26,065] {processor.py:623} INFO - DAG(s) dict_keys(['example_kubernetes_executor_config']) retrieved from /home/airflow/.local/lib/python3.6/site-packages/airflow/example_dags/example_kubernetes_executor_config.py
[2023-11-10 14:23:26,083] {logging_mixin.py:109} INFO - [2023-11-10 14:23:26,082] {dag.py:1833} INFO - Sync 1 DAGs
[2023-11-10 14:23:26,094] {logging_mixin.py:109} INFO - [2023-11-10 14:23:26,094] {dag.py:2306} INFO - Setting next_dagrun for example_kubernetes_executor_config to None
[2023-11-10 14:23:26,104] {processor.py:170} INFO - Processing /home/airflow/.local/lib/python3.6/site-packages/airflow/example_dags/example_kubernetes_executor_config.py took 0.072 seconds
[2023-11-10 14:23:56,742] {processor.py:162} INFO - Started process (PID=534) to work on /home/airflow/.local/lib/python3.6/site-packages/airflow/example_dags/example_kubernetes_executor_config.py
[2023-11-10 14:23:56,744] {processor.py:613} INFO - Processing file /home/airflow/.local/lib/python3.6/site-packages/airflow/example_dags/example_kubernetes_executor_config.py for tasks to queue
[2023-11-10 14:23:56,744] {logging_mixin.py:109} INFO - [2023-11-10 14:23:56,744] {dagbag.py:496} INFO - Filling up the DagBag from /home/airflow/.local/lib/python3.6/site-packages/airflow/example_dags/example_kubernetes_executor_config.py
[2023-11-10 14:23:56,759] {processor.py:623} INFO - DAG(s) dict_keys(['example_kubernetes_executor_config']) retrieved from /home/airflow/.local/lib/python3.6/site-packages/airflow/example_dags/example_kubernetes_executor_config.py
[2023-11-10 14:23:56,777] {logging_mixin.py:109} INFO - [2023-11-10 14:23:56,777] {dag.py:1833} INFO - Sync 1 DAGs
[2023-11-10 14:23:56,790] {logging_mixin.py:109} INFO - [2023-11-10 14:23:56,789] {dag.py:2306} INFO - Setting next_dagrun for example_kubernetes_executor_config to None
[2023-11-10 14:23:56,800] {processor.py:170} INFO - Processing /home/airflow/.local/lib/python3.6/site-packages/airflow/example_dags/example_kubernetes_executor_config.py took 0.060 seconds
[2023-11-10 14:24:27,034] {processor.py:162} INFO - Started process (PID=585) to work on /home/airflow/.local/lib/python3.6/site-packages/airflow/example_dags/example_kubernetes_executor_config.py
[2023-11-10 14:24:27,038] {processor.py:613} INFO - Processing file /home/airflow/.local/lib/python3.6/site-packages/airflow/example_dags/example_kubernetes_executor_config.py for tasks to queue
[2023-11-10 14:24:27,041] {logging_mixin.py:109} INFO - [2023-11-10 14:24:27,040] {dagbag.py:496} INFO - Filling up the DagBag from /home/airflow/.local/lib/python3.6/site-packages/airflow/example_dags/example_kubernetes_executor_config.py
[2023-11-10 14:24:27,066] {processor.py:623} INFO - DAG(s) dict_keys(['example_kubernetes_executor_config']) retrieved from /home/airflow/.local/lib/python3.6/site-packages/airflow/example_dags/example_kubernetes_executor_config.py
[2023-11-10 14:24:27,086] {logging_mixin.py:109} INFO - [2023-11-10 14:24:27,086] {dag.py:1833} INFO - Sync 1 DAGs
[2023-11-10 14:24:27,102] {logging_mixin.py:109} INFO - [2023-11-10 14:24:27,102] {dag.py:2306} INFO - Setting next_dagrun for example_kubernetes_executor_config to None
[2023-11-10 14:24:27,113] {processor.py:170} INFO - Processing /home/airflow/.local/lib/python3.6/site-packages/airflow/example_dags/example_kubernetes_executor_config.py took 0.091 seconds
[2023-11-10 14:24:57,341] {processor.py:162} INFO - Started process (PID=646) to work on /home/airflow/.local/lib/python3.6/site-packages/airflow/example_dags/example_kubernetes_executor_config.py
[2023-11-10 14:24:57,343] {processor.py:613} INFO - Processing file /home/airflow/.local/lib/python3.6/site-packages/airflow/example_dags/example_kubernetes_executor_config.py for tasks to queue
[2023-11-10 14:24:57,345] {logging_mixin.py:109} INFO - [2023-11-10 14:24:57,344] {dagbag.py:496} INFO - Filling up the DagBag from /home/airflow/.local/lib/python3.6/site-packages/airflow/example_dags/example_kubernetes_executor_config.py
[2023-11-10 14:24:57,358] {processor.py:623} INFO - DAG(s) dict_keys(['example_kubernetes_executor_config']) retrieved from /home/airflow/.local/lib/python3.6/site-packages/airflow/example_dags/example_kubernetes_executor_config.py
[2023-11-10 14:24:57,376] {logging_mixin.py:109} INFO - [2023-11-10 14:24:57,376] {dag.py:1833} INFO - Sync 1 DAGs
[2023-11-10 14:24:57,393] {logging_mixin.py:109} INFO - [2023-11-10 14:24:57,393] {dag.py:2306} INFO - Setting next_dagrun for example_kubernetes_executor_config to None
[2023-11-10 14:24:57,406] {processor.py:170} INFO - Processing /home/airflow/.local/lib/python3.6/site-packages/airflow/example_dags/example_kubernetes_executor_config.py took 0.070 seconds
[2023-11-10 14:25:27,673] {processor.py:162} INFO - Started process (PID=707) to work on /home/airflow/.local/lib/python3.6/site-packages/airflow/example_dags/example_kubernetes_executor_config.py
[2023-11-10 14:25:27,674] {processor.py:613} INFO - Processing file /home/airflow/.local/lib/python3.6/site-packages/airflow/example_dags/example_kubernetes_executor_config.py for tasks to queue
[2023-11-10 14:25:27,675] {logging_mixin.py:109} INFO - [2023-11-10 14:25:27,675] {dagbag.py:496} INFO - Filling up the DagBag from /home/airflow/.local/lib/python3.6/site-packages/airflow/example_dags/example_kubernetes_executor_config.py
[2023-11-10 14:25:27,687] {processor.py:623} INFO - DAG(s) dict_keys(['example_kubernetes_executor_config']) retrieved from /home/airflow/.local/lib/python3.6/site-packages/airflow/example_dags/example_kubernetes_executor_config.py
[2023-11-10 14:25:27,705] {logging_mixin.py:109} INFO - [2023-11-10 14:25:27,705] {dag.py:1833} INFO - Sync 1 DAGs
[2023-11-10 14:25:27,718] {logging_mixin.py:109} INFO - [2023-11-10 14:25:27,718] {dag.py:2306} INFO - Setting next_dagrun for example_kubernetes_executor_config to None
[2023-11-10 14:25:27,729] {processor.py:170} INFO - Processing /home/airflow/.local/lib/python3.6/site-packages/airflow/example_dags/example_kubernetes_executor_config.py took 0.059 seconds
[2023-11-10 14:25:58,294] {processor.py:162} INFO - Started process (PID=758) to work on /home/airflow/.local/lib/python3.6/site-packages/airflow/example_dags/example_kubernetes_executor_config.py
[2023-11-10 14:25:58,296] {processor.py:613} INFO - Processing file /home/airflow/.local/lib/python3.6/site-packages/airflow/example_dags/example_kubernetes_executor_config.py for tasks to queue
[2023-11-10 14:25:58,297] {logging_mixin.py:109} INFO - [2023-11-10 14:25:58,297] {dagbag.py:496} INFO - Filling up the DagBag from /home/airflow/.local/lib/python3.6/site-packages/airflow/example_dags/example_kubernetes_executor_config.py
[2023-11-10 14:25:58,313] {processor.py:623} INFO - DAG(s) dict_keys(['example_kubernetes_executor_config']) retrieved from /home/airflow/.local/lib/python3.6/site-packages/airflow/example_dags/example_kubernetes_executor_config.py
[2023-11-10 14:25:58,332] {logging_mixin.py:109} INFO - [2023-11-10 14:25:58,332] {dag.py:1833} INFO - Sync 1 DAGs
[2023-11-10 14:25:58,346] {logging_mixin.py:109} INFO - [2023-11-10 14:25:58,346] {dag.py:2306} INFO - Setting next_dagrun for example_kubernetes_executor_config to None
[2023-11-10 14:25:58,356] {processor.py:170} INFO - Processing /home/airflow/.local/lib/python3.6/site-packages/airflow/example_dags/example_kubernetes_executor_config.py took 0.065 seconds
[2023-11-10 14:26:28,499] {processor.py:162} INFO - Started process (PID=818) to work on /home/airflow/.local/lib/python3.6/site-packages/airflow/example_dags/example_kubernetes_executor_config.py
[2023-11-10 14:26:28,500] {processor.py:613} INFO - Processing file /home/airflow/.local/lib/python3.6/site-packages/airflow/example_dags/example_kubernetes_executor_config.py for tasks to queue
[2023-11-10 14:26:28,501] {logging_mixin.py:109} INFO - [2023-11-10 14:26:28,501] {dagbag.py:496} INFO - Filling up the DagBag from /home/airflow/.local/lib/python3.6/site-packages/airflow/example_dags/example_kubernetes_executor_config.py
[2023-11-10 14:26:28,514] {processor.py:623} INFO - DAG(s) dict_keys(['example_kubernetes_executor_config']) retrieved from /home/airflow/.local/lib/python3.6/site-packages/airflow/example_dags/example_kubernetes_executor_config.py
[2023-11-10 14:26:28,533] {logging_mixin.py:109} INFO - [2023-11-10 14:26:28,533] {dag.py:1833} INFO - Sync 1 DAGs
[2023-11-10 14:26:28,549] {logging_mixin.py:109} INFO - [2023-11-10 14:26:28,549] {dag.py:2306} INFO - Setting next_dagrun for example_kubernetes_executor_config to None
[2023-11-10 14:26:28,559] {processor.py:170} INFO - Processing /home/airflow/.local/lib/python3.6/site-packages/airflow/example_dags/example_kubernetes_executor_config.py took 0.063 seconds
[2023-11-10 14:26:59,007] {processor.py:162} INFO - Started process (PID=869) to work on /home/airflow/.local/lib/python3.6/site-packages/airflow/example_dags/example_kubernetes_executor_config.py
[2023-11-10 14:26:59,009] {processor.py:613} INFO - Processing file /home/airflow/.local/lib/python3.6/site-packages/airflow/example_dags/example_kubernetes_executor_config.py for tasks to queue
[2023-11-10 14:26:59,010] {logging_mixin.py:109} INFO - [2023-11-10 14:26:59,010] {dagbag.py:496} INFO - Filling up the DagBag from /home/airflow/.local/lib/python3.6/site-packages/airflow/example_dags/example_kubernetes_executor_config.py
[2023-11-10 14:26:59,025] {processor.py:623} INFO - DAG(s) dict_keys(['example_kubernetes_executor_config']) retrieved from /home/airflow/.local/lib/python3.6/site-packages/airflow/example_dags/example_kubernetes_executor_config.py
[2023-11-10 14:26:59,048] {logging_mixin.py:109} INFO - [2023-11-10 14:26:59,048] {dag.py:1833} INFO - Sync 1 DAGs
[2023-11-10 14:26:59,063] {logging_mixin.py:109} INFO - [2023-11-10 14:26:59,063] {dag.py:2306} INFO - Setting next_dagrun for example_kubernetes_executor_config to None
[2023-11-10 14:26:59,073] {processor.py:170} INFO - Processing /home/airflow/.local/lib/python3.6/site-packages/airflow/example_dags/example_kubernetes_executor_config.py took 0.070 seconds
