[2023-11-10 14:23:09,520] {processor.py:162} INFO - Started process (PID=388) to work on /home/airflow/.local/lib/python3.6/site-packages/airflow/example_dags/example_branch_operator.py
[2023-11-10 14:23:09,521] {processor.py:613} INFO - Processing file /home/airflow/.local/lib/python3.6/site-packages/airflow/example_dags/example_branch_operator.py for tasks to queue
[2023-11-10 14:23:09,522] {logging_mixin.py:109} INFO - [2023-11-10 14:23:09,522] {dagbag.py:496} INFO - Filling up the DagBag from /home/airflow/.local/lib/python3.6/site-packages/airflow/example_dags/example_branch_operator.py
[2023-11-10 14:23:09,538] {processor.py:623} INFO - DAG(s) dict_keys(['example_branch_operator']) retrieved from /home/airflow/.local/lib/python3.6/site-packages/airflow/example_dags/example_branch_operator.py
[2023-11-10 14:23:11,354] {logging_mixin.py:109} INFO - [2023-11-10 14:23:11,353] {dag.py:1833} INFO - Sync 1 DAGs
[2023-11-10 14:23:11,363] {logging_mixin.py:109} INFO - [2023-11-10 14:23:11,362] {dag.py:1852} INFO - Creating ORM DAG for example_branch_operator
[2023-11-10 14:23:11,370] {logging_mixin.py:109} INFO - [2023-11-10 14:23:11,370] {dag.py:2306} INFO - Setting next_dagrun for example_branch_operator to 2023-11-08 00:00:00+00:00
[2023-11-10 14:23:11,382] {processor.py:170} INFO - Processing /home/airflow/.local/lib/python3.6/site-packages/airflow/example_dags/example_branch_operator.py took 1.866 seconds
[2023-11-10 14:23:42,139] {processor.py:162} INFO - Started process (PID=510) to work on /home/airflow/.local/lib/python3.6/site-packages/airflow/example_dags/example_branch_operator.py
[2023-11-10 14:23:42,140] {processor.py:613} INFO - Processing file /home/airflow/.local/lib/python3.6/site-packages/airflow/example_dags/example_branch_operator.py for tasks to queue
[2023-11-10 14:23:42,141] {logging_mixin.py:109} INFO - [2023-11-10 14:23:42,141] {dagbag.py:496} INFO - Filling up the DagBag from /home/airflow/.local/lib/python3.6/site-packages/airflow/example_dags/example_branch_operator.py
[2023-11-10 14:23:42,155] {processor.py:623} INFO - DAG(s) dict_keys(['example_branch_operator']) retrieved from /home/airflow/.local/lib/python3.6/site-packages/airflow/example_dags/example_branch_operator.py
[2023-11-10 14:23:42,173] {logging_mixin.py:109} INFO - [2023-11-10 14:23:42,173] {dag.py:1833} INFO - Sync 1 DAGs
[2023-11-10 14:23:42,191] {logging_mixin.py:109} INFO - [2023-11-10 14:23:42,191] {dag.py:2306} INFO - Setting next_dagrun for example_branch_operator to 2023-11-08 00:00:00+00:00
[2023-11-10 14:23:42,203] {processor.py:170} INFO - Processing /home/airflow/.local/lib/python3.6/site-packages/airflow/example_dags/example_branch_operator.py took 0.068 seconds
[2023-11-10 14:24:12,455] {processor.py:162} INFO - Started process (PID=561) to work on /home/airflow/.local/lib/python3.6/site-packages/airflow/example_dags/example_branch_operator.py
[2023-11-10 14:24:12,456] {processor.py:613} INFO - Processing file /home/airflow/.local/lib/python3.6/site-packages/airflow/example_dags/example_branch_operator.py for tasks to queue
[2023-11-10 14:24:12,457] {logging_mixin.py:109} INFO - [2023-11-10 14:24:12,457] {dagbag.py:496} INFO - Filling up the DagBag from /home/airflow/.local/lib/python3.6/site-packages/airflow/example_dags/example_branch_operator.py
[2023-11-10 14:24:12,471] {processor.py:623} INFO - DAG(s) dict_keys(['example_branch_operator']) retrieved from /home/airflow/.local/lib/python3.6/site-packages/airflow/example_dags/example_branch_operator.py
[2023-11-10 14:24:12,488] {logging_mixin.py:109} INFO - [2023-11-10 14:24:12,488] {dag.py:1833} INFO - Sync 1 DAGs
[2023-11-10 14:24:12,505] {logging_mixin.py:109} INFO - [2023-11-10 14:24:12,505] {dag.py:2306} INFO - Setting next_dagrun for example_branch_operator to 2023-11-08 00:00:00+00:00
[2023-11-10 14:24:12,514] {processor.py:170} INFO - Processing /home/airflow/.local/lib/python3.6/site-packages/airflow/example_dags/example_branch_operator.py took 0.062 seconds
[2023-11-10 14:24:42,804] {processor.py:162} INFO - Started process (PID=622) to work on /home/airflow/.local/lib/python3.6/site-packages/airflow/example_dags/example_branch_operator.py
[2023-11-10 14:24:42,810] {processor.py:613} INFO - Processing file /home/airflow/.local/lib/python3.6/site-packages/airflow/example_dags/example_branch_operator.py for tasks to queue
[2023-11-10 14:24:42,813] {logging_mixin.py:109} INFO - [2023-11-10 14:24:42,813] {dagbag.py:496} INFO - Filling up the DagBag from /home/airflow/.local/lib/python3.6/site-packages/airflow/example_dags/example_branch_operator.py
[2023-11-10 14:24:42,845] {processor.py:623} INFO - DAG(s) dict_keys(['example_branch_operator']) retrieved from /home/airflow/.local/lib/python3.6/site-packages/airflow/example_dags/example_branch_operator.py
[2023-11-10 14:24:42,864] {logging_mixin.py:109} INFO - [2023-11-10 14:24:42,864] {dag.py:1833} INFO - Sync 1 DAGs
[2023-11-10 14:24:42,879] {logging_mixin.py:109} INFO - [2023-11-10 14:24:42,879] {dag.py:2306} INFO - Setting next_dagrun for example_branch_operator to 2023-11-08 00:00:00+00:00
[2023-11-10 14:24:42,888] {processor.py:170} INFO - Processing /home/airflow/.local/lib/python3.6/site-packages/airflow/example_dags/example_branch_operator.py took 0.094 seconds
[2023-11-10 14:25:13,110] {processor.py:162} INFO - Started process (PID=673) to work on /home/airflow/.local/lib/python3.6/site-packages/airflow/example_dags/example_branch_operator.py
[2023-11-10 14:25:13,112] {processor.py:613} INFO - Processing file /home/airflow/.local/lib/python3.6/site-packages/airflow/example_dags/example_branch_operator.py for tasks to queue
[2023-11-10 14:25:13,113] {logging_mixin.py:109} INFO - [2023-11-10 14:25:13,113] {dagbag.py:496} INFO - Filling up the DagBag from /home/airflow/.local/lib/python3.6/site-packages/airflow/example_dags/example_branch_operator.py
[2023-11-10 14:25:13,126] {processor.py:623} INFO - DAG(s) dict_keys(['example_branch_operator']) retrieved from /home/airflow/.local/lib/python3.6/site-packages/airflow/example_dags/example_branch_operator.py
[2023-11-10 14:25:13,145] {logging_mixin.py:109} INFO - [2023-11-10 14:25:13,145] {dag.py:1833} INFO - Sync 1 DAGs
[2023-11-10 14:25:13,159] {logging_mixin.py:109} INFO - [2023-11-10 14:25:13,159] {dag.py:2306} INFO - Setting next_dagrun for example_branch_operator to 2023-11-08 00:00:00+00:00
[2023-11-10 14:25:13,170] {processor.py:170} INFO - Processing /home/airflow/.local/lib/python3.6/site-packages/airflow/example_dags/example_branch_operator.py took 0.062 seconds
[2023-11-10 14:25:43,759] {processor.py:162} INFO - Started process (PID=734) to work on /home/airflow/.local/lib/python3.6/site-packages/airflow/example_dags/example_branch_operator.py
[2023-11-10 14:25:43,764] {processor.py:613} INFO - Processing file /home/airflow/.local/lib/python3.6/site-packages/airflow/example_dags/example_branch_operator.py for tasks to queue
[2023-11-10 14:25:43,766] {logging_mixin.py:109} INFO - [2023-11-10 14:25:43,766] {dagbag.py:496} INFO - Filling up the DagBag from /home/airflow/.local/lib/python3.6/site-packages/airflow/example_dags/example_branch_operator.py
[2023-11-10 14:25:43,791] {processor.py:623} INFO - DAG(s) dict_keys(['example_branch_operator']) retrieved from /home/airflow/.local/lib/python3.6/site-packages/airflow/example_dags/example_branch_operator.py
[2023-11-10 14:25:43,809] {logging_mixin.py:109} INFO - [2023-11-10 14:25:43,809] {dag.py:1833} INFO - Sync 1 DAGs
[2023-11-10 14:25:43,824] {logging_mixin.py:109} INFO - [2023-11-10 14:25:43,824] {dag.py:2306} INFO - Setting next_dagrun for example_branch_operator to 2023-11-08 00:00:00+00:00
[2023-11-10 14:25:43,834] {processor.py:170} INFO - Processing /home/airflow/.local/lib/python3.6/site-packages/airflow/example_dags/example_branch_operator.py took 0.084 seconds
[2023-11-10 14:26:13,940] {processor.py:162} INFO - Started process (PID=795) to work on /home/airflow/.local/lib/python3.6/site-packages/airflow/example_dags/example_branch_operator.py
[2023-11-10 14:26:13,942] {processor.py:613} INFO - Processing file /home/airflow/.local/lib/python3.6/site-packages/airflow/example_dags/example_branch_operator.py for tasks to queue
[2023-11-10 14:26:13,943] {logging_mixin.py:109} INFO - [2023-11-10 14:26:13,943] {dagbag.py:496} INFO - Filling up the DagBag from /home/airflow/.local/lib/python3.6/site-packages/airflow/example_dags/example_branch_operator.py
[2023-11-10 14:26:13,957] {processor.py:623} INFO - DAG(s) dict_keys(['example_branch_operator']) retrieved from /home/airflow/.local/lib/python3.6/site-packages/airflow/example_dags/example_branch_operator.py
[2023-11-10 14:26:13,974] {logging_mixin.py:109} INFO - [2023-11-10 14:26:13,974] {dag.py:1833} INFO - Sync 1 DAGs
[2023-11-10 14:26:13,989] {logging_mixin.py:109} INFO - [2023-11-10 14:26:13,989] {dag.py:2306} INFO - Setting next_dagrun for example_branch_operator to 2023-11-08 00:00:00+00:00
[2023-11-10 14:26:13,999] {processor.py:170} INFO - Processing /home/airflow/.local/lib/python3.6/site-packages/airflow/example_dags/example_branch_operator.py took 0.062 seconds
[2023-11-10 14:26:44,477] {processor.py:162} INFO - Started process (PID=845) to work on /home/airflow/.local/lib/python3.6/site-packages/airflow/example_dags/example_branch_operator.py
[2023-11-10 14:26:44,478] {processor.py:613} INFO - Processing file /home/airflow/.local/lib/python3.6/site-packages/airflow/example_dags/example_branch_operator.py for tasks to queue
[2023-11-10 14:26:44,479] {logging_mixin.py:109} INFO - [2023-11-10 14:26:44,479] {dagbag.py:496} INFO - Filling up the DagBag from /home/airflow/.local/lib/python3.6/site-packages/airflow/example_dags/example_branch_operator.py
[2023-11-10 14:26:44,492] {processor.py:623} INFO - DAG(s) dict_keys(['example_branch_operator']) retrieved from /home/airflow/.local/lib/python3.6/site-packages/airflow/example_dags/example_branch_operator.py
[2023-11-10 14:26:44,512] {logging_mixin.py:109} INFO - [2023-11-10 14:26:44,512] {dag.py:1833} INFO - Sync 1 DAGs
[2023-11-10 14:26:44,532] {logging_mixin.py:109} INFO - [2023-11-10 14:26:44,532] {dag.py:2306} INFO - Setting next_dagrun for example_branch_operator to 2023-11-08 00:00:00+00:00
[2023-11-10 14:26:44,544] {processor.py:170} INFO - Processing /home/airflow/.local/lib/python3.6/site-packages/airflow/example_dags/example_branch_operator.py took 0.070 seconds
