[2023-11-10 14:23:03,701] {processor.py:162} INFO - Started process (PID=300) to work on /home/airflow/.local/lib/python3.6/site-packages/airflow/example_dags/example_branch_datetime_operator.py
[2023-11-10 14:23:03,702] {processor.py:613} INFO - Processing file /home/airflow/.local/lib/python3.6/site-packages/airflow/example_dags/example_branch_datetime_operator.py for tasks to queue
[2023-11-10 14:23:03,703] {logging_mixin.py:109} INFO - [2023-11-10 14:23:03,703] {dagbag.py:496} INFO - Filling up the DagBag from /home/airflow/.local/lib/python3.6/site-packages/airflow/example_dags/example_branch_datetime_operator.py
[2023-11-10 14:23:03,714] {processor.py:623} INFO - DAG(s) dict_keys(['example_branch_datetime_operator_2']) retrieved from /home/airflow/.local/lib/python3.6/site-packages/airflow/example_dags/example_branch_datetime_operator.py
[2023-11-10 14:23:05,741] {logging_mixin.py:109} INFO - [2023-11-10 14:23:05,740] {dag.py:1833} INFO - Sync 1 DAGs
[2023-11-10 14:23:05,750] {logging_mixin.py:109} INFO - [2023-11-10 14:23:05,750] {dag.py:1852} INFO - Creating ORM DAG for example_branch_datetime_operator_2
[2023-11-10 14:23:05,757] {logging_mixin.py:109} INFO - [2023-11-10 14:23:05,757] {dag.py:2306} INFO - Setting next_dagrun for example_branch_datetime_operator_2 to 2023-11-08 00:00:00+00:00
[2023-11-10 14:23:05,766] {processor.py:170} INFO - Processing /home/airflow/.local/lib/python3.6/site-packages/airflow/example_dags/example_branch_datetime_operator.py took 2.068 seconds
[2023-11-10 14:23:36,685] {processor.py:162} INFO - Started process (PID=494) to work on /home/airflow/.local/lib/python3.6/site-packages/airflow/example_dags/example_branch_datetime_operator.py
[2023-11-10 14:23:36,688] {processor.py:613} INFO - Processing file /home/airflow/.local/lib/python3.6/site-packages/airflow/example_dags/example_branch_datetime_operator.py for tasks to queue
[2023-11-10 14:23:36,690] {logging_mixin.py:109} INFO - [2023-11-10 14:23:36,690] {dagbag.py:496} INFO - Filling up the DagBag from /home/airflow/.local/lib/python3.6/site-packages/airflow/example_dags/example_branch_datetime_operator.py
[2023-11-10 14:23:36,711] {processor.py:623} INFO - DAG(s) dict_keys(['example_branch_datetime_operator_2']) retrieved from /home/airflow/.local/lib/python3.6/site-packages/airflow/example_dags/example_branch_datetime_operator.py
[2023-11-10 14:23:36,737] {logging_mixin.py:109} INFO - [2023-11-10 14:23:36,737] {dag.py:1833} INFO - Sync 1 DAGs
[2023-11-10 14:23:36,756] {logging_mixin.py:109} INFO - [2023-11-10 14:23:36,756] {dag.py:2306} INFO - Setting next_dagrun for example_branch_datetime_operator_2 to 2023-11-08 00:00:00+00:00
[2023-11-10 14:23:36,766] {processor.py:170} INFO - Processing /home/airflow/.local/lib/python3.6/site-packages/airflow/example_dags/example_branch_datetime_operator.py took 0.092 seconds
[2023-11-10 14:24:07,122] {processor.py:162} INFO - Started process (PID=555) to work on /home/airflow/.local/lib/python3.6/site-packages/airflow/example_dags/example_branch_datetime_operator.py
[2023-11-10 14:24:07,123] {processor.py:613} INFO - Processing file /home/airflow/.local/lib/python3.6/site-packages/airflow/example_dags/example_branch_datetime_operator.py for tasks to queue
[2023-11-10 14:24:07,124] {logging_mixin.py:109} INFO - [2023-11-10 14:24:07,124] {dagbag.py:496} INFO - Filling up the DagBag from /home/airflow/.local/lib/python3.6/site-packages/airflow/example_dags/example_branch_datetime_operator.py
[2023-11-10 14:24:07,136] {processor.py:623} INFO - DAG(s) dict_keys(['example_branch_datetime_operator_2']) retrieved from /home/airflow/.local/lib/python3.6/site-packages/airflow/example_dags/example_branch_datetime_operator.py
[2023-11-10 14:24:07,155] {logging_mixin.py:109} INFO - [2023-11-10 14:24:07,155] {dag.py:1833} INFO - Sync 1 DAGs
[2023-11-10 14:24:07,178] {logging_mixin.py:109} INFO - [2023-11-10 14:24:07,178] {dag.py:2306} INFO - Setting next_dagrun for example_branch_datetime_operator_2 to 2023-11-08 00:00:00+00:00
[2023-11-10 14:24:07,193] {processor.py:170} INFO - Processing /home/airflow/.local/lib/python3.6/site-packages/airflow/example_dags/example_branch_datetime_operator.py took 0.073 seconds
[2023-11-10 14:24:37,405] {processor.py:162} INFO - Started process (PID=606) to work on /home/airflow/.local/lib/python3.6/site-packages/airflow/example_dags/example_branch_datetime_operator.py
[2023-11-10 14:24:37,407] {processor.py:613} INFO - Processing file /home/airflow/.local/lib/python3.6/site-packages/airflow/example_dags/example_branch_datetime_operator.py for tasks to queue
[2023-11-10 14:24:37,408] {logging_mixin.py:109} INFO - [2023-11-10 14:24:37,407] {dagbag.py:496} INFO - Filling up the DagBag from /home/airflow/.local/lib/python3.6/site-packages/airflow/example_dags/example_branch_datetime_operator.py
[2023-11-10 14:24:37,421] {processor.py:623} INFO - DAG(s) dict_keys(['example_branch_datetime_operator_2']) retrieved from /home/airflow/.local/lib/python3.6/site-packages/airflow/example_dags/example_branch_datetime_operator.py
[2023-11-10 14:24:37,438] {logging_mixin.py:109} INFO - [2023-11-10 14:24:37,438] {dag.py:1833} INFO - Sync 1 DAGs
[2023-11-10 14:24:37,454] {logging_mixin.py:109} INFO - [2023-11-10 14:24:37,454] {dag.py:2306} INFO - Setting next_dagrun for example_branch_datetime_operator_2 to 2023-11-08 00:00:00+00:00
[2023-11-10 14:24:37,464] {processor.py:170} INFO - Processing /home/airflow/.local/lib/python3.6/site-packages/airflow/example_dags/example_branch_datetime_operator.py took 0.062 seconds
[2023-11-10 14:25:07,767] {processor.py:162} INFO - Started process (PID=667) to work on /home/airflow/.local/lib/python3.6/site-packages/airflow/example_dags/example_branch_datetime_operator.py
[2023-11-10 14:25:07,776] {processor.py:613} INFO - Processing file /home/airflow/.local/lib/python3.6/site-packages/airflow/example_dags/example_branch_datetime_operator.py for tasks to queue
[2023-11-10 14:25:07,779] {logging_mixin.py:109} INFO - [2023-11-10 14:25:07,779] {dagbag.py:496} INFO - Filling up the DagBag from /home/airflow/.local/lib/python3.6/site-packages/airflow/example_dags/example_branch_datetime_operator.py
[2023-11-10 14:25:07,804] {processor.py:623} INFO - DAG(s) dict_keys(['example_branch_datetime_operator_2']) retrieved from /home/airflow/.local/lib/python3.6/site-packages/airflow/example_dags/example_branch_datetime_operator.py
[2023-11-10 14:25:07,823] {logging_mixin.py:109} INFO - [2023-11-10 14:25:07,823] {dag.py:1833} INFO - Sync 1 DAGs
[2023-11-10 14:25:07,839] {logging_mixin.py:109} INFO - [2023-11-10 14:25:07,839] {dag.py:2306} INFO - Setting next_dagrun for example_branch_datetime_operator_2 to 2023-11-08 00:00:00+00:00
[2023-11-10 14:25:07,849] {processor.py:170} INFO - Processing /home/airflow/.local/lib/python3.6/site-packages/airflow/example_dags/example_branch_datetime_operator.py took 0.093 seconds
[2023-11-10 14:25:38,312] {processor.py:162} INFO - Started process (PID=728) to work on /home/airflow/.local/lib/python3.6/site-packages/airflow/example_dags/example_branch_datetime_operator.py
[2023-11-10 14:25:38,314] {processor.py:613} INFO - Processing file /home/airflow/.local/lib/python3.6/site-packages/airflow/example_dags/example_branch_datetime_operator.py for tasks to queue
[2023-11-10 14:25:38,315] {logging_mixin.py:109} INFO - [2023-11-10 14:25:38,314] {dagbag.py:496} INFO - Filling up the DagBag from /home/airflow/.local/lib/python3.6/site-packages/airflow/example_dags/example_branch_datetime_operator.py
[2023-11-10 14:25:38,331] {processor.py:623} INFO - DAG(s) dict_keys(['example_branch_datetime_operator_2']) retrieved from /home/airflow/.local/lib/python3.6/site-packages/airflow/example_dags/example_branch_datetime_operator.py
[2023-11-10 14:25:38,357] {logging_mixin.py:109} INFO - [2023-11-10 14:25:38,357] {dag.py:1833} INFO - Sync 1 DAGs
[2023-11-10 14:25:38,384] {logging_mixin.py:109} INFO - [2023-11-10 14:25:38,384] {dag.py:2306} INFO - Setting next_dagrun for example_branch_datetime_operator_2 to 2023-11-08 00:00:00+00:00
[2023-11-10 14:25:38,395] {processor.py:170} INFO - Processing /home/airflow/.local/lib/python3.6/site-packages/airflow/example_dags/example_branch_datetime_operator.py took 0.086 seconds
[2023-11-10 14:26:08,711] {processor.py:162} INFO - Started process (PID=779) to work on /home/airflow/.local/lib/python3.6/site-packages/airflow/example_dags/example_branch_datetime_operator.py
[2023-11-10 14:26:08,716] {processor.py:613} INFO - Processing file /home/airflow/.local/lib/python3.6/site-packages/airflow/example_dags/example_branch_datetime_operator.py for tasks to queue
[2023-11-10 14:26:08,718] {logging_mixin.py:109} INFO - [2023-11-10 14:26:08,718] {dagbag.py:496} INFO - Filling up the DagBag from /home/airflow/.local/lib/python3.6/site-packages/airflow/example_dags/example_branch_datetime_operator.py
[2023-11-10 14:26:08,740] {processor.py:623} INFO - DAG(s) dict_keys(['example_branch_datetime_operator_2']) retrieved from /home/airflow/.local/lib/python3.6/site-packages/airflow/example_dags/example_branch_datetime_operator.py
[2023-11-10 14:26:08,761] {logging_mixin.py:109} INFO - [2023-11-10 14:26:08,761] {dag.py:1833} INFO - Sync 1 DAGs
[2023-11-10 14:26:08,781] {logging_mixin.py:109} INFO - [2023-11-10 14:26:08,781] {dag.py:2306} INFO - Setting next_dagrun for example_branch_datetime_operator_2 to 2023-11-08 00:00:00+00:00
[2023-11-10 14:26:08,799] {processor.py:170} INFO - Processing /home/airflow/.local/lib/python3.6/site-packages/airflow/example_dags/example_branch_datetime_operator.py took 0.099 seconds
[2023-11-10 14:26:39,084] {processor.py:162} INFO - Started process (PID=839) to work on /home/airflow/.local/lib/python3.6/site-packages/airflow/example_dags/example_branch_datetime_operator.py
[2023-11-10 14:26:39,088] {processor.py:613} INFO - Processing file /home/airflow/.local/lib/python3.6/site-packages/airflow/example_dags/example_branch_datetime_operator.py for tasks to queue
[2023-11-10 14:26:39,091] {logging_mixin.py:109} INFO - [2023-11-10 14:26:39,091] {dagbag.py:496} INFO - Filling up the DagBag from /home/airflow/.local/lib/python3.6/site-packages/airflow/example_dags/example_branch_datetime_operator.py
[2023-11-10 14:26:39,115] {processor.py:623} INFO - DAG(s) dict_keys(['example_branch_datetime_operator_2']) retrieved from /home/airflow/.local/lib/python3.6/site-packages/airflow/example_dags/example_branch_datetime_operator.py
[2023-11-10 14:26:39,135] {logging_mixin.py:109} INFO - [2023-11-10 14:26:39,135] {dag.py:1833} INFO - Sync 1 DAGs
[2023-11-10 14:26:39,152] {logging_mixin.py:109} INFO - [2023-11-10 14:26:39,152] {dag.py:2306} INFO - Setting next_dagrun for example_branch_datetime_operator_2 to 2023-11-08 00:00:00+00:00
[2023-11-10 14:26:39,163] {processor.py:170} INFO - Processing /home/airflow/.local/lib/python3.6/site-packages/airflow/example_dags/example_branch_datetime_operator.py took 0.088 seconds
