[2023-11-10 14:23:01,106] {processor.py:162} INFO - Started process (PID=261) to work on /home/airflow/.local/lib/python3.6/site-packages/airflow/example_dags/example_trigger_target_dag.py
[2023-11-10 14:23:01,108] {processor.py:613} INFO - Processing file /home/airflow/.local/lib/python3.6/site-packages/airflow/example_dags/example_trigger_target_dag.py for tasks to queue
[2023-11-10 14:23:01,109] {logging_mixin.py:109} INFO - [2023-11-10 14:23:01,109] {dagbag.py:496} INFO - Filling up the DagBag from /home/airflow/.local/lib/python3.6/site-packages/airflow/example_dags/example_trigger_target_dag.py
[2023-11-10 14:23:01,125] {processor.py:623} INFO - DAG(s) dict_keys(['example_trigger_target_dag']) retrieved from /home/airflow/.local/lib/python3.6/site-packages/airflow/example_dags/example_trigger_target_dag.py
[2023-11-10 14:23:02,872] {logging_mixin.py:109} INFO - [2023-11-10 14:23:02,871] {dag.py:1833} INFO - Sync 1 DAGs
[2023-11-10 14:23:02,883] {logging_mixin.py:109} INFO - [2023-11-10 14:23:02,882] {dag.py:1852} INFO - Creating ORM DAG for example_trigger_target_dag
[2023-11-10 14:23:02,889] {logging_mixin.py:109} INFO - [2023-11-10 14:23:02,889] {dag.py:2306} INFO - Setting next_dagrun for example_trigger_target_dag to None
[2023-11-10 14:23:02,898] {processor.py:170} INFO - Processing /home/airflow/.local/lib/python3.6/site-packages/airflow/example_dags/example_trigger_target_dag.py took 1.796 seconds
[2023-11-10 14:23:33,523] {processor.py:162} INFO - Started process (PID=491) to work on /home/airflow/.local/lib/python3.6/site-packages/airflow/example_dags/example_trigger_target_dag.py
[2023-11-10 14:23:33,524] {processor.py:613} INFO - Processing file /home/airflow/.local/lib/python3.6/site-packages/airflow/example_dags/example_trigger_target_dag.py for tasks to queue
[2023-11-10 14:23:33,525] {logging_mixin.py:109} INFO - [2023-11-10 14:23:33,525] {dagbag.py:496} INFO - Filling up the DagBag from /home/airflow/.local/lib/python3.6/site-packages/airflow/example_dags/example_trigger_target_dag.py
[2023-11-10 14:23:33,543] {processor.py:623} INFO - DAG(s) dict_keys(['example_trigger_target_dag']) retrieved from /home/airflow/.local/lib/python3.6/site-packages/airflow/example_dags/example_trigger_target_dag.py
[2023-11-10 14:23:33,561] {logging_mixin.py:109} INFO - [2023-11-10 14:23:33,561] {dag.py:1833} INFO - Sync 1 DAGs
[2023-11-10 14:23:33,575] {logging_mixin.py:109} INFO - [2023-11-10 14:23:33,575] {dag.py:2306} INFO - Setting next_dagrun for example_trigger_target_dag to None
[2023-11-10 14:23:33,584] {processor.py:170} INFO - Processing /home/airflow/.local/lib/python3.6/site-packages/airflow/example_dags/example_trigger_target_dag.py took 0.064 seconds
[2023-11-10 14:24:04,052] {processor.py:162} INFO - Started process (PID=542) to work on /home/airflow/.local/lib/python3.6/site-packages/airflow/example_dags/example_trigger_target_dag.py
[2023-11-10 14:24:04,056] {processor.py:613} INFO - Processing file /home/airflow/.local/lib/python3.6/site-packages/airflow/example_dags/example_trigger_target_dag.py for tasks to queue
[2023-11-10 14:24:04,058] {logging_mixin.py:109} INFO - [2023-11-10 14:24:04,057] {dagbag.py:496} INFO - Filling up the DagBag from /home/airflow/.local/lib/python3.6/site-packages/airflow/example_dags/example_trigger_target_dag.py
[2023-11-10 14:24:04,077] {processor.py:623} INFO - DAG(s) dict_keys(['example_trigger_target_dag']) retrieved from /home/airflow/.local/lib/python3.6/site-packages/airflow/example_dags/example_trigger_target_dag.py
[2023-11-10 14:24:04,094] {logging_mixin.py:109} INFO - [2023-11-10 14:24:04,094] {dag.py:1833} INFO - Sync 1 DAGs
[2023-11-10 14:24:04,106] {logging_mixin.py:109} INFO - [2023-11-10 14:24:04,106] {dag.py:2306} INFO - Setting next_dagrun for example_trigger_target_dag to None
[2023-11-10 14:24:04,116] {processor.py:170} INFO - Processing /home/airflow/.local/lib/python3.6/site-packages/airflow/example_dags/example_trigger_target_dag.py took 0.071 seconds
[2023-11-10 14:24:34,312] {processor.py:162} INFO - Started process (PID=603) to work on /home/airflow/.local/lib/python3.6/site-packages/airflow/example_dags/example_trigger_target_dag.py
[2023-11-10 14:24:34,314] {processor.py:613} INFO - Processing file /home/airflow/.local/lib/python3.6/site-packages/airflow/example_dags/example_trigger_target_dag.py for tasks to queue
[2023-11-10 14:24:34,315] {logging_mixin.py:109} INFO - [2023-11-10 14:24:34,315] {dagbag.py:496} INFO - Filling up the DagBag from /home/airflow/.local/lib/python3.6/site-packages/airflow/example_dags/example_trigger_target_dag.py
[2023-11-10 14:24:34,327] {processor.py:623} INFO - DAG(s) dict_keys(['example_trigger_target_dag']) retrieved from /home/airflow/.local/lib/python3.6/site-packages/airflow/example_dags/example_trigger_target_dag.py
[2023-11-10 14:24:34,343] {logging_mixin.py:109} INFO - [2023-11-10 14:24:34,343] {dag.py:1833} INFO - Sync 1 DAGs
[2023-11-10 14:24:34,356] {logging_mixin.py:109} INFO - [2023-11-10 14:24:34,356] {dag.py:2306} INFO - Setting next_dagrun for example_trigger_target_dag to None
[2023-11-10 14:24:34,367] {processor.py:170} INFO - Processing /home/airflow/.local/lib/python3.6/site-packages/airflow/example_dags/example_trigger_target_dag.py took 0.057 seconds
[2023-11-10 14:25:04,662] {processor.py:162} INFO - Started process (PID=664) to work on /home/airflow/.local/lib/python3.6/site-packages/airflow/example_dags/example_trigger_target_dag.py
[2023-11-10 14:25:04,668] {processor.py:613} INFO - Processing file /home/airflow/.local/lib/python3.6/site-packages/airflow/example_dags/example_trigger_target_dag.py for tasks to queue
[2023-11-10 14:25:04,671] {logging_mixin.py:109} INFO - [2023-11-10 14:25:04,670] {dagbag.py:496} INFO - Filling up the DagBag from /home/airflow/.local/lib/python3.6/site-packages/airflow/example_dags/example_trigger_target_dag.py
[2023-11-10 14:25:04,690] {processor.py:623} INFO - DAG(s) dict_keys(['example_trigger_target_dag']) retrieved from /home/airflow/.local/lib/python3.6/site-packages/airflow/example_dags/example_trigger_target_dag.py
[2023-11-10 14:25:04,708] {logging_mixin.py:109} INFO - [2023-11-10 14:25:04,708] {dag.py:1833} INFO - Sync 1 DAGs
[2023-11-10 14:25:04,722] {logging_mixin.py:109} INFO - [2023-11-10 14:25:04,722] {dag.py:2306} INFO - Setting next_dagrun for example_trigger_target_dag to None
[2023-11-10 14:25:04,730] {processor.py:170} INFO - Processing /home/airflow/.local/lib/python3.6/site-packages/airflow/example_dags/example_trigger_target_dag.py took 0.079 seconds
[2023-11-10 14:25:35,176] {processor.py:162} INFO - Started process (PID=715) to work on /home/airflow/.local/lib/python3.6/site-packages/airflow/example_dags/example_trigger_target_dag.py
[2023-11-10 14:25:35,177] {processor.py:613} INFO - Processing file /home/airflow/.local/lib/python3.6/site-packages/airflow/example_dags/example_trigger_target_dag.py for tasks to queue
[2023-11-10 14:25:35,178] {logging_mixin.py:109} INFO - [2023-11-10 14:25:35,178] {dagbag.py:496} INFO - Filling up the DagBag from /home/airflow/.local/lib/python3.6/site-packages/airflow/example_dags/example_trigger_target_dag.py
[2023-11-10 14:25:35,189] {processor.py:623} INFO - DAG(s) dict_keys(['example_trigger_target_dag']) retrieved from /home/airflow/.local/lib/python3.6/site-packages/airflow/example_dags/example_trigger_target_dag.py
[2023-11-10 14:25:35,207] {logging_mixin.py:109} INFO - [2023-11-10 14:25:35,207] {dag.py:1833} INFO - Sync 1 DAGs
[2023-11-10 14:25:35,223] {logging_mixin.py:109} INFO - [2023-11-10 14:25:35,223] {dag.py:2306} INFO - Setting next_dagrun for example_trigger_target_dag to None
[2023-11-10 14:25:35,234] {processor.py:170} INFO - Processing /home/airflow/.local/lib/python3.6/site-packages/airflow/example_dags/example_trigger_target_dag.py took 0.061 seconds
[2023-11-10 14:26:05,607] {processor.py:162} INFO - Started process (PID=776) to work on /home/airflow/.local/lib/python3.6/site-packages/airflow/example_dags/example_trigger_target_dag.py
[2023-11-10 14:26:05,608] {processor.py:613} INFO - Processing file /home/airflow/.local/lib/python3.6/site-packages/airflow/example_dags/example_trigger_target_dag.py for tasks to queue
[2023-11-10 14:26:05,609] {logging_mixin.py:109} INFO - [2023-11-10 14:26:05,608] {dagbag.py:496} INFO - Filling up the DagBag from /home/airflow/.local/lib/python3.6/site-packages/airflow/example_dags/example_trigger_target_dag.py
[2023-11-10 14:26:05,621] {processor.py:623} INFO - DAG(s) dict_keys(['example_trigger_target_dag']) retrieved from /home/airflow/.local/lib/python3.6/site-packages/airflow/example_dags/example_trigger_target_dag.py
[2023-11-10 14:26:05,639] {logging_mixin.py:109} INFO - [2023-11-10 14:26:05,639] {dag.py:1833} INFO - Sync 1 DAGs
[2023-11-10 14:26:05,651] {logging_mixin.py:109} INFO - [2023-11-10 14:26:05,651] {dag.py:2306} INFO - Setting next_dagrun for example_trigger_target_dag to None
[2023-11-10 14:26:05,660] {processor.py:170} INFO - Processing /home/airflow/.local/lib/python3.6/site-packages/airflow/example_dags/example_trigger_target_dag.py took 0.056 seconds
[2023-11-10 14:26:35,972] {processor.py:162} INFO - Started process (PID=835) to work on /home/airflow/.local/lib/python3.6/site-packages/airflow/example_dags/example_trigger_target_dag.py
[2023-11-10 14:26:35,974] {processor.py:613} INFO - Processing file /home/airflow/.local/lib/python3.6/site-packages/airflow/example_dags/example_trigger_target_dag.py for tasks to queue
[2023-11-10 14:26:35,975] {logging_mixin.py:109} INFO - [2023-11-10 14:26:35,974] {dagbag.py:496} INFO - Filling up the DagBag from /home/airflow/.local/lib/python3.6/site-packages/airflow/example_dags/example_trigger_target_dag.py
[2023-11-10 14:26:35,993] {processor.py:623} INFO - DAG(s) dict_keys(['example_trigger_target_dag']) retrieved from /home/airflow/.local/lib/python3.6/site-packages/airflow/example_dags/example_trigger_target_dag.py
[2023-11-10 14:26:36,012] {logging_mixin.py:109} INFO - [2023-11-10 14:26:36,012] {dag.py:1833} INFO - Sync 1 DAGs
[2023-11-10 14:26:36,026] {logging_mixin.py:109} INFO - [2023-11-10 14:26:36,026] {dag.py:2306} INFO - Setting next_dagrun for example_trigger_target_dag to None
[2023-11-10 14:26:36,035] {processor.py:170} INFO - Processing /home/airflow/.local/lib/python3.6/site-packages/airflow/example_dags/example_trigger_target_dag.py took 0.066 seconds
[2023-11-10 14:27:06,504] {processor.py:162} INFO - Started process (PID=887) to work on /home/airflow/.local/lib/python3.6/site-packages/airflow/example_dags/example_trigger_target_dag.py
[2023-11-10 14:27:06,505] {processor.py:613} INFO - Processing file /home/airflow/.local/lib/python3.6/site-packages/airflow/example_dags/example_trigger_target_dag.py for tasks to queue
[2023-11-10 14:27:06,506] {logging_mixin.py:109} INFO - [2023-11-10 14:27:06,506] {dagbag.py:496} INFO - Filling up the DagBag from /home/airflow/.local/lib/python3.6/site-packages/airflow/example_dags/example_trigger_target_dag.py
[2023-11-10 14:27:06,517] {processor.py:623} INFO - DAG(s) dict_keys(['example_trigger_target_dag']) retrieved from /home/airflow/.local/lib/python3.6/site-packages/airflow/example_dags/example_trigger_target_dag.py
[2023-11-10 14:27:06,534] {logging_mixin.py:109} INFO - [2023-11-10 14:27:06,534] {dag.py:1833} INFO - Sync 1 DAGs
[2023-11-10 14:27:06,548] {logging_mixin.py:109} INFO - [2023-11-10 14:27:06,548] {dag.py:2306} INFO - Setting next_dagrun for example_trigger_target_dag to None
[2023-11-10 14:27:06,557] {processor.py:170} INFO - Processing /home/airflow/.local/lib/python3.6/site-packages/airflow/example_dags/example_trigger_target_dag.py took 0.055 seconds
