[2023-11-10 14:22:57,500] {processor.py:162} INFO - Started process (PID=209) to work on /home/airflow/.local/lib/python3.6/site-packages/airflow/example_dags/example_complex.py
[2023-11-10 14:22:57,502] {processor.py:613} INFO - Processing file /home/airflow/.local/lib/python3.6/site-packages/airflow/example_dags/example_complex.py for tasks to queue
[2023-11-10 14:22:57,503] {logging_mixin.py:109} INFO - [2023-11-10 14:22:57,503] {dagbag.py:496} INFO - Filling up the DagBag from /home/airflow/.local/lib/python3.6/site-packages/airflow/example_dags/example_complex.py
[2023-11-10 14:22:57,525] {processor.py:623} INFO - DAG(s) dict_keys(['example_complex']) retrieved from /home/airflow/.local/lib/python3.6/site-packages/airflow/example_dags/example_complex.py
[2023-11-10 14:22:59,156] {logging_mixin.py:109} INFO - [2023-11-10 14:22:59,155] {dag.py:1833} INFO - Sync 1 DAGs
[2023-11-10 14:22:59,166] {logging_mixin.py:109} INFO - [2023-11-10 14:22:59,166] {dag.py:1852} INFO - Creating ORM DAG for example_complex
[2023-11-10 14:22:59,170] {logging_mixin.py:109} INFO - [2023-11-10 14:22:59,170] {dag.py:2306} INFO - Setting next_dagrun for example_complex to None
[2023-11-10 14:22:59,181] {processor.py:170} INFO - Processing /home/airflow/.local/lib/python3.6/site-packages/airflow/example_dags/example_complex.py took 1.685 seconds
[2023-11-10 14:23:29,217] {processor.py:162} INFO - Started process (PID=477) to work on /home/airflow/.local/lib/python3.6/site-packages/airflow/example_dags/example_complex.py
[2023-11-10 14:23:29,219] {processor.py:613} INFO - Processing file /home/airflow/.local/lib/python3.6/site-packages/airflow/example_dags/example_complex.py for tasks to queue
[2023-11-10 14:23:29,220] {logging_mixin.py:109} INFO - [2023-11-10 14:23:29,220] {dagbag.py:496} INFO - Filling up the DagBag from /home/airflow/.local/lib/python3.6/site-packages/airflow/example_dags/example_complex.py
[2023-11-10 14:23:29,240] {processor.py:623} INFO - DAG(s) dict_keys(['example_complex']) retrieved from /home/airflow/.local/lib/python3.6/site-packages/airflow/example_dags/example_complex.py
[2023-11-10 14:23:29,262] {logging_mixin.py:109} INFO - [2023-11-10 14:23:29,261] {dag.py:1833} INFO - Sync 1 DAGs
[2023-11-10 14:23:29,275] {logging_mixin.py:109} INFO - [2023-11-10 14:23:29,275] {dag.py:2306} INFO - Setting next_dagrun for example_complex to None
[2023-11-10 14:23:29,286] {processor.py:170} INFO - Processing /home/airflow/.local/lib/python3.6/site-packages/airflow/example_dags/example_complex.py took 0.071 seconds
[2023-11-10 14:23:59,869] {processor.py:162} INFO - Started process (PID=538) to work on /home/airflow/.local/lib/python3.6/site-packages/airflow/example_dags/example_complex.py
[2023-11-10 14:23:59,872] {processor.py:613} INFO - Processing file /home/airflow/.local/lib/python3.6/site-packages/airflow/example_dags/example_complex.py for tasks to queue
[2023-11-10 14:23:59,874] {logging_mixin.py:109} INFO - [2023-11-10 14:23:59,873] {dagbag.py:496} INFO - Filling up the DagBag from /home/airflow/.local/lib/python3.6/site-packages/airflow/example_dags/example_complex.py
[2023-11-10 14:23:59,895] {processor.py:623} INFO - DAG(s) dict_keys(['example_complex']) retrieved from /home/airflow/.local/lib/python3.6/site-packages/airflow/example_dags/example_complex.py
[2023-11-10 14:23:59,914] {logging_mixin.py:109} INFO - [2023-11-10 14:23:59,913] {dag.py:1833} INFO - Sync 1 DAGs
[2023-11-10 14:23:59,925] {logging_mixin.py:109} INFO - [2023-11-10 14:23:59,925] {dag.py:2306} INFO - Setting next_dagrun for example_complex to None
[2023-11-10 14:23:59,935] {processor.py:170} INFO - Processing /home/airflow/.local/lib/python3.6/site-packages/airflow/example_dags/example_complex.py took 0.073 seconds
[2023-11-10 14:24:30,143] {processor.py:162} INFO - Started process (PID=599) to work on /home/airflow/.local/lib/python3.6/site-packages/airflow/example_dags/example_complex.py
[2023-11-10 14:24:30,144] {processor.py:613} INFO - Processing file /home/airflow/.local/lib/python3.6/site-packages/airflow/example_dags/example_complex.py for tasks to queue
[2023-11-10 14:24:30,145] {logging_mixin.py:109} INFO - [2023-11-10 14:24:30,145] {dagbag.py:496} INFO - Filling up the DagBag from /home/airflow/.local/lib/python3.6/site-packages/airflow/example_dags/example_complex.py
[2023-11-10 14:24:30,175] {processor.py:623} INFO - DAG(s) dict_keys(['example_complex']) retrieved from /home/airflow/.local/lib/python3.6/site-packages/airflow/example_dags/example_complex.py
[2023-11-10 14:24:30,205] {logging_mixin.py:109} INFO - [2023-11-10 14:24:30,205] {dag.py:1833} INFO - Sync 1 DAGs
[2023-11-10 14:24:30,222] {logging_mixin.py:109} INFO - [2023-11-10 14:24:30,222] {dag.py:2306} INFO - Setting next_dagrun for example_complex to None
[2023-11-10 14:24:30,234] {processor.py:170} INFO - Processing /home/airflow/.local/lib/python3.6/site-packages/airflow/example_dags/example_complex.py took 0.094 seconds
[2023-11-10 14:25:00,508] {processor.py:162} INFO - Started process (PID=650) to work on /home/airflow/.local/lib/python3.6/site-packages/airflow/example_dags/example_complex.py
[2023-11-10 14:25:00,511] {processor.py:613} INFO - Processing file /home/airflow/.local/lib/python3.6/site-packages/airflow/example_dags/example_complex.py for tasks to queue
[2023-11-10 14:25:00,512] {logging_mixin.py:109} INFO - [2023-11-10 14:25:00,512] {dagbag.py:496} INFO - Filling up the DagBag from /home/airflow/.local/lib/python3.6/site-packages/airflow/example_dags/example_complex.py
[2023-11-10 14:25:00,538] {processor.py:623} INFO - DAG(s) dict_keys(['example_complex']) retrieved from /home/airflow/.local/lib/python3.6/site-packages/airflow/example_dags/example_complex.py
[2023-11-10 14:25:00,559] {logging_mixin.py:109} INFO - [2023-11-10 14:25:00,559] {dag.py:1833} INFO - Sync 1 DAGs
[2023-11-10 14:25:00,572] {logging_mixin.py:109} INFO - [2023-11-10 14:25:00,571] {dag.py:2306} INFO - Setting next_dagrun for example_complex to None
[2023-11-10 14:25:00,581] {processor.py:170} INFO - Processing /home/airflow/.local/lib/python3.6/site-packages/airflow/example_dags/example_complex.py took 0.078 seconds
[2023-11-10 14:25:30,855] {processor.py:162} INFO - Started process (PID=711) to work on /home/airflow/.local/lib/python3.6/site-packages/airflow/example_dags/example_complex.py
[2023-11-10 14:25:30,857] {processor.py:613} INFO - Processing file /home/airflow/.local/lib/python3.6/site-packages/airflow/example_dags/example_complex.py for tasks to queue
[2023-11-10 14:25:30,859] {logging_mixin.py:109} INFO - [2023-11-10 14:25:30,859] {dagbag.py:496} INFO - Filling up the DagBag from /home/airflow/.local/lib/python3.6/site-packages/airflow/example_dags/example_complex.py
[2023-11-10 14:25:30,887] {processor.py:623} INFO - DAG(s) dict_keys(['example_complex']) retrieved from /home/airflow/.local/lib/python3.6/site-packages/airflow/example_dags/example_complex.py
[2023-11-10 14:25:30,906] {logging_mixin.py:109} INFO - [2023-11-10 14:25:30,906] {dag.py:1833} INFO - Sync 1 DAGs
[2023-11-10 14:25:30,918] {logging_mixin.py:109} INFO - [2023-11-10 14:25:30,918] {dag.py:2306} INFO - Setting next_dagrun for example_complex to None
[2023-11-10 14:25:30,927] {processor.py:170} INFO - Processing /home/airflow/.local/lib/python3.6/site-packages/airflow/example_dags/example_complex.py took 0.078 seconds
[2023-11-10 14:26:01,422] {processor.py:162} INFO - Started process (PID=772) to work on /home/airflow/.local/lib/python3.6/site-packages/airflow/example_dags/example_complex.py
[2023-11-10 14:26:01,423] {processor.py:613} INFO - Processing file /home/airflow/.local/lib/python3.6/site-packages/airflow/example_dags/example_complex.py for tasks to queue
[2023-11-10 14:26:01,424] {logging_mixin.py:109} INFO - [2023-11-10 14:26:01,424] {dagbag.py:496} INFO - Filling up the DagBag from /home/airflow/.local/lib/python3.6/site-packages/airflow/example_dags/example_complex.py
[2023-11-10 14:26:01,449] {processor.py:623} INFO - DAG(s) dict_keys(['example_complex']) retrieved from /home/airflow/.local/lib/python3.6/site-packages/airflow/example_dags/example_complex.py
[2023-11-10 14:26:01,472] {logging_mixin.py:109} INFO - [2023-11-10 14:26:01,472] {dag.py:1833} INFO - Sync 1 DAGs
[2023-11-10 14:26:01,488] {logging_mixin.py:109} INFO - [2023-11-10 14:26:01,488] {dag.py:2306} INFO - Setting next_dagrun for example_complex to None
[2023-11-10 14:26:01,499] {processor.py:170} INFO - Processing /home/airflow/.local/lib/python3.6/site-packages/airflow/example_dags/example_complex.py took 0.081 seconds
[2023-11-10 14:26:31,677] {processor.py:162} INFO - Started process (PID=822) to work on /home/airflow/.local/lib/python3.6/site-packages/airflow/example_dags/example_complex.py
[2023-11-10 14:26:31,678] {processor.py:613} INFO - Processing file /home/airflow/.local/lib/python3.6/site-packages/airflow/example_dags/example_complex.py for tasks to queue
[2023-11-10 14:26:31,679] {logging_mixin.py:109} INFO - [2023-11-10 14:26:31,679] {dagbag.py:496} INFO - Filling up the DagBag from /home/airflow/.local/lib/python3.6/site-packages/airflow/example_dags/example_complex.py
[2023-11-10 14:26:31,696] {processor.py:623} INFO - DAG(s) dict_keys(['example_complex']) retrieved from /home/airflow/.local/lib/python3.6/site-packages/airflow/example_dags/example_complex.py
[2023-11-10 14:26:31,716] {logging_mixin.py:109} INFO - [2023-11-10 14:26:31,716] {dag.py:1833} INFO - Sync 1 DAGs
[2023-11-10 14:26:31,729] {logging_mixin.py:109} INFO - [2023-11-10 14:26:31,729] {dag.py:2306} INFO - Setting next_dagrun for example_complex to None
[2023-11-10 14:26:31,740] {processor.py:170} INFO - Processing /home/airflow/.local/lib/python3.6/site-packages/airflow/example_dags/example_complex.py took 0.065 seconds
[2023-11-10 14:27:02,218] {processor.py:162} INFO - Started process (PID=883) to work on /home/airflow/.local/lib/python3.6/site-packages/airflow/example_dags/example_complex.py
[2023-11-10 14:27:02,219] {processor.py:613} INFO - Processing file /home/airflow/.local/lib/python3.6/site-packages/airflow/example_dags/example_complex.py for tasks to queue
[2023-11-10 14:27:02,220] {logging_mixin.py:109} INFO - [2023-11-10 14:27:02,220] {dagbag.py:496} INFO - Filling up the DagBag from /home/airflow/.local/lib/python3.6/site-packages/airflow/example_dags/example_complex.py
[2023-11-10 14:27:02,236] {processor.py:623} INFO - DAG(s) dict_keys(['example_complex']) retrieved from /home/airflow/.local/lib/python3.6/site-packages/airflow/example_dags/example_complex.py
[2023-11-10 14:27:02,256] {logging_mixin.py:109} INFO - [2023-11-10 14:27:02,256] {dag.py:1833} INFO - Sync 1 DAGs
[2023-11-10 14:27:02,268] {logging_mixin.py:109} INFO - [2023-11-10 14:27:02,268] {dag.py:2306} INFO - Setting next_dagrun for example_complex to None
[2023-11-10 14:27:02,277] {processor.py:170} INFO - Processing /home/airflow/.local/lib/python3.6/site-packages/airflow/example_dags/example_complex.py took 0.061 seconds
