[2023-11-10 14:23:01,861] {processor.py:162} INFO - Started process (PID=274) to work on /home/airflow/.local/lib/python3.6/site-packages/airflow/example_dags/example_trigger_controller_dag.py
[2023-11-10 14:23:01,862] {processor.py:613} INFO - Processing file /home/airflow/.local/lib/python3.6/site-packages/airflow/example_dags/example_trigger_controller_dag.py for tasks to queue
[2023-11-10 14:23:01,863] {logging_mixin.py:109} INFO - [2023-11-10 14:23:01,863] {dagbag.py:496} INFO - Filling up the DagBag from /home/airflow/.local/lib/python3.6/site-packages/airflow/example_dags/example_trigger_controller_dag.py
[2023-11-10 14:23:01,874] {processor.py:623} INFO - DAG(s) dict_keys(['example_trigger_controller_dag']) retrieved from /home/airflow/.local/lib/python3.6/site-packages/airflow/example_dags/example_trigger_controller_dag.py
[2023-11-10 14:23:03,658] {logging_mixin.py:109} INFO - [2023-11-10 14:23:03,658] {dag.py:1833} INFO - Sync 1 DAGs
[2023-11-10 14:23:03,668] {logging_mixin.py:109} INFO - [2023-11-10 14:23:03,668] {dag.py:1852} INFO - Creating ORM DAG for example_trigger_controller_dag
[2023-11-10 14:23:03,672] {logging_mixin.py:109} INFO - [2023-11-10 14:23:03,672] {dag.py:2306} INFO - Setting next_dagrun for example_trigger_controller_dag to 2023-11-08 00:00:00+00:00
[2023-11-10 14:23:03,682] {processor.py:170} INFO - Processing /home/airflow/.local/lib/python3.6/site-packages/airflow/example_dags/example_trigger_controller_dag.py took 1.823 seconds
[2023-11-10 14:23:34,589] {processor.py:162} INFO - Started process (PID=492) to work on /home/airflow/.local/lib/python3.6/site-packages/airflow/example_dags/example_trigger_controller_dag.py
[2023-11-10 14:23:34,590] {processor.py:613} INFO - Processing file /home/airflow/.local/lib/python3.6/site-packages/airflow/example_dags/example_trigger_controller_dag.py for tasks to queue
[2023-11-10 14:23:34,591] {logging_mixin.py:109} INFO - [2023-11-10 14:23:34,591] {dagbag.py:496} INFO - Filling up the DagBag from /home/airflow/.local/lib/python3.6/site-packages/airflow/example_dags/example_trigger_controller_dag.py
[2023-11-10 14:23:34,600] {processor.py:623} INFO - DAG(s) dict_keys(['example_trigger_controller_dag']) retrieved from /home/airflow/.local/lib/python3.6/site-packages/airflow/example_dags/example_trigger_controller_dag.py
[2023-11-10 14:23:34,617] {logging_mixin.py:109} INFO - [2023-11-10 14:23:34,617] {dag.py:1833} INFO - Sync 1 DAGs
[2023-11-10 14:23:34,633] {logging_mixin.py:109} INFO - [2023-11-10 14:23:34,633] {dag.py:2306} INFO - Setting next_dagrun for example_trigger_controller_dag to 2023-11-08 00:00:00+00:00
[2023-11-10 14:23:34,644] {processor.py:170} INFO - Processing /home/airflow/.local/lib/python3.6/site-packages/airflow/example_dags/example_trigger_controller_dag.py took 0.058 seconds
[2023-11-10 14:24:05,050] {processor.py:162} INFO - Started process (PID=553) to work on /home/airflow/.local/lib/python3.6/site-packages/airflow/example_dags/example_trigger_controller_dag.py
[2023-11-10 14:24:05,052] {processor.py:613} INFO - Processing file /home/airflow/.local/lib/python3.6/site-packages/airflow/example_dags/example_trigger_controller_dag.py for tasks to queue
[2023-11-10 14:24:05,053] {logging_mixin.py:109} INFO - [2023-11-10 14:24:05,052] {dagbag.py:496} INFO - Filling up the DagBag from /home/airflow/.local/lib/python3.6/site-packages/airflow/example_dags/example_trigger_controller_dag.py
[2023-11-10 14:24:05,064] {processor.py:623} INFO - DAG(s) dict_keys(['example_trigger_controller_dag']) retrieved from /home/airflow/.local/lib/python3.6/site-packages/airflow/example_dags/example_trigger_controller_dag.py
[2023-11-10 14:24:05,081] {logging_mixin.py:109} INFO - [2023-11-10 14:24:05,081] {dag.py:1833} INFO - Sync 1 DAGs
[2023-11-10 14:24:05,095] {logging_mixin.py:109} INFO - [2023-11-10 14:24:05,095] {dag.py:2306} INFO - Setting next_dagrun for example_trigger_controller_dag to 2023-11-08 00:00:00+00:00
[2023-11-10 14:24:05,104] {processor.py:170} INFO - Processing /home/airflow/.local/lib/python3.6/site-packages/airflow/example_dags/example_trigger_controller_dag.py took 0.058 seconds
[2023-11-10 14:24:35,325] {processor.py:162} INFO - Started process (PID=604) to work on /home/airflow/.local/lib/python3.6/site-packages/airflow/example_dags/example_trigger_controller_dag.py
[2023-11-10 14:24:35,326] {processor.py:613} INFO - Processing file /home/airflow/.local/lib/python3.6/site-packages/airflow/example_dags/example_trigger_controller_dag.py for tasks to queue
[2023-11-10 14:24:35,327] {logging_mixin.py:109} INFO - [2023-11-10 14:24:35,326] {dagbag.py:496} INFO - Filling up the DagBag from /home/airflow/.local/lib/python3.6/site-packages/airflow/example_dags/example_trigger_controller_dag.py
[2023-11-10 14:24:35,336] {processor.py:623} INFO - DAG(s) dict_keys(['example_trigger_controller_dag']) retrieved from /home/airflow/.local/lib/python3.6/site-packages/airflow/example_dags/example_trigger_controller_dag.py
[2023-11-10 14:24:35,355] {logging_mixin.py:109} INFO - [2023-11-10 14:24:35,355] {dag.py:1833} INFO - Sync 1 DAGs
[2023-11-10 14:24:35,368] {logging_mixin.py:109} INFO - [2023-11-10 14:24:35,368] {dag.py:2306} INFO - Setting next_dagrun for example_trigger_controller_dag to 2023-11-08 00:00:00+00:00
[2023-11-10 14:24:35,379] {processor.py:170} INFO - Processing /home/airflow/.local/lib/python3.6/site-packages/airflow/example_dags/example_trigger_controller_dag.py took 0.057 seconds
[2023-11-10 14:25:05,656] {processor.py:162} INFO - Started process (PID=665) to work on /home/airflow/.local/lib/python3.6/site-packages/airflow/example_dags/example_trigger_controller_dag.py
[2023-11-10 14:25:05,659] {processor.py:613} INFO - Processing file /home/airflow/.local/lib/python3.6/site-packages/airflow/example_dags/example_trigger_controller_dag.py for tasks to queue
[2023-11-10 14:25:05,660] {logging_mixin.py:109} INFO - [2023-11-10 14:25:05,660] {dagbag.py:496} INFO - Filling up the DagBag from /home/airflow/.local/lib/python3.6/site-packages/airflow/example_dags/example_trigger_controller_dag.py
[2023-11-10 14:25:05,673] {processor.py:623} INFO - DAG(s) dict_keys(['example_trigger_controller_dag']) retrieved from /home/airflow/.local/lib/python3.6/site-packages/airflow/example_dags/example_trigger_controller_dag.py
[2023-11-10 14:25:05,699] {logging_mixin.py:109} INFO - [2023-11-10 14:25:05,699] {dag.py:1833} INFO - Sync 1 DAGs
[2023-11-10 14:25:05,715] {logging_mixin.py:109} INFO - [2023-11-10 14:25:05,715] {dag.py:2306} INFO - Setting next_dagrun for example_trigger_controller_dag to 2023-11-08 00:00:00+00:00
[2023-11-10 14:25:05,726] {processor.py:170} INFO - Processing /home/airflow/.local/lib/python3.6/site-packages/airflow/example_dags/example_trigger_controller_dag.py took 0.074 seconds
[2023-11-10 14:25:36,207] {processor.py:162} INFO - Started process (PID=716) to work on /home/airflow/.local/lib/python3.6/site-packages/airflow/example_dags/example_trigger_controller_dag.py
[2023-11-10 14:25:36,211] {processor.py:613} INFO - Processing file /home/airflow/.local/lib/python3.6/site-packages/airflow/example_dags/example_trigger_controller_dag.py for tasks to queue
[2023-11-10 14:25:36,213] {logging_mixin.py:109} INFO - [2023-11-10 14:25:36,213] {dagbag.py:496} INFO - Filling up the DagBag from /home/airflow/.local/lib/python3.6/site-packages/airflow/example_dags/example_trigger_controller_dag.py
[2023-11-10 14:25:36,238] {processor.py:623} INFO - DAG(s) dict_keys(['example_trigger_controller_dag']) retrieved from /home/airflow/.local/lib/python3.6/site-packages/airflow/example_dags/example_trigger_controller_dag.py
[2023-11-10 14:25:36,259] {logging_mixin.py:109} INFO - [2023-11-10 14:25:36,259] {dag.py:1833} INFO - Sync 1 DAGs
[2023-11-10 14:25:36,273] {logging_mixin.py:109} INFO - [2023-11-10 14:25:36,273] {dag.py:2306} INFO - Setting next_dagrun for example_trigger_controller_dag to 2023-11-08 00:00:00+00:00
[2023-11-10 14:25:36,283] {processor.py:170} INFO - Processing /home/airflow/.local/lib/python3.6/site-packages/airflow/example_dags/example_trigger_controller_dag.py took 0.084 seconds
[2023-11-10 14:26:06,615] {processor.py:162} INFO - Started process (PID=777) to work on /home/airflow/.local/lib/python3.6/site-packages/airflow/example_dags/example_trigger_controller_dag.py
[2023-11-10 14:26:06,617] {processor.py:613} INFO - Processing file /home/airflow/.local/lib/python3.6/site-packages/airflow/example_dags/example_trigger_controller_dag.py for tasks to queue
[2023-11-10 14:26:06,618] {logging_mixin.py:109} INFO - [2023-11-10 14:26:06,618] {dagbag.py:496} INFO - Filling up the DagBag from /home/airflow/.local/lib/python3.6/site-packages/airflow/example_dags/example_trigger_controller_dag.py
[2023-11-10 14:26:06,628] {processor.py:623} INFO - DAG(s) dict_keys(['example_trigger_controller_dag']) retrieved from /home/airflow/.local/lib/python3.6/site-packages/airflow/example_dags/example_trigger_controller_dag.py
[2023-11-10 14:26:06,646] {logging_mixin.py:109} INFO - [2023-11-10 14:26:06,646] {dag.py:1833} INFO - Sync 1 DAGs
[2023-11-10 14:26:06,660] {logging_mixin.py:109} INFO - [2023-11-10 14:26:06,660] {dag.py:2306} INFO - Setting next_dagrun for example_trigger_controller_dag to 2023-11-08 00:00:00+00:00
[2023-11-10 14:26:06,669] {processor.py:170} INFO - Processing /home/airflow/.local/lib/python3.6/site-packages/airflow/example_dags/example_trigger_controller_dag.py took 0.057 seconds
[2023-11-10 14:26:36,987] {processor.py:162} INFO - Started process (PID=837) to work on /home/airflow/.local/lib/python3.6/site-packages/airflow/example_dags/example_trigger_controller_dag.py
[2023-11-10 14:26:36,989] {processor.py:613} INFO - Processing file /home/airflow/.local/lib/python3.6/site-packages/airflow/example_dags/example_trigger_controller_dag.py for tasks to queue
[2023-11-10 14:26:36,990] {logging_mixin.py:109} INFO - [2023-11-10 14:26:36,990] {dagbag.py:496} INFO - Filling up the DagBag from /home/airflow/.local/lib/python3.6/site-packages/airflow/example_dags/example_trigger_controller_dag.py
[2023-11-10 14:26:37,001] {processor.py:623} INFO - DAG(s) dict_keys(['example_trigger_controller_dag']) retrieved from /home/airflow/.local/lib/python3.6/site-packages/airflow/example_dags/example_trigger_controller_dag.py
[2023-11-10 14:26:37,021] {logging_mixin.py:109} INFO - [2023-11-10 14:26:37,021] {dag.py:1833} INFO - Sync 1 DAGs
[2023-11-10 14:26:37,035] {logging_mixin.py:109} INFO - [2023-11-10 14:26:37,035] {dag.py:2306} INFO - Setting next_dagrun for example_trigger_controller_dag to 2023-11-08 00:00:00+00:00
[2023-11-10 14:26:37,045] {processor.py:170} INFO - Processing /home/airflow/.local/lib/python3.6/site-packages/airflow/example_dags/example_trigger_controller_dag.py took 0.060 seconds
[2023-11-10 14:27:07,510] {processor.py:162} INFO - Started process (PID=888) to work on /home/airflow/.local/lib/python3.6/site-packages/airflow/example_dags/example_trigger_controller_dag.py
[2023-11-10 14:27:07,511] {processor.py:613} INFO - Processing file /home/airflow/.local/lib/python3.6/site-packages/airflow/example_dags/example_trigger_controller_dag.py for tasks to queue
[2023-11-10 14:27:07,513] {logging_mixin.py:109} INFO - [2023-11-10 14:27:07,512] {dagbag.py:496} INFO - Filling up the DagBag from /home/airflow/.local/lib/python3.6/site-packages/airflow/example_dags/example_trigger_controller_dag.py
[2023-11-10 14:27:07,525] {processor.py:623} INFO - DAG(s) dict_keys(['example_trigger_controller_dag']) retrieved from /home/airflow/.local/lib/python3.6/site-packages/airflow/example_dags/example_trigger_controller_dag.py
[2023-11-10 14:27:07,543] {logging_mixin.py:109} INFO - [2023-11-10 14:27:07,543] {dag.py:1833} INFO - Sync 1 DAGs
[2023-11-10 14:27:07,563] {logging_mixin.py:109} INFO - [2023-11-10 14:27:07,563] {dag.py:2306} INFO - Setting next_dagrun for example_trigger_controller_dag to 2023-11-08 00:00:00+00:00
[2023-11-10 14:27:07,574] {processor.py:170} INFO - Processing /home/airflow/.local/lib/python3.6/site-packages/airflow/example_dags/example_trigger_controller_dag.py took 0.068 seconds
