[2023-11-10 14:22:55,661] {processor.py:162} INFO - Started process (PID=183) to work on /home/airflow/.local/lib/python3.6/site-packages/airflow/example_dags/example_external_task_marker_dag.py
[2023-11-10 14:22:55,662] {processor.py:613} INFO - Processing file /home/airflow/.local/lib/python3.6/site-packages/airflow/example_dags/example_external_task_marker_dag.py for tasks to queue
[2023-11-10 14:22:55,663] {logging_mixin.py:109} INFO - [2023-11-10 14:22:55,663] {dagbag.py:496} INFO - Filling up the DagBag from /home/airflow/.local/lib/python3.6/site-packages/airflow/example_dags/example_external_task_marker_dag.py
[2023-11-10 14:22:55,677] {processor.py:623} INFO - DAG(s) dict_keys(['example_external_task_marker_parent', 'example_external_task_marker_child']) retrieved from /home/airflow/.local/lib/python3.6/site-packages/airflow/example_dags/example_external_task_marker_dag.py
[2023-11-10 14:22:57,446] {logging_mixin.py:109} INFO - [2023-11-10 14:22:57,445] {dag.py:1833} INFO - Sync 2 DAGs
[2023-11-10 14:22:57,460] {logging_mixin.py:109} INFO - [2023-11-10 14:22:57,459] {dag.py:1852} INFO - Creating ORM DAG for example_external_task_marker_child
[2023-11-10 14:22:57,461] {logging_mixin.py:109} INFO - [2023-11-10 14:22:57,461] {dag.py:1852} INFO - Creating ORM DAG for example_external_task_marker_parent
[2023-11-10 14:22:57,466] {logging_mixin.py:109} INFO - [2023-11-10 14:22:57,466] {dag.py:2306} INFO - Setting next_dagrun for example_external_task_marker_child to None
[2023-11-10 14:22:57,467] {logging_mixin.py:109} INFO - [2023-11-10 14:22:57,467] {dag.py:2306} INFO - Setting next_dagrun for example_external_task_marker_parent to None
[2023-11-10 14:22:57,478] {processor.py:170} INFO - Processing /home/airflow/.local/lib/python3.6/site-packages/airflow/example_dags/example_external_task_marker_dag.py took 1.821 seconds
[2023-11-10 14:23:28,138] {processor.py:162} INFO - Started process (PID=475) to work on /home/airflow/.local/lib/python3.6/site-packages/airflow/example_dags/example_external_task_marker_dag.py
[2023-11-10 14:23:28,140] {processor.py:613} INFO - Processing file /home/airflow/.local/lib/python3.6/site-packages/airflow/example_dags/example_external_task_marker_dag.py for tasks to queue
[2023-11-10 14:23:28,141] {logging_mixin.py:109} INFO - [2023-11-10 14:23:28,141] {dagbag.py:496} INFO - Filling up the DagBag from /home/airflow/.local/lib/python3.6/site-packages/airflow/example_dags/example_external_task_marker_dag.py
[2023-11-10 14:23:28,155] {processor.py:623} INFO - DAG(s) dict_keys(['example_external_task_marker_parent', 'example_external_task_marker_child']) retrieved from /home/airflow/.local/lib/python3.6/site-packages/airflow/example_dags/example_external_task_marker_dag.py
[2023-11-10 14:23:28,174] {logging_mixin.py:109} INFO - [2023-11-10 14:23:28,174] {dag.py:1833} INFO - Sync 2 DAGs
[2023-11-10 14:23:28,188] {logging_mixin.py:109} INFO - [2023-11-10 14:23:28,188] {dag.py:2306} INFO - Setting next_dagrun for example_external_task_marker_child to None
[2023-11-10 14:23:28,189] {logging_mixin.py:109} INFO - [2023-11-10 14:23:28,189] {dag.py:2306} INFO - Setting next_dagrun for example_external_task_marker_parent to None
[2023-11-10 14:23:28,200] {processor.py:170} INFO - Processing /home/airflow/.local/lib/python3.6/site-packages/airflow/example_dags/example_external_task_marker_dag.py took 0.068 seconds
[2023-11-10 14:23:58,821] {processor.py:162} INFO - Started process (PID=536) to work on /home/airflow/.local/lib/python3.6/site-packages/airflow/example_dags/example_external_task_marker_dag.py
[2023-11-10 14:23:58,822] {processor.py:613} INFO - Processing file /home/airflow/.local/lib/python3.6/site-packages/airflow/example_dags/example_external_task_marker_dag.py for tasks to queue
[2023-11-10 14:23:58,824] {logging_mixin.py:109} INFO - [2023-11-10 14:23:58,824] {dagbag.py:496} INFO - Filling up the DagBag from /home/airflow/.local/lib/python3.6/site-packages/airflow/example_dags/example_external_task_marker_dag.py
[2023-11-10 14:23:58,842] {processor.py:623} INFO - DAG(s) dict_keys(['example_external_task_marker_parent', 'example_external_task_marker_child']) retrieved from /home/airflow/.local/lib/python3.6/site-packages/airflow/example_dags/example_external_task_marker_dag.py
[2023-11-10 14:23:58,862] {logging_mixin.py:109} INFO - [2023-11-10 14:23:58,862] {dag.py:1833} INFO - Sync 2 DAGs
[2023-11-10 14:23:58,879] {logging_mixin.py:109} INFO - [2023-11-10 14:23:58,879] {dag.py:2306} INFO - Setting next_dagrun for example_external_task_marker_child to None
[2023-11-10 14:23:58,880] {logging_mixin.py:109} INFO - [2023-11-10 14:23:58,880] {dag.py:2306} INFO - Setting next_dagrun for example_external_task_marker_parent to None
[2023-11-10 14:23:58,889] {processor.py:170} INFO - Processing /home/airflow/.local/lib/python3.6/site-packages/airflow/example_dags/example_external_task_marker_dag.py took 0.073 seconds
[2023-11-10 14:24:29,132] {processor.py:162} INFO - Started process (PID=597) to work on /home/airflow/.local/lib/python3.6/site-packages/airflow/example_dags/example_external_task_marker_dag.py
[2023-11-10 14:24:29,134] {processor.py:613} INFO - Processing file /home/airflow/.local/lib/python3.6/site-packages/airflow/example_dags/example_external_task_marker_dag.py for tasks to queue
[2023-11-10 14:24:29,135] {logging_mixin.py:109} INFO - [2023-11-10 14:24:29,134] {dagbag.py:496} INFO - Filling up the DagBag from /home/airflow/.local/lib/python3.6/site-packages/airflow/example_dags/example_external_task_marker_dag.py
[2023-11-10 14:24:29,149] {processor.py:623} INFO - DAG(s) dict_keys(['example_external_task_marker_parent', 'example_external_task_marker_child']) retrieved from /home/airflow/.local/lib/python3.6/site-packages/airflow/example_dags/example_external_task_marker_dag.py
[2023-11-10 14:24:29,173] {logging_mixin.py:109} INFO - [2023-11-10 14:24:29,173] {dag.py:1833} INFO - Sync 2 DAGs
[2023-11-10 14:24:29,192] {logging_mixin.py:109} INFO - [2023-11-10 14:24:29,192] {dag.py:2306} INFO - Setting next_dagrun for example_external_task_marker_child to None
[2023-11-10 14:24:29,193] {logging_mixin.py:109} INFO - [2023-11-10 14:24:29,193] {dag.py:2306} INFO - Setting next_dagrun for example_external_task_marker_parent to None
[2023-11-10 14:24:29,203] {processor.py:170} INFO - Processing /home/airflow/.local/lib/python3.6/site-packages/airflow/example_dags/example_external_task_marker_dag.py took 0.074 seconds
[2023-11-10 14:24:59,427] {processor.py:162} INFO - Started process (PID=648) to work on /home/airflow/.local/lib/python3.6/site-packages/airflow/example_dags/example_external_task_marker_dag.py
[2023-11-10 14:24:59,428] {processor.py:613} INFO - Processing file /home/airflow/.local/lib/python3.6/site-packages/airflow/example_dags/example_external_task_marker_dag.py for tasks to queue
[2023-11-10 14:24:59,429] {logging_mixin.py:109} INFO - [2023-11-10 14:24:59,429] {dagbag.py:496} INFO - Filling up the DagBag from /home/airflow/.local/lib/python3.6/site-packages/airflow/example_dags/example_external_task_marker_dag.py
[2023-11-10 14:24:59,441] {processor.py:623} INFO - DAG(s) dict_keys(['example_external_task_marker_parent', 'example_external_task_marker_child']) retrieved from /home/airflow/.local/lib/python3.6/site-packages/airflow/example_dags/example_external_task_marker_dag.py
[2023-11-10 14:24:59,461] {logging_mixin.py:109} INFO - [2023-11-10 14:24:59,461] {dag.py:1833} INFO - Sync 2 DAGs
[2023-11-10 14:24:59,476] {logging_mixin.py:109} INFO - [2023-11-10 14:24:59,476] {dag.py:2306} INFO - Setting next_dagrun for example_external_task_marker_child to None
[2023-11-10 14:24:59,477] {logging_mixin.py:109} INFO - [2023-11-10 14:24:59,477] {dag.py:2306} INFO - Setting next_dagrun for example_external_task_marker_parent to None
[2023-11-10 14:24:59,488] {processor.py:170} INFO - Processing /home/airflow/.local/lib/python3.6/site-packages/airflow/example_dags/example_external_task_marker_dag.py took 0.063 seconds
[2023-11-10 14:25:29,763] {processor.py:162} INFO - Started process (PID=709) to work on /home/airflow/.local/lib/python3.6/site-packages/airflow/example_dags/example_external_task_marker_dag.py
[2023-11-10 14:25:29,765] {processor.py:613} INFO - Processing file /home/airflow/.local/lib/python3.6/site-packages/airflow/example_dags/example_external_task_marker_dag.py for tasks to queue
[2023-11-10 14:25:29,766] {logging_mixin.py:109} INFO - [2023-11-10 14:25:29,766] {dagbag.py:496} INFO - Filling up the DagBag from /home/airflow/.local/lib/python3.6/site-packages/airflow/example_dags/example_external_task_marker_dag.py
[2023-11-10 14:25:29,780] {processor.py:623} INFO - DAG(s) dict_keys(['example_external_task_marker_parent', 'example_external_task_marker_child']) retrieved from /home/airflow/.local/lib/python3.6/site-packages/airflow/example_dags/example_external_task_marker_dag.py
[2023-11-10 14:25:29,804] {logging_mixin.py:109} INFO - [2023-11-10 14:25:29,804] {dag.py:1833} INFO - Sync 2 DAGs
[2023-11-10 14:25:29,818] {logging_mixin.py:109} INFO - [2023-11-10 14:25:29,818] {dag.py:2306} INFO - Setting next_dagrun for example_external_task_marker_child to None
[2023-11-10 14:25:29,820] {logging_mixin.py:109} INFO - [2023-11-10 14:25:29,820] {dag.py:2306} INFO - Setting next_dagrun for example_external_task_marker_parent to None
[2023-11-10 14:25:29,829] {processor.py:170} INFO - Processing /home/airflow/.local/lib/python3.6/site-packages/airflow/example_dags/example_external_task_marker_dag.py took 0.069 seconds
[2023-11-10 14:26:00,374] {processor.py:162} INFO - Started process (PID=760) to work on /home/airflow/.local/lib/python3.6/site-packages/airflow/example_dags/example_external_task_marker_dag.py
[2023-11-10 14:26:00,375] {processor.py:613} INFO - Processing file /home/airflow/.local/lib/python3.6/site-packages/airflow/example_dags/example_external_task_marker_dag.py for tasks to queue
[2023-11-10 14:26:00,376] {logging_mixin.py:109} INFO - [2023-11-10 14:26:00,376] {dagbag.py:496} INFO - Filling up the DagBag from /home/airflow/.local/lib/python3.6/site-packages/airflow/example_dags/example_external_task_marker_dag.py
[2023-11-10 14:26:00,389] {processor.py:623} INFO - DAG(s) dict_keys(['example_external_task_marker_parent', 'example_external_task_marker_child']) retrieved from /home/airflow/.local/lib/python3.6/site-packages/airflow/example_dags/example_external_task_marker_dag.py
[2023-11-10 14:26:00,411] {logging_mixin.py:109} INFO - [2023-11-10 14:26:00,411] {dag.py:1833} INFO - Sync 2 DAGs
[2023-11-10 14:26:00,427] {logging_mixin.py:109} INFO - [2023-11-10 14:26:00,426] {dag.py:2306} INFO - Setting next_dagrun for example_external_task_marker_child to None
[2023-11-10 14:26:00,428] {logging_mixin.py:109} INFO - [2023-11-10 14:26:00,428] {dag.py:2306} INFO - Setting next_dagrun for example_external_task_marker_parent to None
[2023-11-10 14:26:00,443] {processor.py:170} INFO - Processing /home/airflow/.local/lib/python3.6/site-packages/airflow/example_dags/example_external_task_marker_dag.py took 0.071 seconds
[2023-11-10 14:26:30,593] {processor.py:162} INFO - Started process (PID=820) to work on /home/airflow/.local/lib/python3.6/site-packages/airflow/example_dags/example_external_task_marker_dag.py
[2023-11-10 14:26:30,594] {processor.py:613} INFO - Processing file /home/airflow/.local/lib/python3.6/site-packages/airflow/example_dags/example_external_task_marker_dag.py for tasks to queue
[2023-11-10 14:26:30,594] {logging_mixin.py:109} INFO - [2023-11-10 14:26:30,594] {dagbag.py:496} INFO - Filling up the DagBag from /home/airflow/.local/lib/python3.6/site-packages/airflow/example_dags/example_external_task_marker_dag.py
[2023-11-10 14:26:30,608] {processor.py:623} INFO - DAG(s) dict_keys(['example_external_task_marker_parent', 'example_external_task_marker_child']) retrieved from /home/airflow/.local/lib/python3.6/site-packages/airflow/example_dags/example_external_task_marker_dag.py
[2023-11-10 14:26:30,628] {logging_mixin.py:109} INFO - [2023-11-10 14:26:30,628] {dag.py:1833} INFO - Sync 2 DAGs
[2023-11-10 14:26:30,643] {logging_mixin.py:109} INFO - [2023-11-10 14:26:30,643] {dag.py:2306} INFO - Setting next_dagrun for example_external_task_marker_child to None
[2023-11-10 14:26:30,645] {logging_mixin.py:109} INFO - [2023-11-10 14:26:30,644] {dag.py:2306} INFO - Setting next_dagrun for example_external_task_marker_parent to None
[2023-11-10 14:26:30,656] {processor.py:170} INFO - Processing /home/airflow/.local/lib/python3.6/site-packages/airflow/example_dags/example_external_task_marker_dag.py took 0.066 seconds
[2023-11-10 14:27:01,120] {processor.py:162} INFO - Started process (PID=881) to work on /home/airflow/.local/lib/python3.6/site-packages/airflow/example_dags/example_external_task_marker_dag.py
[2023-11-10 14:27:01,123] {processor.py:613} INFO - Processing file /home/airflow/.local/lib/python3.6/site-packages/airflow/example_dags/example_external_task_marker_dag.py for tasks to queue
[2023-11-10 14:27:01,125] {logging_mixin.py:109} INFO - [2023-11-10 14:27:01,125] {dagbag.py:496} INFO - Filling up the DagBag from /home/airflow/.local/lib/python3.6/site-packages/airflow/example_dags/example_external_task_marker_dag.py
[2023-11-10 14:27:01,143] {processor.py:623} INFO - DAG(s) dict_keys(['example_external_task_marker_parent', 'example_external_task_marker_child']) retrieved from /home/airflow/.local/lib/python3.6/site-packages/airflow/example_dags/example_external_task_marker_dag.py
[2023-11-10 14:27:01,164] {logging_mixin.py:109} INFO - [2023-11-10 14:27:01,164] {dag.py:1833} INFO - Sync 2 DAGs
[2023-11-10 14:27:01,179] {logging_mixin.py:109} INFO - [2023-11-10 14:27:01,179] {dag.py:2306} INFO - Setting next_dagrun for example_external_task_marker_child to None
[2023-11-10 14:27:01,180] {logging_mixin.py:109} INFO - [2023-11-10 14:27:01,180] {dag.py:2306} INFO - Setting next_dagrun for example_external_task_marker_parent to None
[2023-11-10 14:27:01,191] {processor.py:170} INFO - Processing /home/airflow/.local/lib/python3.6/site-packages/airflow/example_dags/example_external_task_marker_dag.py took 0.082 seconds
