[2023-11-10 14:22:46,072] {processor.py:162} INFO - Started process (PID=82) to work on /home/airflow/.local/lib/python3.6/site-packages/airflow/example_dags/example_branch_day_of_week_operator.py
[2023-11-10 14:22:46,073] {processor.py:613} INFO - Processing file /home/airflow/.local/lib/python3.6/site-packages/airflow/example_dags/example_branch_day_of_week_operator.py for tasks to queue
[2023-11-10 14:22:46,074] {logging_mixin.py:109} INFO - [2023-11-10 14:22:46,074] {dagbag.py:496} INFO - Filling up the DagBag from /home/airflow/.local/lib/python3.6/site-packages/airflow/example_dags/example_branch_day_of_week_operator.py
[2023-11-10 14:22:46,093] {processor.py:623} INFO - DAG(s) dict_keys(['example_weekday_branch_operator']) retrieved from /home/airflow/.local/lib/python3.6/site-packages/airflow/example_dags/example_branch_day_of_week_operator.py
[2023-11-10 14:22:48,943] {logging_mixin.py:109} INFO - [2023-11-10 14:22:48,942] {dag.py:1833} INFO - Sync 1 DAGs
[2023-11-10 14:22:48,965] {logging_mixin.py:109} INFO - [2023-11-10 14:22:48,963] {dag.py:1852} INFO - Creating ORM DAG for example_weekday_branch_operator
[2023-11-10 14:22:48,977] {logging_mixin.py:109} INFO - [2023-11-10 14:22:48,977] {dag.py:2306} INFO - Setting next_dagrun for example_weekday_branch_operator to 2023-11-08 00:00:00+00:00
[2023-11-10 14:22:48,989] {processor.py:170} INFO - Processing /home/airflow/.local/lib/python3.6/site-packages/airflow/example_dags/example_branch_day_of_week_operator.py took 2.922 seconds
[2023-11-10 14:23:19,787] {processor.py:162} INFO - Started process (PID=468) to work on /home/airflow/.local/lib/python3.6/site-packages/airflow/example_dags/example_branch_day_of_week_operator.py
[2023-11-10 14:23:19,788] {processor.py:613} INFO - Processing file /home/airflow/.local/lib/python3.6/site-packages/airflow/example_dags/example_branch_day_of_week_operator.py for tasks to queue
[2023-11-10 14:23:19,789] {logging_mixin.py:109} INFO - [2023-11-10 14:23:19,789] {dagbag.py:496} INFO - Filling up the DagBag from /home/airflow/.local/lib/python3.6/site-packages/airflow/example_dags/example_branch_day_of_week_operator.py
[2023-11-10 14:23:19,801] {processor.py:623} INFO - DAG(s) dict_keys(['example_weekday_branch_operator']) retrieved from /home/airflow/.local/lib/python3.6/site-packages/airflow/example_dags/example_branch_day_of_week_operator.py
[2023-11-10 14:23:19,819] {logging_mixin.py:109} INFO - [2023-11-10 14:23:19,819] {dag.py:1833} INFO - Sync 1 DAGs
[2023-11-10 14:23:19,838] {logging_mixin.py:109} INFO - [2023-11-10 14:23:19,838] {dag.py:2306} INFO - Setting next_dagrun for example_weekday_branch_operator to 2023-11-08 00:00:00+00:00
[2023-11-10 14:23:19,848] {processor.py:170} INFO - Processing /home/airflow/.local/lib/python3.6/site-packages/airflow/example_dags/example_branch_day_of_week_operator.py took 0.064 seconds
[2023-11-10 14:23:50,554] {processor.py:162} INFO - Started process (PID=519) to work on /home/airflow/.local/lib/python3.6/site-packages/airflow/example_dags/example_branch_day_of_week_operator.py
[2023-11-10 14:23:50,555] {processor.py:613} INFO - Processing file /home/airflow/.local/lib/python3.6/site-packages/airflow/example_dags/example_branch_day_of_week_operator.py for tasks to queue
[2023-11-10 14:23:50,556] {logging_mixin.py:109} INFO - [2023-11-10 14:23:50,556] {dagbag.py:496} INFO - Filling up the DagBag from /home/airflow/.local/lib/python3.6/site-packages/airflow/example_dags/example_branch_day_of_week_operator.py
[2023-11-10 14:23:50,568] {processor.py:623} INFO - DAG(s) dict_keys(['example_weekday_branch_operator']) retrieved from /home/airflow/.local/lib/python3.6/site-packages/airflow/example_dags/example_branch_day_of_week_operator.py
[2023-11-10 14:23:50,585] {logging_mixin.py:109} INFO - [2023-11-10 14:23:50,585] {dag.py:1833} INFO - Sync 1 DAGs
[2023-11-10 14:23:50,601] {logging_mixin.py:109} INFO - [2023-11-10 14:23:50,601] {dag.py:2306} INFO - Setting next_dagrun for example_weekday_branch_operator to 2023-11-08 00:00:00+00:00
[2023-11-10 14:23:50,612] {processor.py:170} INFO - Processing /home/airflow/.local/lib/python3.6/site-packages/airflow/example_dags/example_branch_day_of_week_operator.py took 0.062 seconds
[2023-11-10 14:24:20,749] {processor.py:162} INFO - Started process (PID=580) to work on /home/airflow/.local/lib/python3.6/site-packages/airflow/example_dags/example_branch_day_of_week_operator.py
[2023-11-10 14:24:20,752] {processor.py:613} INFO - Processing file /home/airflow/.local/lib/python3.6/site-packages/airflow/example_dags/example_branch_day_of_week_operator.py for tasks to queue
[2023-11-10 14:24:20,754] {logging_mixin.py:109} INFO - [2023-11-10 14:24:20,754] {dagbag.py:496} INFO - Filling up the DagBag from /home/airflow/.local/lib/python3.6/site-packages/airflow/example_dags/example_branch_day_of_week_operator.py
[2023-11-10 14:24:20,770] {processor.py:623} INFO - DAG(s) dict_keys(['example_weekday_branch_operator']) retrieved from /home/airflow/.local/lib/python3.6/site-packages/airflow/example_dags/example_branch_day_of_week_operator.py
[2023-11-10 14:24:20,788] {logging_mixin.py:109} INFO - [2023-11-10 14:24:20,788] {dag.py:1833} INFO - Sync 1 DAGs
[2023-11-10 14:24:20,805] {logging_mixin.py:109} INFO - [2023-11-10 14:24:20,805] {dag.py:2306} INFO - Setting next_dagrun for example_weekday_branch_operator to 2023-11-08 00:00:00+00:00
[2023-11-10 14:24:20,813] {processor.py:170} INFO - Processing /home/airflow/.local/lib/python3.6/site-packages/airflow/example_dags/example_branch_day_of_week_operator.py took 0.072 seconds
[2023-11-10 14:24:51,156] {processor.py:162} INFO - Started process (PID=631) to work on /home/airflow/.local/lib/python3.6/site-packages/airflow/example_dags/example_branch_day_of_week_operator.py
[2023-11-10 14:24:51,159] {processor.py:613} INFO - Processing file /home/airflow/.local/lib/python3.6/site-packages/airflow/example_dags/example_branch_day_of_week_operator.py for tasks to queue
[2023-11-10 14:24:51,162] {logging_mixin.py:109} INFO - [2023-11-10 14:24:51,162] {dagbag.py:496} INFO - Filling up the DagBag from /home/airflow/.local/lib/python3.6/site-packages/airflow/example_dags/example_branch_day_of_week_operator.py
[2023-11-10 14:24:51,178] {processor.py:623} INFO - DAG(s) dict_keys(['example_weekday_branch_operator']) retrieved from /home/airflow/.local/lib/python3.6/site-packages/airflow/example_dags/example_branch_day_of_week_operator.py
[2023-11-10 14:24:51,195] {logging_mixin.py:109} INFO - [2023-11-10 14:24:51,195] {dag.py:1833} INFO - Sync 1 DAGs
[2023-11-10 14:24:51,213] {logging_mixin.py:109} INFO - [2023-11-10 14:24:51,213] {dag.py:2306} INFO - Setting next_dagrun for example_weekday_branch_operator to 2023-11-08 00:00:00+00:00
[2023-11-10 14:24:51,224] {processor.py:170} INFO - Processing /home/airflow/.local/lib/python3.6/site-packages/airflow/example_dags/example_branch_day_of_week_operator.py took 0.078 seconds
[2023-11-10 14:25:21,450] {processor.py:162} INFO - Started process (PID=692) to work on /home/airflow/.local/lib/python3.6/site-packages/airflow/example_dags/example_branch_day_of_week_operator.py
[2023-11-10 14:25:21,452] {processor.py:613} INFO - Processing file /home/airflow/.local/lib/python3.6/site-packages/airflow/example_dags/example_branch_day_of_week_operator.py for tasks to queue
[2023-11-10 14:25:21,453] {logging_mixin.py:109} INFO - [2023-11-10 14:25:21,453] {dagbag.py:496} INFO - Filling up the DagBag from /home/airflow/.local/lib/python3.6/site-packages/airflow/example_dags/example_branch_day_of_week_operator.py
[2023-11-10 14:25:21,464] {processor.py:623} INFO - DAG(s) dict_keys(['example_weekday_branch_operator']) retrieved from /home/airflow/.local/lib/python3.6/site-packages/airflow/example_dags/example_branch_day_of_week_operator.py
[2023-11-10 14:25:21,481] {logging_mixin.py:109} INFO - [2023-11-10 14:25:21,481] {dag.py:1833} INFO - Sync 1 DAGs
[2023-11-10 14:25:21,496] {logging_mixin.py:109} INFO - [2023-11-10 14:25:21,496] {dag.py:2306} INFO - Setting next_dagrun for example_weekday_branch_operator to 2023-11-08 00:00:00+00:00
[2023-11-10 14:25:21,506] {processor.py:170} INFO - Processing /home/airflow/.local/lib/python3.6/site-packages/airflow/example_dags/example_branch_day_of_week_operator.py took 0.059 seconds
[2023-11-10 14:25:52,047] {processor.py:162} INFO - Started process (PID=753) to work on /home/airflow/.local/lib/python3.6/site-packages/airflow/example_dags/example_branch_day_of_week_operator.py
[2023-11-10 14:25:52,051] {processor.py:613} INFO - Processing file /home/airflow/.local/lib/python3.6/site-packages/airflow/example_dags/example_branch_day_of_week_operator.py for tasks to queue
[2023-11-10 14:25:52,054] {logging_mixin.py:109} INFO - [2023-11-10 14:25:52,054] {dagbag.py:496} INFO - Filling up the DagBag from /home/airflow/.local/lib/python3.6/site-packages/airflow/example_dags/example_branch_day_of_week_operator.py
[2023-11-10 14:25:52,071] {processor.py:623} INFO - DAG(s) dict_keys(['example_weekday_branch_operator']) retrieved from /home/airflow/.local/lib/python3.6/site-packages/airflow/example_dags/example_branch_day_of_week_operator.py
[2023-11-10 14:25:52,087] {logging_mixin.py:109} INFO - [2023-11-10 14:25:52,087] {dag.py:1833} INFO - Sync 1 DAGs
[2023-11-10 14:25:52,102] {logging_mixin.py:109} INFO - [2023-11-10 14:25:52,102] {dag.py:2306} INFO - Setting next_dagrun for example_weekday_branch_operator to 2023-11-08 00:00:00+00:00
[2023-11-10 14:25:52,111] {processor.py:170} INFO - Processing /home/airflow/.local/lib/python3.6/site-packages/airflow/example_dags/example_branch_day_of_week_operator.py took 0.073 seconds
[2023-11-10 14:26:22,331] {processor.py:162} INFO - Started process (PID=804) to work on /home/airflow/.local/lib/python3.6/site-packages/airflow/example_dags/example_branch_day_of_week_operator.py
[2023-11-10 14:26:22,332] {processor.py:613} INFO - Processing file /home/airflow/.local/lib/python3.6/site-packages/airflow/example_dags/example_branch_day_of_week_operator.py for tasks to queue
[2023-11-10 14:26:22,333] {logging_mixin.py:109} INFO - [2023-11-10 14:26:22,333] {dagbag.py:496} INFO - Filling up the DagBag from /home/airflow/.local/lib/python3.6/site-packages/airflow/example_dags/example_branch_day_of_week_operator.py
[2023-11-10 14:26:22,343] {processor.py:623} INFO - DAG(s) dict_keys(['example_weekday_branch_operator']) retrieved from /home/airflow/.local/lib/python3.6/site-packages/airflow/example_dags/example_branch_day_of_week_operator.py
[2023-11-10 14:26:22,359] {logging_mixin.py:109} INFO - [2023-11-10 14:26:22,359] {dag.py:1833} INFO - Sync 1 DAGs
[2023-11-10 14:26:22,374] {logging_mixin.py:109} INFO - [2023-11-10 14:26:22,374] {dag.py:2306} INFO - Setting next_dagrun for example_weekday_branch_operator to 2023-11-08 00:00:00+00:00
[2023-11-10 14:26:22,383] {processor.py:170} INFO - Processing /home/airflow/.local/lib/python3.6/site-packages/airflow/example_dags/example_branch_day_of_week_operator.py took 0.054 seconds
[2023-11-10 14:26:52,810] {processor.py:162} INFO - Started process (PID=864) to work on /home/airflow/.local/lib/python3.6/site-packages/airflow/example_dags/example_branch_day_of_week_operator.py
[2023-11-10 14:26:52,814] {processor.py:613} INFO - Processing file /home/airflow/.local/lib/python3.6/site-packages/airflow/example_dags/example_branch_day_of_week_operator.py for tasks to queue
[2023-11-10 14:26:52,817] {logging_mixin.py:109} INFO - [2023-11-10 14:26:52,816] {dagbag.py:496} INFO - Filling up the DagBag from /home/airflow/.local/lib/python3.6/site-packages/airflow/example_dags/example_branch_day_of_week_operator.py
[2023-11-10 14:26:52,839] {processor.py:623} INFO - DAG(s) dict_keys(['example_weekday_branch_operator']) retrieved from /home/airflow/.local/lib/python3.6/site-packages/airflow/example_dags/example_branch_day_of_week_operator.py
[2023-11-10 14:26:52,855] {logging_mixin.py:109} INFO - [2023-11-10 14:26:52,855] {dag.py:1833} INFO - Sync 1 DAGs
[2023-11-10 14:26:52,870] {logging_mixin.py:109} INFO - [2023-11-10 14:26:52,869] {dag.py:2306} INFO - Setting next_dagrun for example_weekday_branch_operator to 2023-11-08 00:00:00+00:00
[2023-11-10 14:26:52,879] {processor.py:170} INFO - Processing /home/airflow/.local/lib/python3.6/site-packages/airflow/example_dags/example_branch_day_of_week_operator.py took 0.080 seconds
