[2023-11-10 14:22:58,184] {processor.py:162} INFO - Started process (PID=222) to work on /home/airflow/.local/lib/python3.6/site-packages/airflow/example_dags/example_nested_branch_dag.py
[2023-11-10 14:22:58,185] {processor.py:613} INFO - Processing file /home/airflow/.local/lib/python3.6/site-packages/airflow/example_dags/example_nested_branch_dag.py for tasks to queue
[2023-11-10 14:22:58,186] {logging_mixin.py:109} INFO - [2023-11-10 14:22:58,186] {dagbag.py:496} INFO - Filling up the DagBag from /home/airflow/.local/lib/python3.6/site-packages/airflow/example_dags/example_nested_branch_dag.py
[2023-11-10 14:22:58,200] {processor.py:623} INFO - DAG(s) dict_keys(['example_nested_branch_dag']) retrieved from /home/airflow/.local/lib/python3.6/site-packages/airflow/example_dags/example_nested_branch_dag.py
[2023-11-10 14:22:59,850] {logging_mixin.py:109} INFO - [2023-11-10 14:22:59,848] {dag.py:1833} INFO - Sync 1 DAGs
[2023-11-10 14:22:59,858] {logging_mixin.py:109} INFO - [2023-11-10 14:22:59,857] {dag.py:1852} INFO - Creating ORM DAG for example_nested_branch_dag
[2023-11-10 14:22:59,865] {logging_mixin.py:109} INFO - [2023-11-10 14:22:59,865] {dag.py:2306} INFO - Setting next_dagrun for example_nested_branch_dag to 2023-11-08 00:00:00+00:00
[2023-11-10 14:22:59,875] {processor.py:170} INFO - Processing /home/airflow/.local/lib/python3.6/site-packages/airflow/example_dags/example_nested_branch_dag.py took 1.694 seconds
[2023-11-10 14:23:30,266] {processor.py:162} INFO - Started process (PID=488) to work on /home/airflow/.local/lib/python3.6/site-packages/airflow/example_dags/example_nested_branch_dag.py
[2023-11-10 14:23:30,267] {processor.py:613} INFO - Processing file /home/airflow/.local/lib/python3.6/site-packages/airflow/example_dags/example_nested_branch_dag.py for tasks to queue
[2023-11-10 14:23:30,268] {logging_mixin.py:109} INFO - [2023-11-10 14:23:30,268] {dagbag.py:496} INFO - Filling up the DagBag from /home/airflow/.local/lib/python3.6/site-packages/airflow/example_dags/example_nested_branch_dag.py
[2023-11-10 14:23:30,282] {processor.py:623} INFO - DAG(s) dict_keys(['example_nested_branch_dag']) retrieved from /home/airflow/.local/lib/python3.6/site-packages/airflow/example_dags/example_nested_branch_dag.py
[2023-11-10 14:23:30,300] {logging_mixin.py:109} INFO - [2023-11-10 14:23:30,300] {dag.py:1833} INFO - Sync 1 DAGs
[2023-11-10 14:23:30,318] {logging_mixin.py:109} INFO - [2023-11-10 14:23:30,318] {dag.py:2306} INFO - Setting next_dagrun for example_nested_branch_dag to 2023-11-08 00:00:00+00:00
[2023-11-10 14:23:30,330] {processor.py:170} INFO - Processing /home/airflow/.local/lib/python3.6/site-packages/airflow/example_dags/example_nested_branch_dag.py took 0.067 seconds
[2023-11-10 14:24:00,923] {processor.py:162} INFO - Started process (PID=539) to work on /home/airflow/.local/lib/python3.6/site-packages/airflow/example_dags/example_nested_branch_dag.py
[2023-11-10 14:24:00,926] {processor.py:613} INFO - Processing file /home/airflow/.local/lib/python3.6/site-packages/airflow/example_dags/example_nested_branch_dag.py for tasks to queue
[2023-11-10 14:24:00,928] {logging_mixin.py:109} INFO - [2023-11-10 14:24:00,927] {dagbag.py:496} INFO - Filling up the DagBag from /home/airflow/.local/lib/python3.6/site-packages/airflow/example_dags/example_nested_branch_dag.py
[2023-11-10 14:24:00,947] {processor.py:623} INFO - DAG(s) dict_keys(['example_nested_branch_dag']) retrieved from /home/airflow/.local/lib/python3.6/site-packages/airflow/example_dags/example_nested_branch_dag.py
[2023-11-10 14:24:00,966] {logging_mixin.py:109} INFO - [2023-11-10 14:24:00,965] {dag.py:1833} INFO - Sync 1 DAGs
[2023-11-10 14:24:00,980] {logging_mixin.py:109} INFO - [2023-11-10 14:24:00,980] {dag.py:2306} INFO - Setting next_dagrun for example_nested_branch_dag to 2023-11-08 00:00:00+00:00
[2023-11-10 14:24:00,989] {processor.py:170} INFO - Processing /home/airflow/.local/lib/python3.6/site-packages/airflow/example_dags/example_nested_branch_dag.py took 0.074 seconds
[2023-11-10 14:24:31,226] {processor.py:162} INFO - Started process (PID=600) to work on /home/airflow/.local/lib/python3.6/site-packages/airflow/example_dags/example_nested_branch_dag.py
[2023-11-10 14:24:31,227] {processor.py:613} INFO - Processing file /home/airflow/.local/lib/python3.6/site-packages/airflow/example_dags/example_nested_branch_dag.py for tasks to queue
[2023-11-10 14:24:31,228] {logging_mixin.py:109} INFO - [2023-11-10 14:24:31,228] {dagbag.py:496} INFO - Filling up the DagBag from /home/airflow/.local/lib/python3.6/site-packages/airflow/example_dags/example_nested_branch_dag.py
[2023-11-10 14:24:31,242] {processor.py:623} INFO - DAG(s) dict_keys(['example_nested_branch_dag']) retrieved from /home/airflow/.local/lib/python3.6/site-packages/airflow/example_dags/example_nested_branch_dag.py
[2023-11-10 14:24:31,261] {logging_mixin.py:109} INFO - [2023-11-10 14:24:31,261] {dag.py:1833} INFO - Sync 1 DAGs
[2023-11-10 14:24:31,279] {logging_mixin.py:109} INFO - [2023-11-10 14:24:31,279] {dag.py:2306} INFO - Setting next_dagrun for example_nested_branch_dag to 2023-11-08 00:00:00+00:00
[2023-11-10 14:24:31,289] {processor.py:170} INFO - Processing /home/airflow/.local/lib/python3.6/site-packages/airflow/example_dags/example_nested_branch_dag.py took 0.067 seconds
[2023-11-10 14:25:01,534] {processor.py:162} INFO - Started process (PID=651) to work on /home/airflow/.local/lib/python3.6/site-packages/airflow/example_dags/example_nested_branch_dag.py
[2023-11-10 14:25:01,538] {processor.py:613} INFO - Processing file /home/airflow/.local/lib/python3.6/site-packages/airflow/example_dags/example_nested_branch_dag.py for tasks to queue
[2023-11-10 14:25:01,540] {logging_mixin.py:109} INFO - [2023-11-10 14:25:01,540] {dagbag.py:496} INFO - Filling up the DagBag from /home/airflow/.local/lib/python3.6/site-packages/airflow/example_dags/example_nested_branch_dag.py
[2023-11-10 14:25:01,559] {processor.py:623} INFO - DAG(s) dict_keys(['example_nested_branch_dag']) retrieved from /home/airflow/.local/lib/python3.6/site-packages/airflow/example_dags/example_nested_branch_dag.py
[2023-11-10 14:25:01,577] {logging_mixin.py:109} INFO - [2023-11-10 14:25:01,577] {dag.py:1833} INFO - Sync 1 DAGs
[2023-11-10 14:25:01,594] {logging_mixin.py:109} INFO - [2023-11-10 14:25:01,593] {dag.py:2306} INFO - Setting next_dagrun for example_nested_branch_dag to 2023-11-08 00:00:00+00:00
[2023-11-10 14:25:01,607] {processor.py:170} INFO - Processing /home/airflow/.local/lib/python3.6/site-packages/airflow/example_dags/example_nested_branch_dag.py took 0.082 seconds
[2023-11-10 14:25:31,886] {processor.py:162} INFO - Started process (PID=712) to work on /home/airflow/.local/lib/python3.6/site-packages/airflow/example_dags/example_nested_branch_dag.py
[2023-11-10 14:25:31,890] {processor.py:613} INFO - Processing file /home/airflow/.local/lib/python3.6/site-packages/airflow/example_dags/example_nested_branch_dag.py for tasks to queue
[2023-11-10 14:25:31,892] {logging_mixin.py:109} INFO - [2023-11-10 14:25:31,892] {dagbag.py:496} INFO - Filling up the DagBag from /home/airflow/.local/lib/python3.6/site-packages/airflow/example_dags/example_nested_branch_dag.py
[2023-11-10 14:25:31,912] {processor.py:623} INFO - DAG(s) dict_keys(['example_nested_branch_dag']) retrieved from /home/airflow/.local/lib/python3.6/site-packages/airflow/example_dags/example_nested_branch_dag.py
[2023-11-10 14:25:31,929] {logging_mixin.py:109} INFO - [2023-11-10 14:25:31,929] {dag.py:1833} INFO - Sync 1 DAGs
[2023-11-10 14:25:31,944] {logging_mixin.py:109} INFO - [2023-11-10 14:25:31,944] {dag.py:2306} INFO - Setting next_dagrun for example_nested_branch_dag to 2023-11-08 00:00:00+00:00
[2023-11-10 14:25:31,954] {processor.py:170} INFO - Processing /home/airflow/.local/lib/python3.6/site-packages/airflow/example_dags/example_nested_branch_dag.py took 0.079 seconds
[2023-11-10 14:26:02,482] {processor.py:162} INFO - Started process (PID=773) to work on /home/airflow/.local/lib/python3.6/site-packages/airflow/example_dags/example_nested_branch_dag.py
[2023-11-10 14:26:02,487] {processor.py:613} INFO - Processing file /home/airflow/.local/lib/python3.6/site-packages/airflow/example_dags/example_nested_branch_dag.py for tasks to queue
[2023-11-10 14:26:02,490] {logging_mixin.py:109} INFO - [2023-11-10 14:26:02,489] {dagbag.py:496} INFO - Filling up the DagBag from /home/airflow/.local/lib/python3.6/site-packages/airflow/example_dags/example_nested_branch_dag.py
[2023-11-10 14:26:02,515] {processor.py:623} INFO - DAG(s) dict_keys(['example_nested_branch_dag']) retrieved from /home/airflow/.local/lib/python3.6/site-packages/airflow/example_dags/example_nested_branch_dag.py
[2023-11-10 14:26:02,533] {logging_mixin.py:109} INFO - [2023-11-10 14:26:02,532] {dag.py:1833} INFO - Sync 1 DAGs
[2023-11-10 14:26:02,548] {logging_mixin.py:109} INFO - [2023-11-10 14:26:02,548] {dag.py:2306} INFO - Setting next_dagrun for example_nested_branch_dag to 2023-11-08 00:00:00+00:00
[2023-11-10 14:26:02,559] {processor.py:170} INFO - Processing /home/airflow/.local/lib/python3.6/site-packages/airflow/example_dags/example_nested_branch_dag.py took 0.087 seconds
[2023-11-10 14:26:32,698] {processor.py:162} INFO - Started process (PID=823) to work on /home/airflow/.local/lib/python3.6/site-packages/airflow/example_dags/example_nested_branch_dag.py
[2023-11-10 14:26:32,700] {processor.py:613} INFO - Processing file /home/airflow/.local/lib/python3.6/site-packages/airflow/example_dags/example_nested_branch_dag.py for tasks to queue
[2023-11-10 14:26:32,702] {logging_mixin.py:109} INFO - [2023-11-10 14:26:32,701] {dagbag.py:496} INFO - Filling up the DagBag from /home/airflow/.local/lib/python3.6/site-packages/airflow/example_dags/example_nested_branch_dag.py
[2023-11-10 14:26:32,717] {processor.py:623} INFO - DAG(s) dict_keys(['example_nested_branch_dag']) retrieved from /home/airflow/.local/lib/python3.6/site-packages/airflow/example_dags/example_nested_branch_dag.py
[2023-11-10 14:26:32,735] {logging_mixin.py:109} INFO - [2023-11-10 14:26:32,735] {dag.py:1833} INFO - Sync 1 DAGs
[2023-11-10 14:26:32,750] {logging_mixin.py:109} INFO - [2023-11-10 14:26:32,750] {dag.py:2306} INFO - Setting next_dagrun for example_nested_branch_dag to 2023-11-08 00:00:00+00:00
[2023-11-10 14:26:32,760] {processor.py:170} INFO - Processing /home/airflow/.local/lib/python3.6/site-packages/airflow/example_dags/example_nested_branch_dag.py took 0.067 seconds
[2023-11-10 14:27:03,247] {processor.py:162} INFO - Started process (PID=884) to work on /home/airflow/.local/lib/python3.6/site-packages/airflow/example_dags/example_nested_branch_dag.py
[2023-11-10 14:27:03,251] {processor.py:613} INFO - Processing file /home/airflow/.local/lib/python3.6/site-packages/airflow/example_dags/example_nested_branch_dag.py for tasks to queue
[2023-11-10 14:27:03,255] {logging_mixin.py:109} INFO - [2023-11-10 14:27:03,254] {dagbag.py:496} INFO - Filling up the DagBag from /home/airflow/.local/lib/python3.6/site-packages/airflow/example_dags/example_nested_branch_dag.py
[2023-11-10 14:27:03,277] {processor.py:623} INFO - DAG(s) dict_keys(['example_nested_branch_dag']) retrieved from /home/airflow/.local/lib/python3.6/site-packages/airflow/example_dags/example_nested_branch_dag.py
[2023-11-10 14:27:03,294] {logging_mixin.py:109} INFO - [2023-11-10 14:27:03,294] {dag.py:1833} INFO - Sync 1 DAGs
[2023-11-10 14:27:03,311] {logging_mixin.py:109} INFO - [2023-11-10 14:27:03,311] {dag.py:2306} INFO - Setting next_dagrun for example_nested_branch_dag to 2023-11-08 00:00:00+00:00
[2023-11-10 14:27:03,321] {processor.py:170} INFO - Processing /home/airflow/.local/lib/python3.6/site-packages/airflow/example_dags/example_nested_branch_dag.py took 0.084 seconds
