[2023-11-10 14:23:08,761] {processor.py:162} INFO - Started process (PID=375) to work on /home/airflow/.local/lib/python3.6/site-packages/airflow/example_dags/example_bash_operator.py
[2023-11-10 14:23:08,763] {processor.py:613} INFO - Processing file /home/airflow/.local/lib/python3.6/site-packages/airflow/example_dags/example_bash_operator.py for tasks to queue
[2023-11-10 14:23:08,764] {logging_mixin.py:109} INFO - [2023-11-10 14:23:08,764] {dagbag.py:496} INFO - Filling up the DagBag from /home/airflow/.local/lib/python3.6/site-packages/airflow/example_dags/example_bash_operator.py
[2023-11-10 14:23:08,782] {processor.py:623} INFO - DAG(s) dict_keys(['example_bash_operator']) retrieved from /home/airflow/.local/lib/python3.6/site-packages/airflow/example_dags/example_bash_operator.py
[2023-11-10 14:23:10,883] {logging_mixin.py:109} INFO - [2023-11-10 14:23:10,882] {dag.py:1833} INFO - Sync 1 DAGs
[2023-11-10 14:23:10,894] {logging_mixin.py:109} INFO - [2023-11-10 14:23:10,893] {dag.py:1852} INFO - Creating ORM DAG for example_bash_operator
[2023-11-10 14:23:10,904] {logging_mixin.py:109} INFO - [2023-11-10 14:23:10,904] {dag.py:2306} INFO - Setting next_dagrun for example_bash_operator to 2023-11-08 00:00:00+00:00
[2023-11-10 14:23:10,914] {processor.py:170} INFO - Processing /home/airflow/.local/lib/python3.6/site-packages/airflow/example_dags/example_bash_operator.py took 2.156 seconds
[2023-11-10 14:23:41,118] {processor.py:162} INFO - Started process (PID=505) to work on /home/airflow/.local/lib/python3.6/site-packages/airflow/example_dags/example_bash_operator.py
[2023-11-10 14:23:41,121] {processor.py:613} INFO - Processing file /home/airflow/.local/lib/python3.6/site-packages/airflow/example_dags/example_bash_operator.py for tasks to queue
[2023-11-10 14:23:41,122] {logging_mixin.py:109} INFO - [2023-11-10 14:23:41,122] {dagbag.py:496} INFO - Filling up the DagBag from /home/airflow/.local/lib/python3.6/site-packages/airflow/example_dags/example_bash_operator.py
[2023-11-10 14:23:41,146] {processor.py:623} INFO - DAG(s) dict_keys(['example_bash_operator']) retrieved from /home/airflow/.local/lib/python3.6/site-packages/airflow/example_dags/example_bash_operator.py
[2023-11-10 14:23:41,167] {logging_mixin.py:109} INFO - [2023-11-10 14:23:41,167] {dag.py:1833} INFO - Sync 1 DAGs
[2023-11-10 14:23:41,188] {logging_mixin.py:109} INFO - [2023-11-10 14:23:41,188] {dag.py:2306} INFO - Setting next_dagrun for example_bash_operator to 2023-11-08 00:00:00+00:00
[2023-11-10 14:23:41,199] {processor.py:170} INFO - Processing /home/airflow/.local/lib/python3.6/site-packages/airflow/example_dags/example_bash_operator.py took 0.088 seconds
[2023-11-10 14:24:11,443] {processor.py:162} INFO - Started process (PID=560) to work on /home/airflow/.local/lib/python3.6/site-packages/airflow/example_dags/example_bash_operator.py
[2023-11-10 14:24:11,444] {processor.py:613} INFO - Processing file /home/airflow/.local/lib/python3.6/site-packages/airflow/example_dags/example_bash_operator.py for tasks to queue
[2023-11-10 14:24:11,445] {logging_mixin.py:109} INFO - [2023-11-10 14:24:11,445] {dagbag.py:496} INFO - Filling up the DagBag from /home/airflow/.local/lib/python3.6/site-packages/airflow/example_dags/example_bash_operator.py
[2023-11-10 14:24:11,458] {processor.py:623} INFO - DAG(s) dict_keys(['example_bash_operator']) retrieved from /home/airflow/.local/lib/python3.6/site-packages/airflow/example_dags/example_bash_operator.py
[2023-11-10 14:24:11,474] {logging_mixin.py:109} INFO - [2023-11-10 14:24:11,474] {dag.py:1833} INFO - Sync 1 DAGs
[2023-11-10 14:24:11,488] {logging_mixin.py:109} INFO - [2023-11-10 14:24:11,488] {dag.py:2306} INFO - Setting next_dagrun for example_bash_operator to 2023-11-08 00:00:00+00:00
[2023-11-10 14:24:11,500] {processor.py:170} INFO - Processing /home/airflow/.local/lib/python3.6/site-packages/airflow/example_dags/example_bash_operator.py took 0.060 seconds
[2023-11-10 14:24:41,771] {processor.py:162} INFO - Started process (PID=621) to work on /home/airflow/.local/lib/python3.6/site-packages/airflow/example_dags/example_bash_operator.py
[2023-11-10 14:24:41,773] {processor.py:613} INFO - Processing file /home/airflow/.local/lib/python3.6/site-packages/airflow/example_dags/example_bash_operator.py for tasks to queue
[2023-11-10 14:24:41,774] {logging_mixin.py:109} INFO - [2023-11-10 14:24:41,774] {dagbag.py:496} INFO - Filling up the DagBag from /home/airflow/.local/lib/python3.6/site-packages/airflow/example_dags/example_bash_operator.py
[2023-11-10 14:24:41,786] {processor.py:623} INFO - DAG(s) dict_keys(['example_bash_operator']) retrieved from /home/airflow/.local/lib/python3.6/site-packages/airflow/example_dags/example_bash_operator.py
[2023-11-10 14:24:41,802] {logging_mixin.py:109} INFO - [2023-11-10 14:24:41,802] {dag.py:1833} INFO - Sync 1 DAGs
[2023-11-10 14:24:41,817] {logging_mixin.py:109} INFO - [2023-11-10 14:24:41,817] {dag.py:2306} INFO - Setting next_dagrun for example_bash_operator to 2023-11-08 00:00:00+00:00
[2023-11-10 14:24:41,831] {processor.py:170} INFO - Processing /home/airflow/.local/lib/python3.6/site-packages/airflow/example_dags/example_bash_operator.py took 0.063 seconds
[2023-11-10 14:25:12,099] {processor.py:162} INFO - Started process (PID=672) to work on /home/airflow/.local/lib/python3.6/site-packages/airflow/example_dags/example_bash_operator.py
[2023-11-10 14:25:12,101] {processor.py:613} INFO - Processing file /home/airflow/.local/lib/python3.6/site-packages/airflow/example_dags/example_bash_operator.py for tasks to queue
[2023-11-10 14:25:12,101] {logging_mixin.py:109} INFO - [2023-11-10 14:25:12,101] {dagbag.py:496} INFO - Filling up the DagBag from /home/airflow/.local/lib/python3.6/site-packages/airflow/example_dags/example_bash_operator.py
[2023-11-10 14:25:12,114] {processor.py:623} INFO - DAG(s) dict_keys(['example_bash_operator']) retrieved from /home/airflow/.local/lib/python3.6/site-packages/airflow/example_dags/example_bash_operator.py
[2023-11-10 14:25:12,131] {logging_mixin.py:109} INFO - [2023-11-10 14:25:12,131] {dag.py:1833} INFO - Sync 1 DAGs
[2023-11-10 14:25:12,146] {logging_mixin.py:109} INFO - [2023-11-10 14:25:12,146] {dag.py:2306} INFO - Setting next_dagrun for example_bash_operator to 2023-11-08 00:00:00+00:00
[2023-11-10 14:25:12,158] {processor.py:170} INFO - Processing /home/airflow/.local/lib/python3.6/site-packages/airflow/example_dags/example_bash_operator.py took 0.062 seconds
[2023-11-10 14:25:42,677] {processor.py:162} INFO - Started process (PID=733) to work on /home/airflow/.local/lib/python3.6/site-packages/airflow/example_dags/example_bash_operator.py
[2023-11-10 14:25:42,680] {processor.py:613} INFO - Processing file /home/airflow/.local/lib/python3.6/site-packages/airflow/example_dags/example_bash_operator.py for tasks to queue
[2023-11-10 14:25:42,681] {logging_mixin.py:109} INFO - [2023-11-10 14:25:42,681] {dagbag.py:496} INFO - Filling up the DagBag from /home/airflow/.local/lib/python3.6/site-packages/airflow/example_dags/example_bash_operator.py
[2023-11-10 14:25:42,699] {processor.py:623} INFO - DAG(s) dict_keys(['example_bash_operator']) retrieved from /home/airflow/.local/lib/python3.6/site-packages/airflow/example_dags/example_bash_operator.py
[2023-11-10 14:25:42,716] {logging_mixin.py:109} INFO - [2023-11-10 14:25:42,716] {dag.py:1833} INFO - Sync 1 DAGs
[2023-11-10 14:25:42,731] {logging_mixin.py:109} INFO - [2023-11-10 14:25:42,731] {dag.py:2306} INFO - Setting next_dagrun for example_bash_operator to 2023-11-08 00:00:00+00:00
[2023-11-10 14:25:42,741] {processor.py:170} INFO - Processing /home/airflow/.local/lib/python3.6/site-packages/airflow/example_dags/example_bash_operator.py took 0.072 seconds
[2023-11-10 14:26:12,933] {processor.py:162} INFO - Started process (PID=794) to work on /home/airflow/.local/lib/python3.6/site-packages/airflow/example_dags/example_bash_operator.py
[2023-11-10 14:26:12,934] {processor.py:613} INFO - Processing file /home/airflow/.local/lib/python3.6/site-packages/airflow/example_dags/example_bash_operator.py for tasks to queue
[2023-11-10 14:26:12,935] {logging_mixin.py:109} INFO - [2023-11-10 14:26:12,934] {dagbag.py:496} INFO - Filling up the DagBag from /home/airflow/.local/lib/python3.6/site-packages/airflow/example_dags/example_bash_operator.py
[2023-11-10 14:26:12,948] {processor.py:623} INFO - DAG(s) dict_keys(['example_bash_operator']) retrieved from /home/airflow/.local/lib/python3.6/site-packages/airflow/example_dags/example_bash_operator.py
[2023-11-10 14:26:12,966] {logging_mixin.py:109} INFO - [2023-11-10 14:26:12,966] {dag.py:1833} INFO - Sync 1 DAGs
[2023-11-10 14:26:12,980] {logging_mixin.py:109} INFO - [2023-11-10 14:26:12,980] {dag.py:2306} INFO - Setting next_dagrun for example_bash_operator to 2023-11-08 00:00:00+00:00
[2023-11-10 14:26:12,989] {processor.py:170} INFO - Processing /home/airflow/.local/lib/python3.6/site-packages/airflow/example_dags/example_bash_operator.py took 0.060 seconds
[2023-11-10 14:26:43,467] {processor.py:162} INFO - Started process (PID=844) to work on /home/airflow/.local/lib/python3.6/site-packages/airflow/example_dags/example_bash_operator.py
[2023-11-10 14:26:43,468] {processor.py:613} INFO - Processing file /home/airflow/.local/lib/python3.6/site-packages/airflow/example_dags/example_bash_operator.py for tasks to queue
[2023-11-10 14:26:43,469] {logging_mixin.py:109} INFO - [2023-11-10 14:26:43,469] {dagbag.py:496} INFO - Filling up the DagBag from /home/airflow/.local/lib/python3.6/site-packages/airflow/example_dags/example_bash_operator.py
[2023-11-10 14:26:43,481] {processor.py:623} INFO - DAG(s) dict_keys(['example_bash_operator']) retrieved from /home/airflow/.local/lib/python3.6/site-packages/airflow/example_dags/example_bash_operator.py
[2023-11-10 14:26:43,497] {logging_mixin.py:109} INFO - [2023-11-10 14:26:43,497] {dag.py:1833} INFO - Sync 1 DAGs
[2023-11-10 14:26:43,512] {logging_mixin.py:109} INFO - [2023-11-10 14:26:43,511] {dag.py:2306} INFO - Setting next_dagrun for example_bash_operator to 2023-11-08 00:00:00+00:00
[2023-11-10 14:26:43,520] {processor.py:170} INFO - Processing /home/airflow/.local/lib/python3.6/site-packages/airflow/example_dags/example_bash_operator.py took 0.063 seconds
