[2023-11-10 14:23:06,742] {processor.py:162} INFO - Started process (PID=349) to work on /home/airflow/.local/lib/python3.6/site-packages/airflow/example_dags/example_task_group_decorator.py
[2023-11-10 14:23:06,743] {processor.py:613} INFO - Processing file /home/airflow/.local/lib/python3.6/site-packages/airflow/example_dags/example_task_group_decorator.py for tasks to queue
[2023-11-10 14:23:06,744] {logging_mixin.py:109} INFO - [2023-11-10 14:23:06,743] {dagbag.py:496} INFO - Filling up the DagBag from /home/airflow/.local/lib/python3.6/site-packages/airflow/example_dags/example_task_group_decorator.py
[2023-11-10 14:23:06,766] {processor.py:623} INFO - DAG(s) dict_keys(['example_task_group_decorator']) retrieved from /home/airflow/.local/lib/python3.6/site-packages/airflow/example_dags/example_task_group_decorator.py
[2023-11-10 14:23:08,711] {logging_mixin.py:109} INFO - [2023-11-10 14:23:08,710] {dag.py:1833} INFO - Sync 1 DAGs
[2023-11-10 14:23:08,721] {logging_mixin.py:109} INFO - [2023-11-10 14:23:08,720] {dag.py:1852} INFO - Creating ORM DAG for example_task_group_decorator
[2023-11-10 14:23:08,726] {logging_mixin.py:109} INFO - [2023-11-10 14:23:08,726] {dag.py:2306} INFO - Setting next_dagrun for example_task_group_decorator to 2023-11-08 00:00:00+00:00
[2023-11-10 14:23:08,736] {processor.py:170} INFO - Processing /home/airflow/.local/lib/python3.6/site-packages/airflow/example_dags/example_task_group_decorator.py took 1.998 seconds
[2023-11-10 14:23:38,876] {processor.py:162} INFO - Started process (PID=497) to work on /home/airflow/.local/lib/python3.6/site-packages/airflow/example_dags/example_task_group_decorator.py
[2023-11-10 14:23:38,880] {processor.py:613} INFO - Processing file /home/airflow/.local/lib/python3.6/site-packages/airflow/example_dags/example_task_group_decorator.py for tasks to queue
[2023-11-10 14:23:38,883] {logging_mixin.py:109} INFO - [2023-11-10 14:23:38,882] {dagbag.py:496} INFO - Filling up the DagBag from /home/airflow/.local/lib/python3.6/site-packages/airflow/example_dags/example_task_group_decorator.py
[2023-11-10 14:23:38,915] {processor.py:623} INFO - DAG(s) dict_keys(['example_task_group_decorator']) retrieved from /home/airflow/.local/lib/python3.6/site-packages/airflow/example_dags/example_task_group_decorator.py
[2023-11-10 14:23:39,067] {logging_mixin.py:109} INFO - [2023-11-10 14:23:39,067] {dag.py:1833} INFO - Sync 1 DAGs
[2023-11-10 14:23:39,082] {logging_mixin.py:109} INFO - [2023-11-10 14:23:39,082] {dag.py:2306} INFO - Setting next_dagrun for example_task_group_decorator to 2023-11-08 00:00:00+00:00
[2023-11-10 14:23:39,092] {processor.py:170} INFO - Processing /home/airflow/.local/lib/python3.6/site-packages/airflow/example_dags/example_task_group_decorator.py took 0.225 seconds
[2023-11-10 14:24:09,221] {processor.py:162} INFO - Started process (PID=558) to work on /home/airflow/.local/lib/python3.6/site-packages/airflow/example_dags/example_task_group_decorator.py
[2023-11-10 14:24:09,222] {processor.py:613} INFO - Processing file /home/airflow/.local/lib/python3.6/site-packages/airflow/example_dags/example_task_group_decorator.py for tasks to queue
[2023-11-10 14:24:09,222] {logging_mixin.py:109} INFO - [2023-11-10 14:24:09,222] {dagbag.py:496} INFO - Filling up the DagBag from /home/airflow/.local/lib/python3.6/site-packages/airflow/example_dags/example_task_group_decorator.py
[2023-11-10 14:24:09,243] {processor.py:623} INFO - DAG(s) dict_keys(['example_task_group_decorator']) retrieved from /home/airflow/.local/lib/python3.6/site-packages/airflow/example_dags/example_task_group_decorator.py
[2023-11-10 14:24:09,399] {logging_mixin.py:109} INFO - [2023-11-10 14:24:09,399] {dag.py:1833} INFO - Sync 1 DAGs
[2023-11-10 14:24:09,409] {logging_mixin.py:109} INFO - [2023-11-10 14:24:09,409] {dag.py:2306} INFO - Setting next_dagrun for example_task_group_decorator to 2023-11-08 00:00:00+00:00
[2023-11-10 14:24:09,420] {processor.py:170} INFO - Processing /home/airflow/.local/lib/python3.6/site-packages/airflow/example_dags/example_task_group_decorator.py took 0.202 seconds
[2023-11-10 14:24:39,513] {processor.py:162} INFO - Started process (PID=609) to work on /home/airflow/.local/lib/python3.6/site-packages/airflow/example_dags/example_task_group_decorator.py
[2023-11-10 14:24:39,516] {processor.py:613} INFO - Processing file /home/airflow/.local/lib/python3.6/site-packages/airflow/example_dags/example_task_group_decorator.py for tasks to queue
[2023-11-10 14:24:39,518] {logging_mixin.py:109} INFO - [2023-11-10 14:24:39,517] {dagbag.py:496} INFO - Filling up the DagBag from /home/airflow/.local/lib/python3.6/site-packages/airflow/example_dags/example_task_group_decorator.py
[2023-11-10 14:24:39,552] {processor.py:623} INFO - DAG(s) dict_keys(['example_task_group_decorator']) retrieved from /home/airflow/.local/lib/python3.6/site-packages/airflow/example_dags/example_task_group_decorator.py
[2023-11-10 14:24:39,718] {logging_mixin.py:109} INFO - [2023-11-10 14:24:39,718] {dag.py:1833} INFO - Sync 1 DAGs
[2023-11-10 14:24:39,731] {logging_mixin.py:109} INFO - [2023-11-10 14:24:39,731] {dag.py:2306} INFO - Setting next_dagrun for example_task_group_decorator to 2023-11-08 00:00:00+00:00
[2023-11-10 14:24:39,745] {processor.py:170} INFO - Processing /home/airflow/.local/lib/python3.6/site-packages/airflow/example_dags/example_task_group_decorator.py took 0.243 seconds
[2023-11-10 14:25:09,881] {processor.py:162} INFO - Started process (PID=670) to work on /home/airflow/.local/lib/python3.6/site-packages/airflow/example_dags/example_task_group_decorator.py
[2023-11-10 14:25:09,883] {processor.py:613} INFO - Processing file /home/airflow/.local/lib/python3.6/site-packages/airflow/example_dags/example_task_group_decorator.py for tasks to queue
[2023-11-10 14:25:09,884] {logging_mixin.py:109} INFO - [2023-11-10 14:25:09,884] {dagbag.py:496} INFO - Filling up the DagBag from /home/airflow/.local/lib/python3.6/site-packages/airflow/example_dags/example_task_group_decorator.py
[2023-11-10 14:25:09,904] {processor.py:623} INFO - DAG(s) dict_keys(['example_task_group_decorator']) retrieved from /home/airflow/.local/lib/python3.6/site-packages/airflow/example_dags/example_task_group_decorator.py
[2023-11-10 14:25:10,055] {logging_mixin.py:109} INFO - [2023-11-10 14:25:10,055] {dag.py:1833} INFO - Sync 1 DAGs
[2023-11-10 14:25:10,066] {logging_mixin.py:109} INFO - [2023-11-10 14:25:10,066] {dag.py:2306} INFO - Setting next_dagrun for example_task_group_decorator to 2023-11-08 00:00:00+00:00
[2023-11-10 14:25:10,078] {processor.py:170} INFO - Processing /home/airflow/.local/lib/python3.6/site-packages/airflow/example_dags/example_task_group_decorator.py took 0.200 seconds
[2023-11-10 14:25:40,414] {processor.py:162} INFO - Started process (PID=731) to work on /home/airflow/.local/lib/python3.6/site-packages/airflow/example_dags/example_task_group_decorator.py
[2023-11-10 14:25:40,416] {processor.py:613} INFO - Processing file /home/airflow/.local/lib/python3.6/site-packages/airflow/example_dags/example_task_group_decorator.py for tasks to queue
[2023-11-10 14:25:40,417] {logging_mixin.py:109} INFO - [2023-11-10 14:25:40,416] {dagbag.py:496} INFO - Filling up the DagBag from /home/airflow/.local/lib/python3.6/site-packages/airflow/example_dags/example_task_group_decorator.py
[2023-11-10 14:25:40,436] {processor.py:623} INFO - DAG(s) dict_keys(['example_task_group_decorator']) retrieved from /home/airflow/.local/lib/python3.6/site-packages/airflow/example_dags/example_task_group_decorator.py
[2023-11-10 14:25:40,611] {logging_mixin.py:109} INFO - [2023-11-10 14:25:40,610] {dag.py:1833} INFO - Sync 1 DAGs
[2023-11-10 14:25:40,625] {logging_mixin.py:109} INFO - [2023-11-10 14:25:40,624] {dag.py:2306} INFO - Setting next_dagrun for example_task_group_decorator to 2023-11-08 00:00:00+00:00
[2023-11-10 14:25:40,637] {processor.py:170} INFO - Processing /home/airflow/.local/lib/python3.6/site-packages/airflow/example_dags/example_task_group_decorator.py took 0.225 seconds
[2023-11-10 14:26:10,839] {processor.py:162} INFO - Started process (PID=782) to work on /home/airflow/.local/lib/python3.6/site-packages/airflow/example_dags/example_task_group_decorator.py
[2023-11-10 14:26:10,840] {processor.py:613} INFO - Processing file /home/airflow/.local/lib/python3.6/site-packages/airflow/example_dags/example_task_group_decorator.py for tasks to queue
[2023-11-10 14:26:10,841] {logging_mixin.py:109} INFO - [2023-11-10 14:26:10,841] {dagbag.py:496} INFO - Filling up the DagBag from /home/airflow/.local/lib/python3.6/site-packages/airflow/example_dags/example_task_group_decorator.py
[2023-11-10 14:26:10,863] {processor.py:623} INFO - DAG(s) dict_keys(['example_task_group_decorator']) retrieved from /home/airflow/.local/lib/python3.6/site-packages/airflow/example_dags/example_task_group_decorator.py
[2023-11-10 14:26:11,013] {logging_mixin.py:109} INFO - [2023-11-10 14:26:11,012] {dag.py:1833} INFO - Sync 1 DAGs
[2023-11-10 14:26:11,026] {logging_mixin.py:109} INFO - [2023-11-10 14:26:11,026] {dag.py:2306} INFO - Setting next_dagrun for example_task_group_decorator to 2023-11-08 00:00:00+00:00
[2023-11-10 14:26:11,037] {processor.py:170} INFO - Processing /home/airflow/.local/lib/python3.6/site-packages/airflow/example_dags/example_task_group_decorator.py took 0.200 seconds
[2023-11-10 14:26:41,223] {processor.py:162} INFO - Started process (PID=842) to work on /home/airflow/.local/lib/python3.6/site-packages/airflow/example_dags/example_task_group_decorator.py
[2023-11-10 14:26:41,226] {processor.py:613} INFO - Processing file /home/airflow/.local/lib/python3.6/site-packages/airflow/example_dags/example_task_group_decorator.py for tasks to queue
[2023-11-10 14:26:41,228] {logging_mixin.py:109} INFO - [2023-11-10 14:26:41,228] {dagbag.py:496} INFO - Filling up the DagBag from /home/airflow/.local/lib/python3.6/site-packages/airflow/example_dags/example_task_group_decorator.py
[2023-11-10 14:26:41,255] {processor.py:623} INFO - DAG(s) dict_keys(['example_task_group_decorator']) retrieved from /home/airflow/.local/lib/python3.6/site-packages/airflow/example_dags/example_task_group_decorator.py
[2023-11-10 14:26:41,404] {logging_mixin.py:109} INFO - [2023-11-10 14:26:41,404] {dag.py:1833} INFO - Sync 1 DAGs
[2023-11-10 14:26:41,416] {logging_mixin.py:109} INFO - [2023-11-10 14:26:41,416] {dag.py:2306} INFO - Setting next_dagrun for example_task_group_decorator to 2023-11-08 00:00:00+00:00
[2023-11-10 14:26:41,426] {processor.py:170} INFO - Processing /home/airflow/.local/lib/python3.6/site-packages/airflow/example_dags/example_task_group_decorator.py took 0.211 seconds
