[2023-11-10 14:22:48,405] {processor.py:162} INFO - Started process (PID=96) to work on /home/airflow/.local/lib/python3.6/site-packages/airflow/example_dags/example_short_circuit_operator.py
[2023-11-10 14:22:48,406] {processor.py:613} INFO - Processing file /home/airflow/.local/lib/python3.6/site-packages/airflow/example_dags/example_short_circuit_operator.py for tasks to queue
[2023-11-10 14:22:48,407] {logging_mixin.py:109} INFO - [2023-11-10 14:22:48,407] {dagbag.py:496} INFO - Filling up the DagBag from /home/airflow/.local/lib/python3.6/site-packages/airflow/example_dags/example_short_circuit_operator.py
[2023-11-10 14:22:48,427] {processor.py:623} INFO - DAG(s) dict_keys(['example_short_circuit_operator']) retrieved from /home/airflow/.local/lib/python3.6/site-packages/airflow/example_dags/example_short_circuit_operator.py
[2023-11-10 14:22:51,194] {logging_mixin.py:109} INFO - [2023-11-10 14:22:51,192] {dag.py:1833} INFO - Sync 1 DAGs
[2023-11-10 14:22:51,212] {logging_mixin.py:109} INFO - [2023-11-10 14:22:51,210] {dag.py:1852} INFO - Creating ORM DAG for example_short_circuit_operator
[2023-11-10 14:22:51,220] {logging_mixin.py:109} INFO - [2023-11-10 14:22:51,220] {dag.py:2306} INFO - Setting next_dagrun for example_short_circuit_operator to 2023-11-08 00:00:00+00:00
[2023-11-10 14:22:51,236] {processor.py:170} INFO - Processing /home/airflow/.local/lib/python3.6/site-packages/airflow/example_dags/example_short_circuit_operator.py took 2.836 seconds
[2023-11-10 14:23:21,867] {processor.py:162} INFO - Started process (PID=469) to work on /home/airflow/.local/lib/python3.6/site-packages/airflow/example_dags/example_short_circuit_operator.py
[2023-11-10 14:23:21,868] {processor.py:613} INFO - Processing file /home/airflow/.local/lib/python3.6/site-packages/airflow/example_dags/example_short_circuit_operator.py for tasks to queue
[2023-11-10 14:23:21,869] {logging_mixin.py:109} INFO - [2023-11-10 14:23:21,869] {dagbag.py:496} INFO - Filling up the DagBag from /home/airflow/.local/lib/python3.6/site-packages/airflow/example_dags/example_short_circuit_operator.py
[2023-11-10 14:23:21,881] {processor.py:623} INFO - DAG(s) dict_keys(['example_short_circuit_operator']) retrieved from /home/airflow/.local/lib/python3.6/site-packages/airflow/example_dags/example_short_circuit_operator.py
[2023-11-10 14:23:21,898] {logging_mixin.py:109} INFO - [2023-11-10 14:23:21,897] {dag.py:1833} INFO - Sync 1 DAGs
[2023-11-10 14:23:21,911] {logging_mixin.py:109} INFO - [2023-11-10 14:23:21,911] {dag.py:2306} INFO - Setting next_dagrun for example_short_circuit_operator to 2023-11-08 00:00:00+00:00
[2023-11-10 14:23:21,922] {processor.py:170} INFO - Processing /home/airflow/.local/lib/python3.6/site-packages/airflow/example_dags/example_short_circuit_operator.py took 0.057 seconds
[2023-11-10 14:23:52,569] {processor.py:162} INFO - Started process (PID=520) to work on /home/airflow/.local/lib/python3.6/site-packages/airflow/example_dags/example_short_circuit_operator.py
[2023-11-10 14:23:52,570] {processor.py:613} INFO - Processing file /home/airflow/.local/lib/python3.6/site-packages/airflow/example_dags/example_short_circuit_operator.py for tasks to queue
[2023-11-10 14:23:52,571] {logging_mixin.py:109} INFO - [2023-11-10 14:23:52,571] {dagbag.py:496} INFO - Filling up the DagBag from /home/airflow/.local/lib/python3.6/site-packages/airflow/example_dags/example_short_circuit_operator.py
[2023-11-10 14:23:52,584] {processor.py:623} INFO - DAG(s) dict_keys(['example_short_circuit_operator']) retrieved from /home/airflow/.local/lib/python3.6/site-packages/airflow/example_dags/example_short_circuit_operator.py
[2023-11-10 14:23:52,601] {logging_mixin.py:109} INFO - [2023-11-10 14:23:52,601] {dag.py:1833} INFO - Sync 1 DAGs
[2023-11-10 14:23:52,615] {logging_mixin.py:109} INFO - [2023-11-10 14:23:52,615] {dag.py:2306} INFO - Setting next_dagrun for example_short_circuit_operator to 2023-11-08 00:00:00+00:00
[2023-11-10 14:23:52,625] {processor.py:170} INFO - Processing /home/airflow/.local/lib/python3.6/site-packages/airflow/example_dags/example_short_circuit_operator.py took 0.059 seconds
[2023-11-10 14:24:22,837] {processor.py:162} INFO - Started process (PID=581) to work on /home/airflow/.local/lib/python3.6/site-packages/airflow/example_dags/example_short_circuit_operator.py
[2023-11-10 14:24:22,838] {processor.py:613} INFO - Processing file /home/airflow/.local/lib/python3.6/site-packages/airflow/example_dags/example_short_circuit_operator.py for tasks to queue
[2023-11-10 14:24:22,839] {logging_mixin.py:109} INFO - [2023-11-10 14:24:22,839] {dagbag.py:496} INFO - Filling up the DagBag from /home/airflow/.local/lib/python3.6/site-packages/airflow/example_dags/example_short_circuit_operator.py
[2023-11-10 14:24:22,855] {processor.py:623} INFO - DAG(s) dict_keys(['example_short_circuit_operator']) retrieved from /home/airflow/.local/lib/python3.6/site-packages/airflow/example_dags/example_short_circuit_operator.py
[2023-11-10 14:24:22,872] {logging_mixin.py:109} INFO - [2023-11-10 14:24:22,872] {dag.py:1833} INFO - Sync 1 DAGs
[2023-11-10 14:24:22,884] {logging_mixin.py:109} INFO - [2023-11-10 14:24:22,884] {dag.py:2306} INFO - Setting next_dagrun for example_short_circuit_operator to 2023-11-08 00:00:00+00:00
[2023-11-10 14:24:22,893] {processor.py:170} INFO - Processing /home/airflow/.local/lib/python3.6/site-packages/airflow/example_dags/example_short_circuit_operator.py took 0.060 seconds
[2023-11-10 14:24:53,221] {processor.py:162} INFO - Started process (PID=642) to work on /home/airflow/.local/lib/python3.6/site-packages/airflow/example_dags/example_short_circuit_operator.py
[2023-11-10 14:24:53,225] {processor.py:613} INFO - Processing file /home/airflow/.local/lib/python3.6/site-packages/airflow/example_dags/example_short_circuit_operator.py for tasks to queue
[2023-11-10 14:24:53,228] {logging_mixin.py:109} INFO - [2023-11-10 14:24:53,228] {dagbag.py:496} INFO - Filling up the DagBag from /home/airflow/.local/lib/python3.6/site-packages/airflow/example_dags/example_short_circuit_operator.py
[2023-11-10 14:24:53,245] {processor.py:623} INFO - DAG(s) dict_keys(['example_short_circuit_operator']) retrieved from /home/airflow/.local/lib/python3.6/site-packages/airflow/example_dags/example_short_circuit_operator.py
[2023-11-10 14:24:53,262] {logging_mixin.py:109} INFO - [2023-11-10 14:24:53,262] {dag.py:1833} INFO - Sync 1 DAGs
[2023-11-10 14:24:53,275] {logging_mixin.py:109} INFO - [2023-11-10 14:24:53,275] {dag.py:2306} INFO - Setting next_dagrun for example_short_circuit_operator to 2023-11-08 00:00:00+00:00
[2023-11-10 14:24:53,285] {processor.py:170} INFO - Processing /home/airflow/.local/lib/python3.6/site-packages/airflow/example_dags/example_short_circuit_operator.py took 0.075 seconds
[2023-11-10 14:25:23,509] {processor.py:162} INFO - Started process (PID=693) to work on /home/airflow/.local/lib/python3.6/site-packages/airflow/example_dags/example_short_circuit_operator.py
[2023-11-10 14:25:23,512] {processor.py:613} INFO - Processing file /home/airflow/.local/lib/python3.6/site-packages/airflow/example_dags/example_short_circuit_operator.py for tasks to queue
[2023-11-10 14:25:23,512] {logging_mixin.py:109} INFO - [2023-11-10 14:25:23,512] {dagbag.py:496} INFO - Filling up the DagBag from /home/airflow/.local/lib/python3.6/site-packages/airflow/example_dags/example_short_circuit_operator.py
[2023-11-10 14:25:23,528] {processor.py:623} INFO - DAG(s) dict_keys(['example_short_circuit_operator']) retrieved from /home/airflow/.local/lib/python3.6/site-packages/airflow/example_dags/example_short_circuit_operator.py
[2023-11-10 14:25:23,546] {logging_mixin.py:109} INFO - [2023-11-10 14:25:23,545] {dag.py:1833} INFO - Sync 1 DAGs
[2023-11-10 14:25:23,558] {logging_mixin.py:109} INFO - [2023-11-10 14:25:23,558] {dag.py:2306} INFO - Setting next_dagrun for example_short_circuit_operator to 2023-11-08 00:00:00+00:00
[2023-11-10 14:25:23,567] {processor.py:170} INFO - Processing /home/airflow/.local/lib/python3.6/site-packages/airflow/example_dags/example_short_circuit_operator.py took 0.062 seconds
[2023-11-10 14:25:54,136] {processor.py:162} INFO - Started process (PID=754) to work on /home/airflow/.local/lib/python3.6/site-packages/airflow/example_dags/example_short_circuit_operator.py
[2023-11-10 14:25:54,138] {processor.py:613} INFO - Processing file /home/airflow/.local/lib/python3.6/site-packages/airflow/example_dags/example_short_circuit_operator.py for tasks to queue
[2023-11-10 14:25:54,140] {logging_mixin.py:109} INFO - [2023-11-10 14:25:54,140] {dagbag.py:496} INFO - Filling up the DagBag from /home/airflow/.local/lib/python3.6/site-packages/airflow/example_dags/example_short_circuit_operator.py
[2023-11-10 14:25:54,156] {processor.py:623} INFO - DAG(s) dict_keys(['example_short_circuit_operator']) retrieved from /home/airflow/.local/lib/python3.6/site-packages/airflow/example_dags/example_short_circuit_operator.py
[2023-11-10 14:25:54,178] {logging_mixin.py:109} INFO - [2023-11-10 14:25:54,178] {dag.py:1833} INFO - Sync 1 DAGs
[2023-11-10 14:25:54,194] {logging_mixin.py:109} INFO - [2023-11-10 14:25:54,194] {dag.py:2306} INFO - Setting next_dagrun for example_short_circuit_operator to 2023-11-08 00:00:00+00:00
[2023-11-10 14:25:54,203] {processor.py:170} INFO - Processing /home/airflow/.local/lib/python3.6/site-packages/airflow/example_dags/example_short_circuit_operator.py took 0.075 seconds
[2023-11-10 14:26:24,340] {processor.py:162} INFO - Started process (PID=813) to work on /home/airflow/.local/lib/python3.6/site-packages/airflow/example_dags/example_short_circuit_operator.py
[2023-11-10 14:26:24,342] {processor.py:613} INFO - Processing file /home/airflow/.local/lib/python3.6/site-packages/airflow/example_dags/example_short_circuit_operator.py for tasks to queue
[2023-11-10 14:26:24,343] {logging_mixin.py:109} INFO - [2023-11-10 14:26:24,343] {dagbag.py:496} INFO - Filling up the DagBag from /home/airflow/.local/lib/python3.6/site-packages/airflow/example_dags/example_short_circuit_operator.py
[2023-11-10 14:26:24,355] {processor.py:623} INFO - DAG(s) dict_keys(['example_short_circuit_operator']) retrieved from /home/airflow/.local/lib/python3.6/site-packages/airflow/example_dags/example_short_circuit_operator.py
[2023-11-10 14:26:24,377] {logging_mixin.py:109} INFO - [2023-11-10 14:26:24,377] {dag.py:1833} INFO - Sync 1 DAGs
[2023-11-10 14:26:24,391] {logging_mixin.py:109} INFO - [2023-11-10 14:26:24,391] {dag.py:2306} INFO - Setting next_dagrun for example_short_circuit_operator to 2023-11-08 00:00:00+00:00
[2023-11-10 14:26:24,400] {processor.py:170} INFO - Processing /home/airflow/.local/lib/python3.6/site-packages/airflow/example_dags/example_short_circuit_operator.py took 0.062 seconds
[2023-11-10 14:26:54,901] {processor.py:162} INFO - Started process (PID=865) to work on /home/airflow/.local/lib/python3.6/site-packages/airflow/example_dags/example_short_circuit_operator.py
[2023-11-10 14:26:54,905] {processor.py:613} INFO - Processing file /home/airflow/.local/lib/python3.6/site-packages/airflow/example_dags/example_short_circuit_operator.py for tasks to queue
[2023-11-10 14:26:54,909] {logging_mixin.py:109} INFO - [2023-11-10 14:26:54,908] {dagbag.py:496} INFO - Filling up the DagBag from /home/airflow/.local/lib/python3.6/site-packages/airflow/example_dags/example_short_circuit_operator.py
[2023-11-10 14:26:54,925] {processor.py:623} INFO - DAG(s) dict_keys(['example_short_circuit_operator']) retrieved from /home/airflow/.local/lib/python3.6/site-packages/airflow/example_dags/example_short_circuit_operator.py
[2023-11-10 14:26:54,941] {logging_mixin.py:109} INFO - [2023-11-10 14:26:54,941] {dag.py:1833} INFO - Sync 1 DAGs
[2023-11-10 14:26:54,954] {logging_mixin.py:109} INFO - [2023-11-10 14:26:54,954] {dag.py:2306} INFO - Setting next_dagrun for example_short_circuit_operator to 2023-11-08 00:00:00+00:00
[2023-11-10 14:26:54,964] {processor.py:170} INFO - Processing /home/airflow/.local/lib/python3.6/site-packages/airflow/example_dags/example_short_circuit_operator.py took 0.072 seconds
