[2023-11-10 14:23:11,403] {processor.py:162} INFO - Started process (PID=414) to work on /home/airflow/.local/lib/python3.6/site-packages/airflow/example_dags/example_latest_only.py
[2023-11-10 14:23:11,404] {processor.py:613} INFO - Processing file /home/airflow/.local/lib/python3.6/site-packages/airflow/example_dags/example_latest_only.py for tasks to queue
[2023-11-10 14:23:11,405] {logging_mixin.py:109} INFO - [2023-11-10 14:23:11,404] {dagbag.py:496} INFO - Filling up the DagBag from /home/airflow/.local/lib/python3.6/site-packages/airflow/example_dags/example_latest_only.py
[2023-11-10 14:23:11,415] {processor.py:623} INFO - DAG(s) dict_keys(['latest_only']) retrieved from /home/airflow/.local/lib/python3.6/site-packages/airflow/example_dags/example_latest_only.py
[2023-11-10 14:23:13,232] {logging_mixin.py:109} INFO - [2023-11-10 14:23:13,231] {dag.py:1833} INFO - Sync 1 DAGs
[2023-11-10 14:23:13,248] {logging_mixin.py:109} INFO - [2023-11-10 14:23:13,247] {dag.py:1852} INFO - Creating ORM DAG for latest_only
[2023-11-10 14:23:13,255] {logging_mixin.py:109} INFO - [2023-11-10 14:23:13,255] {dag.py:2306} INFO - Setting next_dagrun for latest_only to 2023-11-08 00:00:00+00:00
[2023-11-10 14:23:13,275] {processor.py:170} INFO - Processing /home/airflow/.local/lib/python3.6/site-packages/airflow/example_dags/example_latest_only.py took 1.876 seconds
[2023-11-10 14:23:43,331] {processor.py:162} INFO - Started process (PID=512) to work on /home/airflow/.local/lib/python3.6/site-packages/airflow/example_dags/example_latest_only.py
[2023-11-10 14:23:43,332] {processor.py:613} INFO - Processing file /home/airflow/.local/lib/python3.6/site-packages/airflow/example_dags/example_latest_only.py for tasks to queue
[2023-11-10 14:23:43,333] {logging_mixin.py:109} INFO - [2023-11-10 14:23:43,333] {dagbag.py:496} INFO - Filling up the DagBag from /home/airflow/.local/lib/python3.6/site-packages/airflow/example_dags/example_latest_only.py
[2023-11-10 14:23:43,344] {processor.py:623} INFO - DAG(s) dict_keys(['latest_only']) retrieved from /home/airflow/.local/lib/python3.6/site-packages/airflow/example_dags/example_latest_only.py
[2023-11-10 14:23:43,360] {logging_mixin.py:109} INFO - [2023-11-10 14:23:43,360] {dag.py:1833} INFO - Sync 1 DAGs
[2023-11-10 14:23:43,375] {logging_mixin.py:109} INFO - [2023-11-10 14:23:43,375] {dag.py:2306} INFO - Setting next_dagrun for latest_only to 2023-11-08 00:00:00+00:00
[2023-11-10 14:23:43,384] {processor.py:170} INFO - Processing /home/airflow/.local/lib/python3.6/site-packages/airflow/example_dags/example_latest_only.py took 0.055 seconds
[2023-11-10 14:24:13,527] {processor.py:162} INFO - Started process (PID=563) to work on /home/airflow/.local/lib/python3.6/site-packages/airflow/example_dags/example_latest_only.py
[2023-11-10 14:24:13,528] {processor.py:613} INFO - Processing file /home/airflow/.local/lib/python3.6/site-packages/airflow/example_dags/example_latest_only.py for tasks to queue
[2023-11-10 14:24:13,529] {logging_mixin.py:109} INFO - [2023-11-10 14:24:13,529] {dagbag.py:496} INFO - Filling up the DagBag from /home/airflow/.local/lib/python3.6/site-packages/airflow/example_dags/example_latest_only.py
[2023-11-10 14:24:13,542] {processor.py:623} INFO - DAG(s) dict_keys(['latest_only']) retrieved from /home/airflow/.local/lib/python3.6/site-packages/airflow/example_dags/example_latest_only.py
[2023-11-10 14:24:13,563] {logging_mixin.py:109} INFO - [2023-11-10 14:24:13,562] {dag.py:1833} INFO - Sync 1 DAGs
[2023-11-10 14:24:13,582] {logging_mixin.py:109} INFO - [2023-11-10 14:24:13,582] {dag.py:2306} INFO - Setting next_dagrun for latest_only to 2023-11-08 00:00:00+00:00
[2023-11-10 14:24:13,594] {processor.py:170} INFO - Processing /home/airflow/.local/lib/python3.6/site-packages/airflow/example_dags/example_latest_only.py took 0.070 seconds
[2023-11-10 14:24:43,857] {processor.py:162} INFO - Started process (PID=624) to work on /home/airflow/.local/lib/python3.6/site-packages/airflow/example_dags/example_latest_only.py
[2023-11-10 14:24:43,859] {processor.py:613} INFO - Processing file /home/airflow/.local/lib/python3.6/site-packages/airflow/example_dags/example_latest_only.py for tasks to queue
[2023-11-10 14:24:43,860] {logging_mixin.py:109} INFO - [2023-11-10 14:24:43,859] {dagbag.py:496} INFO - Filling up the DagBag from /home/airflow/.local/lib/python3.6/site-packages/airflow/example_dags/example_latest_only.py
[2023-11-10 14:24:43,873] {processor.py:623} INFO - DAG(s) dict_keys(['latest_only']) retrieved from /home/airflow/.local/lib/python3.6/site-packages/airflow/example_dags/example_latest_only.py
[2023-11-10 14:24:43,891] {logging_mixin.py:109} INFO - [2023-11-10 14:24:43,891] {dag.py:1833} INFO - Sync 1 DAGs
[2023-11-10 14:24:43,906] {logging_mixin.py:109} INFO - [2023-11-10 14:24:43,906] {dag.py:2306} INFO - Setting next_dagrun for latest_only to 2023-11-08 00:00:00+00:00
[2023-11-10 14:24:43,916] {processor.py:170} INFO - Processing /home/airflow/.local/lib/python3.6/site-packages/airflow/example_dags/example_latest_only.py took 0.064 seconds
[2023-11-10 14:25:14,206] {processor.py:162} INFO - Started process (PID=675) to work on /home/airflow/.local/lib/python3.6/site-packages/airflow/example_dags/example_latest_only.py
[2023-11-10 14:25:14,211] {processor.py:613} INFO - Processing file /home/airflow/.local/lib/python3.6/site-packages/airflow/example_dags/example_latest_only.py for tasks to queue
[2023-11-10 14:25:14,212] {logging_mixin.py:109} INFO - [2023-11-10 14:25:14,212] {dagbag.py:496} INFO - Filling up the DagBag from /home/airflow/.local/lib/python3.6/site-packages/airflow/example_dags/example_latest_only.py
[2023-11-10 14:25:14,232] {processor.py:623} INFO - DAG(s) dict_keys(['latest_only']) retrieved from /home/airflow/.local/lib/python3.6/site-packages/airflow/example_dags/example_latest_only.py
[2023-11-10 14:25:14,257] {logging_mixin.py:109} INFO - [2023-11-10 14:25:14,257] {dag.py:1833} INFO - Sync 1 DAGs
[2023-11-10 14:25:14,277] {logging_mixin.py:109} INFO - [2023-11-10 14:25:14,277] {dag.py:2306} INFO - Setting next_dagrun for latest_only to 2023-11-08 00:00:00+00:00
[2023-11-10 14:25:14,289] {processor.py:170} INFO - Processing /home/airflow/.local/lib/python3.6/site-packages/airflow/example_dags/example_latest_only.py took 0.090 seconds
[2023-11-10 14:25:44,770] {processor.py:162} INFO - Started process (PID=736) to work on /home/airflow/.local/lib/python3.6/site-packages/airflow/example_dags/example_latest_only.py
[2023-11-10 14:25:44,772] {processor.py:613} INFO - Processing file /home/airflow/.local/lib/python3.6/site-packages/airflow/example_dags/example_latest_only.py for tasks to queue
[2023-11-10 14:25:44,773] {logging_mixin.py:109} INFO - [2023-11-10 14:25:44,773] {dagbag.py:496} INFO - Filling up the DagBag from /home/airflow/.local/lib/python3.6/site-packages/airflow/example_dags/example_latest_only.py
[2023-11-10 14:25:44,785] {processor.py:623} INFO - DAG(s) dict_keys(['latest_only']) retrieved from /home/airflow/.local/lib/python3.6/site-packages/airflow/example_dags/example_latest_only.py
[2023-11-10 14:25:44,806] {logging_mixin.py:109} INFO - [2023-11-10 14:25:44,806] {dag.py:1833} INFO - Sync 1 DAGs
[2023-11-10 14:25:44,826] {logging_mixin.py:109} INFO - [2023-11-10 14:25:44,826] {dag.py:2306} INFO - Setting next_dagrun for latest_only to 2023-11-08 00:00:00+00:00
[2023-11-10 14:25:44,836] {processor.py:170} INFO - Processing /home/airflow/.local/lib/python3.6/site-packages/airflow/example_dags/example_latest_only.py took 0.070 seconds
[2023-11-10 14:26:15,027] {processor.py:162} INFO - Started process (PID=797) to work on /home/airflow/.local/lib/python3.6/site-packages/airflow/example_dags/example_latest_only.py
[2023-11-10 14:26:15,028] {processor.py:613} INFO - Processing file /home/airflow/.local/lib/python3.6/site-packages/airflow/example_dags/example_latest_only.py for tasks to queue
[2023-11-10 14:26:15,029] {logging_mixin.py:109} INFO - [2023-11-10 14:26:15,029] {dagbag.py:496} INFO - Filling up the DagBag from /home/airflow/.local/lib/python3.6/site-packages/airflow/example_dags/example_latest_only.py
[2023-11-10 14:26:15,042] {processor.py:623} INFO - DAG(s) dict_keys(['latest_only']) retrieved from /home/airflow/.local/lib/python3.6/site-packages/airflow/example_dags/example_latest_only.py
[2023-11-10 14:26:15,066] {logging_mixin.py:109} INFO - [2023-11-10 14:26:15,066] {dag.py:1833} INFO - Sync 1 DAGs
[2023-11-10 14:26:15,085] {logging_mixin.py:109} INFO - [2023-11-10 14:26:15,085] {dag.py:2306} INFO - Setting next_dagrun for latest_only to 2023-11-08 00:00:00+00:00
[2023-11-10 14:26:15,096] {processor.py:170} INFO - Processing /home/airflow/.local/lib/python3.6/site-packages/airflow/example_dags/example_latest_only.py took 0.074 seconds
[2023-11-10 14:26:45,553] {processor.py:162} INFO - Started process (PID=847) to work on /home/airflow/.local/lib/python3.6/site-packages/airflow/example_dags/example_latest_only.py
[2023-11-10 14:26:45,556] {processor.py:613} INFO - Processing file /home/airflow/.local/lib/python3.6/site-packages/airflow/example_dags/example_latest_only.py for tasks to queue
[2023-11-10 14:26:45,557] {logging_mixin.py:109} INFO - [2023-11-10 14:26:45,557] {dagbag.py:496} INFO - Filling up the DagBag from /home/airflow/.local/lib/python3.6/site-packages/airflow/example_dags/example_latest_only.py
[2023-11-10 14:26:45,574] {processor.py:623} INFO - DAG(s) dict_keys(['latest_only']) retrieved from /home/airflow/.local/lib/python3.6/site-packages/airflow/example_dags/example_latest_only.py
[2023-11-10 14:26:45,590] {logging_mixin.py:109} INFO - [2023-11-10 14:26:45,590] {dag.py:1833} INFO - Sync 1 DAGs
[2023-11-10 14:26:45,606] {logging_mixin.py:109} INFO - [2023-11-10 14:26:45,606] {dag.py:2306} INFO - Setting next_dagrun for latest_only to 2023-11-08 00:00:00+00:00
[2023-11-10 14:26:45,616] {processor.py:170} INFO - Processing /home/airflow/.local/lib/python3.6/site-packages/airflow/example_dags/example_latest_only.py took 0.070 seconds
