[2023-11-10 14:22:51,271] {processor.py:162} INFO - Started process (PID=122) to work on /home/airflow/.local/lib/python3.6/site-packages/airflow/example_dags/example_skip_dag.py
[2023-11-10 14:22:51,273] {processor.py:613} INFO - Processing file /home/airflow/.local/lib/python3.6/site-packages/airflow/example_dags/example_skip_dag.py for tasks to queue
[2023-11-10 14:22:51,274] {logging_mixin.py:109} INFO - [2023-11-10 14:22:51,274] {dagbag.py:496} INFO - Filling up the DagBag from /home/airflow/.local/lib/python3.6/site-packages/airflow/example_dags/example_skip_dag.py
[2023-11-10 14:22:51,295] {processor.py:623} INFO - DAG(s) dict_keys(['example_skip_dag']) retrieved from /home/airflow/.local/lib/python3.6/site-packages/airflow/example_dags/example_skip_dag.py
[2023-11-10 14:22:53,596] {logging_mixin.py:109} INFO - [2023-11-10 14:22:53,595] {dag.py:1833} INFO - Sync 1 DAGs
[2023-11-10 14:22:53,606] {logging_mixin.py:109} INFO - [2023-11-10 14:22:53,605] {dag.py:1852} INFO - Creating ORM DAG for example_skip_dag
[2023-11-10 14:22:53,613] {logging_mixin.py:109} INFO - [2023-11-10 14:22:53,613] {dag.py:2306} INFO - Setting next_dagrun for example_skip_dag to 2023-11-08 00:00:00+00:00
[2023-11-10 14:22:53,627] {processor.py:170} INFO - Processing /home/airflow/.local/lib/python3.6/site-packages/airflow/example_dags/example_skip_dag.py took 2.361 seconds
[2023-11-10 14:23:23,947] {processor.py:162} INFO - Started process (PID=471) to work on /home/airflow/.local/lib/python3.6/site-packages/airflow/example_dags/example_skip_dag.py
[2023-11-10 14:23:23,948] {processor.py:613} INFO - Processing file /home/airflow/.local/lib/python3.6/site-packages/airflow/example_dags/example_skip_dag.py for tasks to queue
[2023-11-10 14:23:23,949] {logging_mixin.py:109} INFO - [2023-11-10 14:23:23,949] {dagbag.py:496} INFO - Filling up the DagBag from /home/airflow/.local/lib/python3.6/site-packages/airflow/example_dags/example_skip_dag.py
[2023-11-10 14:23:23,960] {processor.py:623} INFO - DAG(s) dict_keys(['example_skip_dag']) retrieved from /home/airflow/.local/lib/python3.6/site-packages/airflow/example_dags/example_skip_dag.py
[2023-11-10 14:23:23,979] {logging_mixin.py:109} INFO - [2023-11-10 14:23:23,978] {dag.py:1833} INFO - Sync 1 DAGs
[2023-11-10 14:23:23,992] {logging_mixin.py:109} INFO - [2023-11-10 14:23:23,992] {dag.py:2306} INFO - Setting next_dagrun for example_skip_dag to 2023-11-08 00:00:00+00:00
[2023-11-10 14:23:24,001] {processor.py:170} INFO - Processing /home/airflow/.local/lib/python3.6/site-packages/airflow/example_dags/example_skip_dag.py took 0.056 seconds
[2023-11-10 14:23:54,664] {processor.py:162} INFO - Started process (PID=532) to work on /home/airflow/.local/lib/python3.6/site-packages/airflow/example_dags/example_skip_dag.py
[2023-11-10 14:23:54,666] {processor.py:613} INFO - Processing file /home/airflow/.local/lib/python3.6/site-packages/airflow/example_dags/example_skip_dag.py for tasks to queue
[2023-11-10 14:23:54,668] {logging_mixin.py:109} INFO - [2023-11-10 14:23:54,668] {dagbag.py:496} INFO - Filling up the DagBag from /home/airflow/.local/lib/python3.6/site-packages/airflow/example_dags/example_skip_dag.py
[2023-11-10 14:23:54,683] {processor.py:623} INFO - DAG(s) dict_keys(['example_skip_dag']) retrieved from /home/airflow/.local/lib/python3.6/site-packages/airflow/example_dags/example_skip_dag.py
[2023-11-10 14:23:54,702] {logging_mixin.py:109} INFO - [2023-11-10 14:23:54,702] {dag.py:1833} INFO - Sync 1 DAGs
[2023-11-10 14:23:54,714] {logging_mixin.py:109} INFO - [2023-11-10 14:23:54,714] {dag.py:2306} INFO - Setting next_dagrun for example_skip_dag to 2023-11-08 00:00:00+00:00
[2023-11-10 14:23:54,725] {processor.py:170} INFO - Processing /home/airflow/.local/lib/python3.6/site-packages/airflow/example_dags/example_skip_dag.py took 0.066 seconds
[2023-11-10 14:24:24,921] {processor.py:162} INFO - Started process (PID=583) to work on /home/airflow/.local/lib/python3.6/site-packages/airflow/example_dags/example_skip_dag.py
[2023-11-10 14:24:24,923] {processor.py:613} INFO - Processing file /home/airflow/.local/lib/python3.6/site-packages/airflow/example_dags/example_skip_dag.py for tasks to queue
[2023-11-10 14:24:24,924] {logging_mixin.py:109} INFO - [2023-11-10 14:24:24,923] {dagbag.py:496} INFO - Filling up the DagBag from /home/airflow/.local/lib/python3.6/site-packages/airflow/example_dags/example_skip_dag.py
[2023-11-10 14:24:24,935] {processor.py:623} INFO - DAG(s) dict_keys(['example_skip_dag']) retrieved from /home/airflow/.local/lib/python3.6/site-packages/airflow/example_dags/example_skip_dag.py
[2023-11-10 14:24:24,960] {logging_mixin.py:109} INFO - [2023-11-10 14:24:24,960] {dag.py:1833} INFO - Sync 1 DAGs
[2023-11-10 14:24:24,976] {logging_mixin.py:109} INFO - [2023-11-10 14:24:24,976] {dag.py:2306} INFO - Setting next_dagrun for example_skip_dag to 2023-11-08 00:00:00+00:00
[2023-11-10 14:24:24,987] {processor.py:170} INFO - Processing /home/airflow/.local/lib/python3.6/site-packages/airflow/example_dags/example_skip_dag.py took 0.069 seconds
[2023-11-10 14:24:55,324] {processor.py:162} INFO - Started process (PID=644) to work on /home/airflow/.local/lib/python3.6/site-packages/airflow/example_dags/example_skip_dag.py
[2023-11-10 14:24:55,327] {processor.py:613} INFO - Processing file /home/airflow/.local/lib/python3.6/site-packages/airflow/example_dags/example_skip_dag.py for tasks to queue
[2023-11-10 14:24:55,330] {logging_mixin.py:109} INFO - [2023-11-10 14:24:55,329] {dagbag.py:496} INFO - Filling up the DagBag from /home/airflow/.local/lib/python3.6/site-packages/airflow/example_dags/example_skip_dag.py
[2023-11-10 14:24:55,343] {processor.py:623} INFO - DAG(s) dict_keys(['example_skip_dag']) retrieved from /home/airflow/.local/lib/python3.6/site-packages/airflow/example_dags/example_skip_dag.py
[2023-11-10 14:24:55,360] {logging_mixin.py:109} INFO - [2023-11-10 14:24:55,360] {dag.py:1833} INFO - Sync 1 DAGs
[2023-11-10 14:24:55,373] {logging_mixin.py:109} INFO - [2023-11-10 14:24:55,373] {dag.py:2306} INFO - Setting next_dagrun for example_skip_dag to 2023-11-08 00:00:00+00:00
[2023-11-10 14:24:55,382] {processor.py:170} INFO - Processing /home/airflow/.local/lib/python3.6/site-packages/airflow/example_dags/example_skip_dag.py took 0.068 seconds
[2023-11-10 14:25:25,593] {processor.py:162} INFO - Started process (PID=695) to work on /home/airflow/.local/lib/python3.6/site-packages/airflow/example_dags/example_skip_dag.py
[2023-11-10 14:25:25,595] {processor.py:613} INFO - Processing file /home/airflow/.local/lib/python3.6/site-packages/airflow/example_dags/example_skip_dag.py for tasks to queue
[2023-11-10 14:25:25,596] {logging_mixin.py:109} INFO - [2023-11-10 14:25:25,596] {dagbag.py:496} INFO - Filling up the DagBag from /home/airflow/.local/lib/python3.6/site-packages/airflow/example_dags/example_skip_dag.py
[2023-11-10 14:25:25,609] {processor.py:623} INFO - DAG(s) dict_keys(['example_skip_dag']) retrieved from /home/airflow/.local/lib/python3.6/site-packages/airflow/example_dags/example_skip_dag.py
[2023-11-10 14:25:25,625] {logging_mixin.py:109} INFO - [2023-11-10 14:25:25,625] {dag.py:1833} INFO - Sync 1 DAGs
[2023-11-10 14:25:25,639] {logging_mixin.py:109} INFO - [2023-11-10 14:25:25,639] {dag.py:2306} INFO - Setting next_dagrun for example_skip_dag to 2023-11-08 00:00:00+00:00
[2023-11-10 14:25:25,648] {processor.py:170} INFO - Processing /home/airflow/.local/lib/python3.6/site-packages/airflow/example_dags/example_skip_dag.py took 0.058 seconds
[2023-11-10 14:25:56,219] {processor.py:162} INFO - Started process (PID=756) to work on /home/airflow/.local/lib/python3.6/site-packages/airflow/example_dags/example_skip_dag.py
[2023-11-10 14:25:56,220] {processor.py:613} INFO - Processing file /home/airflow/.local/lib/python3.6/site-packages/airflow/example_dags/example_skip_dag.py for tasks to queue
[2023-11-10 14:25:56,221] {logging_mixin.py:109} INFO - [2023-11-10 14:25:56,221] {dagbag.py:496} INFO - Filling up the DagBag from /home/airflow/.local/lib/python3.6/site-packages/airflow/example_dags/example_skip_dag.py
[2023-11-10 14:25:56,230] {processor.py:623} INFO - DAG(s) dict_keys(['example_skip_dag']) retrieved from /home/airflow/.local/lib/python3.6/site-packages/airflow/example_dags/example_skip_dag.py
[2023-11-10 14:25:56,248] {logging_mixin.py:109} INFO - [2023-11-10 14:25:56,248] {dag.py:1833} INFO - Sync 1 DAGs
[2023-11-10 14:25:56,265] {logging_mixin.py:109} INFO - [2023-11-10 14:25:56,265] {dag.py:2306} INFO - Setting next_dagrun for example_skip_dag to 2023-11-08 00:00:00+00:00
[2023-11-10 14:25:56,275] {processor.py:170} INFO - Processing /home/airflow/.local/lib/python3.6/site-packages/airflow/example_dags/example_skip_dag.py took 0.058 seconds
[2023-11-10 14:26:26,422] {processor.py:162} INFO - Started process (PID=816) to work on /home/airflow/.local/lib/python3.6/site-packages/airflow/example_dags/example_skip_dag.py
[2023-11-10 14:26:26,423] {processor.py:613} INFO - Processing file /home/airflow/.local/lib/python3.6/site-packages/airflow/example_dags/example_skip_dag.py for tasks to queue
[2023-11-10 14:26:26,424] {logging_mixin.py:109} INFO - [2023-11-10 14:26:26,424] {dagbag.py:496} INFO - Filling up the DagBag from /home/airflow/.local/lib/python3.6/site-packages/airflow/example_dags/example_skip_dag.py
[2023-11-10 14:26:26,437] {processor.py:623} INFO - DAG(s) dict_keys(['example_skip_dag']) retrieved from /home/airflow/.local/lib/python3.6/site-packages/airflow/example_dags/example_skip_dag.py
[2023-11-10 14:26:26,454] {logging_mixin.py:109} INFO - [2023-11-10 14:26:26,454] {dag.py:1833} INFO - Sync 1 DAGs
[2023-11-10 14:26:26,466] {logging_mixin.py:109} INFO - [2023-11-10 14:26:26,466] {dag.py:2306} INFO - Setting next_dagrun for example_skip_dag to 2023-11-08 00:00:00+00:00
[2023-11-10 14:26:26,476] {processor.py:170} INFO - Processing /home/airflow/.local/lib/python3.6/site-packages/airflow/example_dags/example_skip_dag.py took 0.057 seconds
[2023-11-10 14:26:57,009] {processor.py:162} INFO - Started process (PID=867) to work on /home/airflow/.local/lib/python3.6/site-packages/airflow/example_dags/example_skip_dag.py
[2023-11-10 14:26:57,015] {processor.py:613} INFO - Processing file /home/airflow/.local/lib/python3.6/site-packages/airflow/example_dags/example_skip_dag.py for tasks to queue
[2023-11-10 14:26:57,018] {logging_mixin.py:109} INFO - [2023-11-10 14:26:57,017] {dagbag.py:496} INFO - Filling up the DagBag from /home/airflow/.local/lib/python3.6/site-packages/airflow/example_dags/example_skip_dag.py
[2023-11-10 14:26:57,037] {processor.py:623} INFO - DAG(s) dict_keys(['example_skip_dag']) retrieved from /home/airflow/.local/lib/python3.6/site-packages/airflow/example_dags/example_skip_dag.py
[2023-11-10 14:26:57,061] {logging_mixin.py:109} INFO - [2023-11-10 14:26:57,061] {dag.py:1833} INFO - Sync 1 DAGs
[2023-11-10 14:26:57,076] {logging_mixin.py:109} INFO - [2023-11-10 14:26:57,076] {dag.py:2306} INFO - Setting next_dagrun for example_skip_dag to 2023-11-08 00:00:00+00:00
[2023-11-10 14:26:57,086] {processor.py:170} INFO - Processing /home/airflow/.local/lib/python3.6/site-packages/airflow/example_dags/example_skip_dag.py took 0.087 seconds
