[2023-11-10 14:22:54,353] {processor.py:162} INFO - Started process (PID=169) to work on /home/airflow/.local/lib/python3.6/site-packages/airflow/example_dags/example_subdag_operator.py
[2023-11-10 14:22:54,354] {processor.py:613} INFO - Processing file /home/airflow/.local/lib/python3.6/site-packages/airflow/example_dags/example_subdag_operator.py for tasks to queue
[2023-11-10 14:22:54,355] {logging_mixin.py:109} INFO - [2023-11-10 14:22:54,355] {dagbag.py:496} INFO - Filling up the DagBag from /home/airflow/.local/lib/python3.6/site-packages/airflow/example_dags/example_subdag_operator.py
[2023-11-10 14:22:54,389] {processor.py:623} INFO - DAG(s) dict_keys(['example_subdag_operator.section-1', 'example_subdag_operator.section-2', 'example_subdag_operator']) retrieved from /home/airflow/.local/lib/python3.6/site-packages/airflow/example_dags/example_subdag_operator.py
[2023-11-10 14:22:56,295] {logging_mixin.py:109} INFO - [2023-11-10 14:22:56,293] {dag.py:1833} INFO - Sync 3 DAGs
[2023-11-10 14:22:56,309] {logging_mixin.py:109} INFO - [2023-11-10 14:22:56,307] {dag.py:1852} INFO - Creating ORM DAG for example_subdag_operator.section-1
[2023-11-10 14:22:56,309] {logging_mixin.py:109} INFO - [2023-11-10 14:22:56,309] {dag.py:1852} INFO - Creating ORM DAG for example_subdag_operator.section-2
[2023-11-10 14:22:56,310] {logging_mixin.py:109} INFO - [2023-11-10 14:22:56,310] {dag.py:1852} INFO - Creating ORM DAG for example_subdag_operator
[2023-11-10 14:22:56,316] {logging_mixin.py:109} INFO - [2023-11-10 14:22:56,316] {dag.py:2306} INFO - Setting next_dagrun for example_subdag_operator to 2023-11-08 00:00:00+00:00
[2023-11-10 14:22:56,317] {logging_mixin.py:109} INFO - [2023-11-10 14:22:56,317] {dag.py:2306} INFO - Setting next_dagrun for example_subdag_operator.section-1 to None
[2023-11-10 14:22:56,317] {logging_mixin.py:109} INFO - [2023-11-10 14:22:56,317] {dag.py:2306} INFO - Setting next_dagrun for example_subdag_operator.section-2 to None
[2023-11-10 14:22:56,327] {logging_mixin.py:109} INFO - [2023-11-10 14:22:56,326] {dag.py:1833} INFO - Sync 2 DAGs
[2023-11-10 14:22:56,334] {logging_mixin.py:109} INFO - [2023-11-10 14:22:56,334] {dag.py:2306} INFO - Setting next_dagrun for example_subdag_operator.section-1 to None
[2023-11-10 14:22:56,334] {logging_mixin.py:109} INFO - [2023-11-10 14:22:56,334] {dag.py:2306} INFO - Setting next_dagrun for example_subdag_operator.section-2 to None
[2023-11-10 14:22:56,341] {processor.py:170} INFO - Processing /home/airflow/.local/lib/python3.6/site-packages/airflow/example_dags/example_subdag_operator.py took 1.992 seconds
[2023-11-10 14:23:27,086] {processor.py:162} INFO - Started process (PID=474) to work on /home/airflow/.local/lib/python3.6/site-packages/airflow/example_dags/example_subdag_operator.py
[2023-11-10 14:23:27,089] {processor.py:613} INFO - Processing file /home/airflow/.local/lib/python3.6/site-packages/airflow/example_dags/example_subdag_operator.py for tasks to queue
[2023-11-10 14:23:27,090] {logging_mixin.py:109} INFO - [2023-11-10 14:23:27,090] {dagbag.py:496} INFO - Filling up the DagBag from /home/airflow/.local/lib/python3.6/site-packages/airflow/example_dags/example_subdag_operator.py
[2023-11-10 14:23:27,120] {processor.py:623} INFO - DAG(s) dict_keys(['example_subdag_operator.section-1', 'example_subdag_operator.section-2', 'example_subdag_operator']) retrieved from /home/airflow/.local/lib/python3.6/site-packages/airflow/example_dags/example_subdag_operator.py
[2023-11-10 14:23:27,133] {logging_mixin.py:109} INFO - [2023-11-10 14:23:27,133] {dag.py:1833} INFO - Sync 3 DAGs
[2023-11-10 14:23:27,151] {logging_mixin.py:109} INFO - [2023-11-10 14:23:27,151] {dag.py:2306} INFO - Setting next_dagrun for example_subdag_operator to 2023-11-08 00:00:00+00:00
[2023-11-10 14:23:27,152] {logging_mixin.py:109} INFO - [2023-11-10 14:23:27,152] {dag.py:2306} INFO - Setting next_dagrun for example_subdag_operator.section-1 to None
[2023-11-10 14:23:27,153] {logging_mixin.py:109} INFO - [2023-11-10 14:23:27,153] {dag.py:2306} INFO - Setting next_dagrun for example_subdag_operator.section-2 to None
[2023-11-10 14:23:27,162] {logging_mixin.py:109} INFO - [2023-11-10 14:23:27,162] {dag.py:1833} INFO - Sync 2 DAGs
[2023-11-10 14:23:27,169] {logging_mixin.py:109} INFO - [2023-11-10 14:23:27,169] {dag.py:2306} INFO - Setting next_dagrun for example_subdag_operator.section-1 to None
[2023-11-10 14:23:27,169] {logging_mixin.py:109} INFO - [2023-11-10 14:23:27,169] {dag.py:2306} INFO - Setting next_dagrun for example_subdag_operator.section-2 to None
[2023-11-10 14:23:27,177] {processor.py:170} INFO - Processing /home/airflow/.local/lib/python3.6/site-packages/airflow/example_dags/example_subdag_operator.py took 0.096 seconds
[2023-11-10 14:23:57,761] {processor.py:162} INFO - Started process (PID=535) to work on /home/airflow/.local/lib/python3.6/site-packages/airflow/example_dags/example_subdag_operator.py
[2023-11-10 14:23:57,762] {processor.py:613} INFO - Processing file /home/airflow/.local/lib/python3.6/site-packages/airflow/example_dags/example_subdag_operator.py for tasks to queue
[2023-11-10 14:23:57,763] {logging_mixin.py:109} INFO - [2023-11-10 14:23:57,763] {dagbag.py:496} INFO - Filling up the DagBag from /home/airflow/.local/lib/python3.6/site-packages/airflow/example_dags/example_subdag_operator.py
[2023-11-10 14:23:57,790] {processor.py:623} INFO - DAG(s) dict_keys(['example_subdag_operator.section-1', 'example_subdag_operator.section-2', 'example_subdag_operator']) retrieved from /home/airflow/.local/lib/python3.6/site-packages/airflow/example_dags/example_subdag_operator.py
[2023-11-10 14:23:57,799] {logging_mixin.py:109} INFO - [2023-11-10 14:23:57,799] {dag.py:1833} INFO - Sync 3 DAGs
[2023-11-10 14:23:57,812] {logging_mixin.py:109} INFO - [2023-11-10 14:23:57,812] {dag.py:2306} INFO - Setting next_dagrun for example_subdag_operator to 2023-11-08 00:00:00+00:00
[2023-11-10 14:23:57,813] {logging_mixin.py:109} INFO - [2023-11-10 14:23:57,813] {dag.py:2306} INFO - Setting next_dagrun for example_subdag_operator.section-1 to None
[2023-11-10 14:23:57,813] {logging_mixin.py:109} INFO - [2023-11-10 14:23:57,813] {dag.py:2306} INFO - Setting next_dagrun for example_subdag_operator.section-2 to None
[2023-11-10 14:23:57,820] {logging_mixin.py:109} INFO - [2023-11-10 14:23:57,820] {dag.py:1833} INFO - Sync 2 DAGs
[2023-11-10 14:23:57,826] {logging_mixin.py:109} INFO - [2023-11-10 14:23:57,826] {dag.py:2306} INFO - Setting next_dagrun for example_subdag_operator.section-1 to None
[2023-11-10 14:23:57,826] {logging_mixin.py:109} INFO - [2023-11-10 14:23:57,826] {dag.py:2306} INFO - Setting next_dagrun for example_subdag_operator.section-2 to None
[2023-11-10 14:23:57,832] {processor.py:170} INFO - Processing /home/airflow/.local/lib/python3.6/site-packages/airflow/example_dags/example_subdag_operator.py took 0.074 seconds
[2023-11-10 14:24:28,047] {processor.py:162} INFO - Started process (PID=593) to work on /home/airflow/.local/lib/python3.6/site-packages/airflow/example_dags/example_subdag_operator.py
[2023-11-10 14:24:28,048] {processor.py:613} INFO - Processing file /home/airflow/.local/lib/python3.6/site-packages/airflow/example_dags/example_subdag_operator.py for tasks to queue
[2023-11-10 14:24:28,049] {logging_mixin.py:109} INFO - [2023-11-10 14:24:28,049] {dagbag.py:496} INFO - Filling up the DagBag from /home/airflow/.local/lib/python3.6/site-packages/airflow/example_dags/example_subdag_operator.py
[2023-11-10 14:24:28,073] {processor.py:623} INFO - DAG(s) dict_keys(['example_subdag_operator.section-1', 'example_subdag_operator.section-2', 'example_subdag_operator']) retrieved from /home/airflow/.local/lib/python3.6/site-packages/airflow/example_dags/example_subdag_operator.py
[2023-11-10 14:24:28,086] {logging_mixin.py:109} INFO - [2023-11-10 14:24:28,086] {dag.py:1833} INFO - Sync 3 DAGs
[2023-11-10 14:24:28,103] {logging_mixin.py:109} INFO - [2023-11-10 14:24:28,103] {dag.py:2306} INFO - Setting next_dagrun for example_subdag_operator to 2023-11-08 00:00:00+00:00
[2023-11-10 14:24:28,104] {logging_mixin.py:109} INFO - [2023-11-10 14:24:28,104] {dag.py:2306} INFO - Setting next_dagrun for example_subdag_operator.section-1 to None
[2023-11-10 14:24:28,104] {logging_mixin.py:109} INFO - [2023-11-10 14:24:28,104] {dag.py:2306} INFO - Setting next_dagrun for example_subdag_operator.section-2 to None
[2023-11-10 14:24:28,111] {logging_mixin.py:109} INFO - [2023-11-10 14:24:28,111] {dag.py:1833} INFO - Sync 2 DAGs
[2023-11-10 14:24:28,117] {logging_mixin.py:109} INFO - [2023-11-10 14:24:28,117] {dag.py:2306} INFO - Setting next_dagrun for example_subdag_operator.section-1 to None
[2023-11-10 14:24:28,118] {logging_mixin.py:109} INFO - [2023-11-10 14:24:28,118] {dag.py:2306} INFO - Setting next_dagrun for example_subdag_operator.section-2 to None
[2023-11-10 14:24:28,124] {processor.py:170} INFO - Processing /home/airflow/.local/lib/python3.6/site-packages/airflow/example_dags/example_subdag_operator.py took 0.082 seconds
[2023-11-10 14:24:58,397] {processor.py:162} INFO - Started process (PID=647) to work on /home/airflow/.local/lib/python3.6/site-packages/airflow/example_dags/example_subdag_operator.py
[2023-11-10 14:24:58,399] {processor.py:613} INFO - Processing file /home/airflow/.local/lib/python3.6/site-packages/airflow/example_dags/example_subdag_operator.py for tasks to queue
[2023-11-10 14:24:58,399] {logging_mixin.py:109} INFO - [2023-11-10 14:24:58,399] {dagbag.py:496} INFO - Filling up the DagBag from /home/airflow/.local/lib/python3.6/site-packages/airflow/example_dags/example_subdag_operator.py
[2023-11-10 14:24:58,424] {processor.py:623} INFO - DAG(s) dict_keys(['example_subdag_operator.section-1', 'example_subdag_operator.section-2', 'example_subdag_operator']) retrieved from /home/airflow/.local/lib/python3.6/site-packages/airflow/example_dags/example_subdag_operator.py
[2023-11-10 14:24:58,434] {logging_mixin.py:109} INFO - [2023-11-10 14:24:58,434] {dag.py:1833} INFO - Sync 3 DAGs
[2023-11-10 14:24:58,449] {logging_mixin.py:109} INFO - [2023-11-10 14:24:58,448] {dag.py:2306} INFO - Setting next_dagrun for example_subdag_operator to 2023-11-08 00:00:00+00:00
[2023-11-10 14:24:58,450] {logging_mixin.py:109} INFO - [2023-11-10 14:24:58,450] {dag.py:2306} INFO - Setting next_dagrun for example_subdag_operator.section-1 to None
[2023-11-10 14:24:58,450] {logging_mixin.py:109} INFO - [2023-11-10 14:24:58,450] {dag.py:2306} INFO - Setting next_dagrun for example_subdag_operator.section-2 to None
[2023-11-10 14:24:58,459] {logging_mixin.py:109} INFO - [2023-11-10 14:24:58,459] {dag.py:1833} INFO - Sync 2 DAGs
[2023-11-10 14:24:58,465] {logging_mixin.py:109} INFO - [2023-11-10 14:24:58,465] {dag.py:2306} INFO - Setting next_dagrun for example_subdag_operator.section-1 to None
[2023-11-10 14:24:58,465] {logging_mixin.py:109} INFO - [2023-11-10 14:24:58,465] {dag.py:2306} INFO - Setting next_dagrun for example_subdag_operator.section-2 to None
[2023-11-10 14:24:58,470] {processor.py:170} INFO - Processing /home/airflow/.local/lib/python3.6/site-packages/airflow/example_dags/example_subdag_operator.py took 0.076 seconds
[2023-11-10 14:25:28,683] {processor.py:162} INFO - Started process (PID=708) to work on /home/airflow/.local/lib/python3.6/site-packages/airflow/example_dags/example_subdag_operator.py
[2023-11-10 14:25:28,684] {processor.py:613} INFO - Processing file /home/airflow/.local/lib/python3.6/site-packages/airflow/example_dags/example_subdag_operator.py for tasks to queue
[2023-11-10 14:25:28,685] {logging_mixin.py:109} INFO - [2023-11-10 14:25:28,685] {dagbag.py:496} INFO - Filling up the DagBag from /home/airflow/.local/lib/python3.6/site-packages/airflow/example_dags/example_subdag_operator.py
[2023-11-10 14:25:28,707] {processor.py:623} INFO - DAG(s) dict_keys(['example_subdag_operator.section-1', 'example_subdag_operator.section-2', 'example_subdag_operator']) retrieved from /home/airflow/.local/lib/python3.6/site-packages/airflow/example_dags/example_subdag_operator.py
[2023-11-10 14:25:28,718] {logging_mixin.py:109} INFO - [2023-11-10 14:25:28,718] {dag.py:1833} INFO - Sync 3 DAGs
[2023-11-10 14:25:28,731] {logging_mixin.py:109} INFO - [2023-11-10 14:25:28,731] {dag.py:2306} INFO - Setting next_dagrun for example_subdag_operator to 2023-11-08 00:00:00+00:00
[2023-11-10 14:25:28,733] {logging_mixin.py:109} INFO - [2023-11-10 14:25:28,733] {dag.py:2306} INFO - Setting next_dagrun for example_subdag_operator.section-1 to None
[2023-11-10 14:25:28,733] {logging_mixin.py:109} INFO - [2023-11-10 14:25:28,733] {dag.py:2306} INFO - Setting next_dagrun for example_subdag_operator.section-2 to None
[2023-11-10 14:25:28,741] {logging_mixin.py:109} INFO - [2023-11-10 14:25:28,741] {dag.py:1833} INFO - Sync 2 DAGs
[2023-11-10 14:25:28,763] {logging_mixin.py:109} INFO - [2023-11-10 14:25:28,763] {dag.py:2306} INFO - Setting next_dagrun for example_subdag_operator.section-1 to None
[2023-11-10 14:25:28,764] {logging_mixin.py:109} INFO - [2023-11-10 14:25:28,764] {dag.py:2306} INFO - Setting next_dagrun for example_subdag_operator.section-2 to None
[2023-11-10 14:25:28,782] {processor.py:170} INFO - Processing /home/airflow/.local/lib/python3.6/site-packages/airflow/example_dags/example_subdag_operator.py took 0.102 seconds
[2023-11-10 14:25:59,329] {processor.py:162} INFO - Started process (PID=759) to work on /home/airflow/.local/lib/python3.6/site-packages/airflow/example_dags/example_subdag_operator.py
[2023-11-10 14:25:59,330] {processor.py:613} INFO - Processing file /home/airflow/.local/lib/python3.6/site-packages/airflow/example_dags/example_subdag_operator.py for tasks to queue
[2023-11-10 14:25:59,331] {logging_mixin.py:109} INFO - [2023-11-10 14:25:59,331] {dagbag.py:496} INFO - Filling up the DagBag from /home/airflow/.local/lib/python3.6/site-packages/airflow/example_dags/example_subdag_operator.py
[2023-11-10 14:25:59,358] {processor.py:623} INFO - DAG(s) dict_keys(['example_subdag_operator.section-1', 'example_subdag_operator.section-2', 'example_subdag_operator']) retrieved from /home/airflow/.local/lib/python3.6/site-packages/airflow/example_dags/example_subdag_operator.py
[2023-11-10 14:25:59,368] {logging_mixin.py:109} INFO - [2023-11-10 14:25:59,368] {dag.py:1833} INFO - Sync 3 DAGs
[2023-11-10 14:25:59,380] {logging_mixin.py:109} INFO - [2023-11-10 14:25:59,380] {dag.py:2306} INFO - Setting next_dagrun for example_subdag_operator to 2023-11-08 00:00:00+00:00
[2023-11-10 14:25:59,382] {logging_mixin.py:109} INFO - [2023-11-10 14:25:59,381] {dag.py:2306} INFO - Setting next_dagrun for example_subdag_operator.section-1 to None
[2023-11-10 14:25:59,382] {logging_mixin.py:109} INFO - [2023-11-10 14:25:59,382] {dag.py:2306} INFO - Setting next_dagrun for example_subdag_operator.section-2 to None
[2023-11-10 14:25:59,390] {logging_mixin.py:109} INFO - [2023-11-10 14:25:59,390] {dag.py:1833} INFO - Sync 2 DAGs
[2023-11-10 14:25:59,396] {logging_mixin.py:109} INFO - [2023-11-10 14:25:59,396] {dag.py:2306} INFO - Setting next_dagrun for example_subdag_operator.section-1 to None
[2023-11-10 14:25:59,396] {logging_mixin.py:109} INFO - [2023-11-10 14:25:59,396] {dag.py:2306} INFO - Setting next_dagrun for example_subdag_operator.section-2 to None
[2023-11-10 14:25:59,403] {processor.py:170} INFO - Processing /home/airflow/.local/lib/python3.6/site-packages/airflow/example_dags/example_subdag_operator.py took 0.076 seconds
[2023-11-10 14:26:29,578] {processor.py:162} INFO - Started process (PID=819) to work on /home/airflow/.local/lib/python3.6/site-packages/airflow/example_dags/example_subdag_operator.py
[2023-11-10 14:26:29,581] {processor.py:613} INFO - Processing file /home/airflow/.local/lib/python3.6/site-packages/airflow/example_dags/example_subdag_operator.py for tasks to queue
[2023-11-10 14:26:29,583] {logging_mixin.py:109} INFO - [2023-11-10 14:26:29,582] {dagbag.py:496} INFO - Filling up the DagBag from /home/airflow/.local/lib/python3.6/site-packages/airflow/example_dags/example_subdag_operator.py
[2023-11-10 14:26:29,613] {processor.py:623} INFO - DAG(s) dict_keys(['example_subdag_operator.section-1', 'example_subdag_operator.section-2', 'example_subdag_operator']) retrieved from /home/airflow/.local/lib/python3.6/site-packages/airflow/example_dags/example_subdag_operator.py
[2023-11-10 14:26:29,624] {logging_mixin.py:109} INFO - [2023-11-10 14:26:29,624] {dag.py:1833} INFO - Sync 3 DAGs
[2023-11-10 14:26:29,638] {logging_mixin.py:109} INFO - [2023-11-10 14:26:29,638] {dag.py:2306} INFO - Setting next_dagrun for example_subdag_operator to 2023-11-08 00:00:00+00:00
[2023-11-10 14:26:29,639] {logging_mixin.py:109} INFO - [2023-11-10 14:26:29,639] {dag.py:2306} INFO - Setting next_dagrun for example_subdag_operator.section-1 to None
[2023-11-10 14:26:29,639] {logging_mixin.py:109} INFO - [2023-11-10 14:26:29,639] {dag.py:2306} INFO - Setting next_dagrun for example_subdag_operator.section-2 to None
[2023-11-10 14:26:29,648] {logging_mixin.py:109} INFO - [2023-11-10 14:26:29,648] {dag.py:1833} INFO - Sync 2 DAGs
[2023-11-10 14:26:29,656] {logging_mixin.py:109} INFO - [2023-11-10 14:26:29,656] {dag.py:2306} INFO - Setting next_dagrun for example_subdag_operator.section-1 to None
[2023-11-10 14:26:29,656] {logging_mixin.py:109} INFO - [2023-11-10 14:26:29,656] {dag.py:2306} INFO - Setting next_dagrun for example_subdag_operator.section-2 to None
[2023-11-10 14:26:29,663] {processor.py:170} INFO - Processing /home/airflow/.local/lib/python3.6/site-packages/airflow/example_dags/example_subdag_operator.py took 0.095 seconds
[2023-11-10 14:27:00,088] {processor.py:162} INFO - Started process (PID=880) to work on /home/airflow/.local/lib/python3.6/site-packages/airflow/example_dags/example_subdag_operator.py
[2023-11-10 14:27:00,089] {processor.py:613} INFO - Processing file /home/airflow/.local/lib/python3.6/site-packages/airflow/example_dags/example_subdag_operator.py for tasks to queue
[2023-11-10 14:27:00,090] {logging_mixin.py:109} INFO - [2023-11-10 14:27:00,090] {dagbag.py:496} INFO - Filling up the DagBag from /home/airflow/.local/lib/python3.6/site-packages/airflow/example_dags/example_subdag_operator.py
[2023-11-10 14:27:00,121] {processor.py:623} INFO - DAG(s) dict_keys(['example_subdag_operator.section-1', 'example_subdag_operator.section-2', 'example_subdag_operator']) retrieved from /home/airflow/.local/lib/python3.6/site-packages/airflow/example_dags/example_subdag_operator.py
[2023-11-10 14:27:00,134] {logging_mixin.py:109} INFO - [2023-11-10 14:27:00,133] {dag.py:1833} INFO - Sync 3 DAGs
[2023-11-10 14:27:00,151] {logging_mixin.py:109} INFO - [2023-11-10 14:27:00,151] {dag.py:2306} INFO - Setting next_dagrun for example_subdag_operator to 2023-11-08 00:00:00+00:00
[2023-11-10 14:27:00,153] {logging_mixin.py:109} INFO - [2023-11-10 14:27:00,152] {dag.py:2306} INFO - Setting next_dagrun for example_subdag_operator.section-1 to None
[2023-11-10 14:27:00,153] {logging_mixin.py:109} INFO - [2023-11-10 14:27:00,153] {dag.py:2306} INFO - Setting next_dagrun for example_subdag_operator.section-2 to None
[2023-11-10 14:27:00,163] {logging_mixin.py:109} INFO - [2023-11-10 14:27:00,162] {dag.py:1833} INFO - Sync 2 DAGs
[2023-11-10 14:27:00,171] {logging_mixin.py:109} INFO - [2023-11-10 14:27:00,171] {dag.py:2306} INFO - Setting next_dagrun for example_subdag_operator.section-1 to None
[2023-11-10 14:27:00,172] {logging_mixin.py:109} INFO - [2023-11-10 14:27:00,172] {dag.py:2306} INFO - Setting next_dagrun for example_subdag_operator.section-2 to None
[2023-11-10 14:27:00,179] {processor.py:170} INFO - Processing /home/airflow/.local/lib/python3.6/site-packages/airflow/example_dags/example_subdag_operator.py took 0.094 seconds
