[2023-11-10 14:22:56,363] {processor.py:162} INFO - Started process (PID=196) to work on /home/airflow/.local/lib/python3.6/site-packages/airflow/example_dags/example_branch_labels.py
[2023-11-10 14:22:56,364] {processor.py:613} INFO - Processing file /home/airflow/.local/lib/python3.6/site-packages/airflow/example_dags/example_branch_labels.py for tasks to queue
[2023-11-10 14:22:56,365] {logging_mixin.py:109} INFO - [2023-11-10 14:22:56,365] {dagbag.py:496} INFO - Filling up the DagBag from /home/airflow/.local/lib/python3.6/site-packages/airflow/example_dags/example_branch_labels.py
[2023-11-10 14:22:56,377] {processor.py:623} INFO - DAG(s) dict_keys(['example_branch_labels']) retrieved from /home/airflow/.local/lib/python3.6/site-packages/airflow/example_dags/example_branch_labels.py
[2023-11-10 14:22:58,142] {logging_mixin.py:109} INFO - [2023-11-10 14:22:58,141] {dag.py:1833} INFO - Sync 1 DAGs
[2023-11-10 14:22:58,150] {logging_mixin.py:109} INFO - [2023-11-10 14:22:58,150] {dag.py:1852} INFO - Creating ORM DAG for example_branch_labels
[2023-11-10 14:22:58,157] {logging_mixin.py:109} INFO - [2023-11-10 14:22:58,157] {dag.py:2306} INFO - Setting next_dagrun for example_branch_labels to 2023-11-08 00:00:00+00:00
[2023-11-10 14:22:58,164] {processor.py:170} INFO - Processing /home/airflow/.local/lib/python3.6/site-packages/airflow/example_dags/example_branch_labels.py took 1.805 seconds
[2023-11-10 14:23:28,194] {processor.py:162} INFO - Started process (PID=476) to work on /home/airflow/.local/lib/python3.6/site-packages/airflow/example_dags/example_branch_labels.py
[2023-11-10 14:23:28,195] {processor.py:613} INFO - Processing file /home/airflow/.local/lib/python3.6/site-packages/airflow/example_dags/example_branch_labels.py for tasks to queue
[2023-11-10 14:23:28,196] {logging_mixin.py:109} INFO - [2023-11-10 14:23:28,195] {dagbag.py:496} INFO - Filling up the DagBag from /home/airflow/.local/lib/python3.6/site-packages/airflow/example_dags/example_branch_labels.py
[2023-11-10 14:23:28,208] {processor.py:623} INFO - DAG(s) dict_keys(['example_branch_labels']) retrieved from /home/airflow/.local/lib/python3.6/site-packages/airflow/example_dags/example_branch_labels.py
[2023-11-10 14:23:28,225] {logging_mixin.py:109} INFO - [2023-11-10 14:23:28,225] {dag.py:1833} INFO - Sync 1 DAGs
[2023-11-10 14:23:28,240] {logging_mixin.py:109} INFO - [2023-11-10 14:23:28,240] {dag.py:2306} INFO - Setting next_dagrun for example_branch_labels to 2023-11-08 00:00:00+00:00
[2023-11-10 14:23:28,248] {processor.py:170} INFO - Processing /home/airflow/.local/lib/python3.6/site-packages/airflow/example_dags/example_branch_labels.py took 0.058 seconds
[2023-11-10 14:23:58,826] {processor.py:162} INFO - Started process (PID=537) to work on /home/airflow/.local/lib/python3.6/site-packages/airflow/example_dags/example_branch_labels.py
[2023-11-10 14:23:58,828] {processor.py:613} INFO - Processing file /home/airflow/.local/lib/python3.6/site-packages/airflow/example_dags/example_branch_labels.py for tasks to queue
[2023-11-10 14:23:58,830] {logging_mixin.py:109} INFO - [2023-11-10 14:23:58,829] {dagbag.py:496} INFO - Filling up the DagBag from /home/airflow/.local/lib/python3.6/site-packages/airflow/example_dags/example_branch_labels.py
[2023-11-10 14:23:58,846] {processor.py:623} INFO - DAG(s) dict_keys(['example_branch_labels']) retrieved from /home/airflow/.local/lib/python3.6/site-packages/airflow/example_dags/example_branch_labels.py
[2023-11-10 14:23:58,862] {logging_mixin.py:109} INFO - [2023-11-10 14:23:58,862] {dag.py:1833} INFO - Sync 1 DAGs
[2023-11-10 14:23:58,882] {logging_mixin.py:109} INFO - [2023-11-10 14:23:58,882] {dag.py:2306} INFO - Setting next_dagrun for example_branch_labels to 2023-11-08 00:00:00+00:00
[2023-11-10 14:23:58,891] {processor.py:170} INFO - Processing /home/airflow/.local/lib/python3.6/site-packages/airflow/example_dags/example_branch_labels.py took 0.070 seconds
[2023-11-10 14:24:29,137] {processor.py:162} INFO - Started process (PID=598) to work on /home/airflow/.local/lib/python3.6/site-packages/airflow/example_dags/example_branch_labels.py
[2023-11-10 14:24:29,138] {processor.py:613} INFO - Processing file /home/airflow/.local/lib/python3.6/site-packages/airflow/example_dags/example_branch_labels.py for tasks to queue
[2023-11-10 14:24:29,139] {logging_mixin.py:109} INFO - [2023-11-10 14:24:29,139] {dagbag.py:496} INFO - Filling up the DagBag from /home/airflow/.local/lib/python3.6/site-packages/airflow/example_dags/example_branch_labels.py
[2023-11-10 14:24:29,153] {processor.py:623} INFO - DAG(s) dict_keys(['example_branch_labels']) retrieved from /home/airflow/.local/lib/python3.6/site-packages/airflow/example_dags/example_branch_labels.py
[2023-11-10 14:24:29,174] {logging_mixin.py:109} INFO - [2023-11-10 14:24:29,174] {dag.py:1833} INFO - Sync 1 DAGs
[2023-11-10 14:24:29,195] {logging_mixin.py:109} INFO - [2023-11-10 14:24:29,195] {dag.py:2306} INFO - Setting next_dagrun for example_branch_labels to 2023-11-08 00:00:00+00:00
[2023-11-10 14:24:29,204] {processor.py:170} INFO - Processing /home/airflow/.local/lib/python3.6/site-packages/airflow/example_dags/example_branch_labels.py took 0.071 seconds
[2023-11-10 14:24:59,431] {processor.py:162} INFO - Started process (PID=649) to work on /home/airflow/.local/lib/python3.6/site-packages/airflow/example_dags/example_branch_labels.py
[2023-11-10 14:24:59,433] {processor.py:613} INFO - Processing file /home/airflow/.local/lib/python3.6/site-packages/airflow/example_dags/example_branch_labels.py for tasks to queue
[2023-11-10 14:24:59,433] {logging_mixin.py:109} INFO - [2023-11-10 14:24:59,433] {dagbag.py:496} INFO - Filling up the DagBag from /home/airflow/.local/lib/python3.6/site-packages/airflow/example_dags/example_branch_labels.py
[2023-11-10 14:24:59,445] {processor.py:623} INFO - DAG(s) dict_keys(['example_branch_labels']) retrieved from /home/airflow/.local/lib/python3.6/site-packages/airflow/example_dags/example_branch_labels.py
[2023-11-10 14:24:59,462] {logging_mixin.py:109} INFO - [2023-11-10 14:24:59,462] {dag.py:1833} INFO - Sync 1 DAGs
[2023-11-10 14:24:59,481] {logging_mixin.py:109} INFO - [2023-11-10 14:24:59,481] {dag.py:2306} INFO - Setting next_dagrun for example_branch_labels to 2023-11-08 00:00:00+00:00
[2023-11-10 14:24:59,490] {processor.py:170} INFO - Processing /home/airflow/.local/lib/python3.6/site-packages/airflow/example_dags/example_branch_labels.py took 0.063 seconds
[2023-11-10 14:25:29,766] {processor.py:162} INFO - Started process (PID=710) to work on /home/airflow/.local/lib/python3.6/site-packages/airflow/example_dags/example_branch_labels.py
[2023-11-10 14:25:29,767] {processor.py:613} INFO - Processing file /home/airflow/.local/lib/python3.6/site-packages/airflow/example_dags/example_branch_labels.py for tasks to queue
[2023-11-10 14:25:29,768] {logging_mixin.py:109} INFO - [2023-11-10 14:25:29,768] {dagbag.py:496} INFO - Filling up the DagBag from /home/airflow/.local/lib/python3.6/site-packages/airflow/example_dags/example_branch_labels.py
[2023-11-10 14:25:29,781] {processor.py:623} INFO - DAG(s) dict_keys(['example_branch_labels']) retrieved from /home/airflow/.local/lib/python3.6/site-packages/airflow/example_dags/example_branch_labels.py
[2023-11-10 14:25:29,800] {logging_mixin.py:109} INFO - [2023-11-10 14:25:29,800] {dag.py:1833} INFO - Sync 1 DAGs
[2023-11-10 14:25:29,817] {logging_mixin.py:109} INFO - [2023-11-10 14:25:29,817] {dag.py:2306} INFO - Setting next_dagrun for example_branch_labels to 2023-11-08 00:00:00+00:00
[2023-11-10 14:25:29,827] {processor.py:170} INFO - Processing /home/airflow/.local/lib/python3.6/site-packages/airflow/example_dags/example_branch_labels.py took 0.064 seconds
[2023-11-10 14:26:00,378] {processor.py:162} INFO - Started process (PID=761) to work on /home/airflow/.local/lib/python3.6/site-packages/airflow/example_dags/example_branch_labels.py
[2023-11-10 14:26:00,380] {processor.py:613} INFO - Processing file /home/airflow/.local/lib/python3.6/site-packages/airflow/example_dags/example_branch_labels.py for tasks to queue
[2023-11-10 14:26:00,381] {logging_mixin.py:109} INFO - [2023-11-10 14:26:00,381] {dagbag.py:496} INFO - Filling up the DagBag from /home/airflow/.local/lib/python3.6/site-packages/airflow/example_dags/example_branch_labels.py
[2023-11-10 14:26:00,394] {processor.py:623} INFO - DAG(s) dict_keys(['example_branch_labels']) retrieved from /home/airflow/.local/lib/python3.6/site-packages/airflow/example_dags/example_branch_labels.py
[2023-11-10 14:26:00,413] {logging_mixin.py:109} INFO - [2023-11-10 14:26:00,413] {dag.py:1833} INFO - Sync 1 DAGs
[2023-11-10 14:26:00,432] {logging_mixin.py:109} INFO - [2023-11-10 14:26:00,432] {dag.py:2306} INFO - Setting next_dagrun for example_branch_labels to 2023-11-08 00:00:00+00:00
[2023-11-10 14:26:00,444] {processor.py:170} INFO - Processing /home/airflow/.local/lib/python3.6/site-packages/airflow/example_dags/example_branch_labels.py took 0.070 seconds
[2023-11-10 14:26:30,597] {processor.py:162} INFO - Started process (PID=821) to work on /home/airflow/.local/lib/python3.6/site-packages/airflow/example_dags/example_branch_labels.py
[2023-11-10 14:26:30,599] {processor.py:613} INFO - Processing file /home/airflow/.local/lib/python3.6/site-packages/airflow/example_dags/example_branch_labels.py for tasks to queue
[2023-11-10 14:26:30,600] {logging_mixin.py:109} INFO - [2023-11-10 14:26:30,599] {dagbag.py:496} INFO - Filling up the DagBag from /home/airflow/.local/lib/python3.6/site-packages/airflow/example_dags/example_branch_labels.py
[2023-11-10 14:26:30,612] {processor.py:623} INFO - DAG(s) dict_keys(['example_branch_labels']) retrieved from /home/airflow/.local/lib/python3.6/site-packages/airflow/example_dags/example_branch_labels.py
[2023-11-10 14:26:30,631] {logging_mixin.py:109} INFO - [2023-11-10 14:26:30,631] {dag.py:1833} INFO - Sync 1 DAGs
[2023-11-10 14:26:30,650] {logging_mixin.py:109} INFO - [2023-11-10 14:26:30,649] {dag.py:2306} INFO - Setting next_dagrun for example_branch_labels to 2023-11-08 00:00:00+00:00
[2023-11-10 14:26:30,658] {processor.py:170} INFO - Processing /home/airflow/.local/lib/python3.6/site-packages/airflow/example_dags/example_branch_labels.py took 0.065 seconds
[2023-11-10 14:27:01,128] {processor.py:162} INFO - Started process (PID=882) to work on /home/airflow/.local/lib/python3.6/site-packages/airflow/example_dags/example_branch_labels.py
[2023-11-10 14:27:01,131] {processor.py:613} INFO - Processing file /home/airflow/.local/lib/python3.6/site-packages/airflow/example_dags/example_branch_labels.py for tasks to queue
[2023-11-10 14:27:01,132] {logging_mixin.py:109} INFO - [2023-11-10 14:27:01,132] {dagbag.py:496} INFO - Filling up the DagBag from /home/airflow/.local/lib/python3.6/site-packages/airflow/example_dags/example_branch_labels.py
[2023-11-10 14:27:01,149] {processor.py:623} INFO - DAG(s) dict_keys(['example_branch_labels']) retrieved from /home/airflow/.local/lib/python3.6/site-packages/airflow/example_dags/example_branch_labels.py
[2023-11-10 14:27:01,168] {logging_mixin.py:109} INFO - [2023-11-10 14:27:01,168] {dag.py:1833} INFO - Sync 1 DAGs
[2023-11-10 14:27:01,188] {logging_mixin.py:109} INFO - [2023-11-10 14:27:01,187] {dag.py:2306} INFO - Setting next_dagrun for example_branch_labels to 2023-11-08 00:00:00+00:00
[2023-11-10 14:27:01,197] {processor.py:170} INFO - Processing /home/airflow/.local/lib/python3.6/site-packages/airflow/example_dags/example_branch_labels.py took 0.078 seconds
