[2023-11-10 14:23:04,940] {processor.py:162} INFO - Started process (PID=313) to work on /home/airflow/.local/lib/python3.6/site-packages/airflow/example_dags/tutorial.py
[2023-11-10 14:23:04,942] {processor.py:613} INFO - Processing file /home/airflow/.local/lib/python3.6/site-packages/airflow/example_dags/tutorial.py for tasks to queue
[2023-11-10 14:23:04,943] {logging_mixin.py:109} INFO - [2023-11-10 14:23:04,943] {dagbag.py:496} INFO - Filling up the DagBag from /home/airflow/.local/lib/python3.6/site-packages/airflow/example_dags/tutorial.py
[2023-11-10 14:23:04,954] {processor.py:623} INFO - DAG(s) dict_keys(['tutorial']) retrieved from /home/airflow/.local/lib/python3.6/site-packages/airflow/example_dags/tutorial.py
[2023-11-10 14:23:06,697] {logging_mixin.py:109} INFO - [2023-11-10 14:23:06,696] {dag.py:1833} INFO - Sync 1 DAGs
[2023-11-10 14:23:06,706] {logging_mixin.py:109} INFO - [2023-11-10 14:23:06,705] {dag.py:1852} INFO - Creating ORM DAG for tutorial
[2023-11-10 14:23:06,710] {logging_mixin.py:109} INFO - [2023-11-10 14:23:06,710] {dag.py:2306} INFO - Setting next_dagrun for tutorial to 2023-11-08 00:00:00+00:00
[2023-11-10 14:23:06,720] {processor.py:170} INFO - Processing /home/airflow/.local/lib/python3.6/site-packages/airflow/example_dags/tutorial.py took 1.783 seconds
[2023-11-10 14:23:36,779] {processor.py:162} INFO - Started process (PID=495) to work on /home/airflow/.local/lib/python3.6/site-packages/airflow/example_dags/tutorial.py
[2023-11-10 14:23:36,780] {processor.py:613} INFO - Processing file /home/airflow/.local/lib/python3.6/site-packages/airflow/example_dags/tutorial.py for tasks to queue
[2023-11-10 14:23:36,781] {logging_mixin.py:109} INFO - [2023-11-10 14:23:36,781] {dagbag.py:496} INFO - Filling up the DagBag from /home/airflow/.local/lib/python3.6/site-packages/airflow/example_dags/tutorial.py
[2023-11-10 14:23:36,792] {processor.py:623} INFO - DAG(s) dict_keys(['tutorial']) retrieved from /home/airflow/.local/lib/python3.6/site-packages/airflow/example_dags/tutorial.py
[2023-11-10 14:23:36,810] {logging_mixin.py:109} INFO - [2023-11-10 14:23:36,810] {dag.py:1833} INFO - Sync 1 DAGs
[2023-11-10 14:23:36,825] {logging_mixin.py:109} INFO - [2023-11-10 14:23:36,824] {dag.py:2306} INFO - Setting next_dagrun for tutorial to 2023-11-08 00:00:00+00:00
[2023-11-10 14:23:36,836] {processor.py:170} INFO - Processing /home/airflow/.local/lib/python3.6/site-packages/airflow/example_dags/tutorial.py took 0.060 seconds
[2023-11-10 14:24:07,127] {processor.py:162} INFO - Started process (PID=556) to work on /home/airflow/.local/lib/python3.6/site-packages/airflow/example_dags/tutorial.py
[2023-11-10 14:24:07,128] {processor.py:613} INFO - Processing file /home/airflow/.local/lib/python3.6/site-packages/airflow/example_dags/tutorial.py for tasks to queue
[2023-11-10 14:24:07,129] {logging_mixin.py:109} INFO - [2023-11-10 14:24:07,129] {dagbag.py:496} INFO - Filling up the DagBag from /home/airflow/.local/lib/python3.6/site-packages/airflow/example_dags/tutorial.py
[2023-11-10 14:24:07,144] {processor.py:623} INFO - DAG(s) dict_keys(['tutorial']) retrieved from /home/airflow/.local/lib/python3.6/site-packages/airflow/example_dags/tutorial.py
[2023-11-10 14:24:07,166] {logging_mixin.py:109} INFO - [2023-11-10 14:24:07,166] {dag.py:1833} INFO - Sync 1 DAGs
[2023-11-10 14:24:07,188] {logging_mixin.py:109} INFO - [2023-11-10 14:24:07,188] {dag.py:2306} INFO - Setting next_dagrun for tutorial to 2023-11-08 00:00:00+00:00
[2023-11-10 14:24:07,201] {processor.py:170} INFO - Processing /home/airflow/.local/lib/python3.6/site-packages/airflow/example_dags/tutorial.py took 0.078 seconds
[2023-11-10 14:24:37,409] {processor.py:162} INFO - Started process (PID=607) to work on /home/airflow/.local/lib/python3.6/site-packages/airflow/example_dags/tutorial.py
[2023-11-10 14:24:37,410] {processor.py:613} INFO - Processing file /home/airflow/.local/lib/python3.6/site-packages/airflow/example_dags/tutorial.py for tasks to queue
[2023-11-10 14:24:37,411] {logging_mixin.py:109} INFO - [2023-11-10 14:24:37,410] {dagbag.py:496} INFO - Filling up the DagBag from /home/airflow/.local/lib/python3.6/site-packages/airflow/example_dags/tutorial.py
[2023-11-10 14:24:37,423] {processor.py:623} INFO - DAG(s) dict_keys(['tutorial']) retrieved from /home/airflow/.local/lib/python3.6/site-packages/airflow/example_dags/tutorial.py
[2023-11-10 14:24:37,440] {logging_mixin.py:109} INFO - [2023-11-10 14:24:37,440] {dag.py:1833} INFO - Sync 1 DAGs
[2023-11-10 14:24:37,456] {logging_mixin.py:109} INFO - [2023-11-10 14:24:37,456] {dag.py:2306} INFO - Setting next_dagrun for tutorial to 2023-11-08 00:00:00+00:00
[2023-11-10 14:24:37,466] {processor.py:170} INFO - Processing /home/airflow/.local/lib/python3.6/site-packages/airflow/example_dags/tutorial.py took 0.061 seconds
[2023-11-10 14:25:07,779] {processor.py:162} INFO - Started process (PID=668) to work on /home/airflow/.local/lib/python3.6/site-packages/airflow/example_dags/tutorial.py
[2023-11-10 14:25:07,786] {processor.py:613} INFO - Processing file /home/airflow/.local/lib/python3.6/site-packages/airflow/example_dags/tutorial.py for tasks to queue
[2023-11-10 14:25:07,788] {logging_mixin.py:109} INFO - [2023-11-10 14:25:07,788] {dagbag.py:496} INFO - Filling up the DagBag from /home/airflow/.local/lib/python3.6/site-packages/airflow/example_dags/tutorial.py
[2023-11-10 14:25:07,810] {processor.py:623} INFO - DAG(s) dict_keys(['tutorial']) retrieved from /home/airflow/.local/lib/python3.6/site-packages/airflow/example_dags/tutorial.py
[2023-11-10 14:25:07,832] {logging_mixin.py:109} INFO - [2023-11-10 14:25:07,832] {dag.py:1833} INFO - Sync 1 DAGs
[2023-11-10 14:25:07,853] {logging_mixin.py:109} INFO - [2023-11-10 14:25:07,853] {dag.py:2306} INFO - Setting next_dagrun for tutorial to 2023-11-08 00:00:00+00:00
[2023-11-10 14:25:07,863] {processor.py:170} INFO - Processing /home/airflow/.local/lib/python3.6/site-packages/airflow/example_dags/tutorial.py took 0.097 seconds
[2023-11-10 14:25:38,315] {processor.py:162} INFO - Started process (PID=729) to work on /home/airflow/.local/lib/python3.6/site-packages/airflow/example_dags/tutorial.py
[2023-11-10 14:25:38,317] {processor.py:613} INFO - Processing file /home/airflow/.local/lib/python3.6/site-packages/airflow/example_dags/tutorial.py for tasks to queue
[2023-11-10 14:25:38,318] {logging_mixin.py:109} INFO - [2023-11-10 14:25:38,318] {dagbag.py:496} INFO - Filling up the DagBag from /home/airflow/.local/lib/python3.6/site-packages/airflow/example_dags/tutorial.py
[2023-11-10 14:25:38,329] {processor.py:623} INFO - DAG(s) dict_keys(['tutorial']) retrieved from /home/airflow/.local/lib/python3.6/site-packages/airflow/example_dags/tutorial.py
[2023-11-10 14:25:38,355] {logging_mixin.py:109} INFO - [2023-11-10 14:25:38,354] {dag.py:1833} INFO - Sync 1 DAGs
[2023-11-10 14:25:38,373] {logging_mixin.py:109} INFO - [2023-11-10 14:25:38,373] {dag.py:2306} INFO - Setting next_dagrun for tutorial to 2023-11-08 00:00:00+00:00
[2023-11-10 14:25:38,386] {processor.py:170} INFO - Processing /home/airflow/.local/lib/python3.6/site-packages/airflow/example_dags/tutorial.py took 0.075 seconds
[2023-11-10 14:26:08,721] {processor.py:162} INFO - Started process (PID=780) to work on /home/airflow/.local/lib/python3.6/site-packages/airflow/example_dags/tutorial.py
[2023-11-10 14:26:08,724] {processor.py:613} INFO - Processing file /home/airflow/.local/lib/python3.6/site-packages/airflow/example_dags/tutorial.py for tasks to queue
[2023-11-10 14:26:08,725] {logging_mixin.py:109} INFO - [2023-11-10 14:26:08,725] {dagbag.py:496} INFO - Filling up the DagBag from /home/airflow/.local/lib/python3.6/site-packages/airflow/example_dags/tutorial.py
[2023-11-10 14:26:08,743] {processor.py:623} INFO - DAG(s) dict_keys(['tutorial']) retrieved from /home/airflow/.local/lib/python3.6/site-packages/airflow/example_dags/tutorial.py
[2023-11-10 14:26:08,763] {logging_mixin.py:109} INFO - [2023-11-10 14:26:08,763] {dag.py:1833} INFO - Sync 1 DAGs
[2023-11-10 14:26:08,776] {logging_mixin.py:109} INFO - [2023-11-10 14:26:08,775] {dag.py:2306} INFO - Setting next_dagrun for tutorial to 2023-11-08 00:00:00+00:00
[2023-11-10 14:26:08,785] {processor.py:170} INFO - Processing /home/airflow/.local/lib/python3.6/site-packages/airflow/example_dags/tutorial.py took 0.076 seconds
[2023-11-10 14:26:39,096] {processor.py:162} INFO - Started process (PID=840) to work on /home/airflow/.local/lib/python3.6/site-packages/airflow/example_dags/tutorial.py
[2023-11-10 14:26:39,099] {processor.py:613} INFO - Processing file /home/airflow/.local/lib/python3.6/site-packages/airflow/example_dags/tutorial.py for tasks to queue
[2023-11-10 14:26:39,101] {logging_mixin.py:109} INFO - [2023-11-10 14:26:39,101] {dagbag.py:496} INFO - Filling up the DagBag from /home/airflow/.local/lib/python3.6/site-packages/airflow/example_dags/tutorial.py
[2023-11-10 14:26:39,119] {processor.py:623} INFO - DAG(s) dict_keys(['tutorial']) retrieved from /home/airflow/.local/lib/python3.6/site-packages/airflow/example_dags/tutorial.py
[2023-11-10 14:26:39,138] {logging_mixin.py:109} INFO - [2023-11-10 14:26:39,138] {dag.py:1833} INFO - Sync 1 DAGs
[2023-11-10 14:26:39,152] {logging_mixin.py:109} INFO - [2023-11-10 14:26:39,152] {dag.py:2306} INFO - Setting next_dagrun for tutorial to 2023-11-08 00:00:00+00:00
[2023-11-10 14:26:39,164] {processor.py:170} INFO - Processing /home/airflow/.local/lib/python3.6/site-packages/airflow/example_dags/tutorial.py took 0.080 seconds
