[2023-11-10 14:22:59,898] {processor.py:162} INFO - Started process (PID=248) to work on /home/airflow/.local/lib/python3.6/site-packages/airflow/example_dags/tutorial_taskflow_api_etl.py
[2023-11-10 14:22:59,900] {processor.py:613} INFO - Processing file /home/airflow/.local/lib/python3.6/site-packages/airflow/example_dags/tutorial_taskflow_api_etl.py for tasks to queue
[2023-11-10 14:22:59,901] {logging_mixin.py:109} INFO - [2023-11-10 14:22:59,900] {dagbag.py:496} INFO - Filling up the DagBag from /home/airflow/.local/lib/python3.6/site-packages/airflow/example_dags/tutorial_taskflow_api_etl.py
[2023-11-10 14:22:59,919] {processor.py:623} INFO - DAG(s) dict_keys(['tutorial_taskflow_api_etl']) retrieved from /home/airflow/.local/lib/python3.6/site-packages/airflow/example_dags/tutorial_taskflow_api_etl.py
[2023-11-10 14:23:01,820] {logging_mixin.py:109} INFO - [2023-11-10 14:23:01,819] {dag.py:1833} INFO - Sync 1 DAGs
[2023-11-10 14:23:01,828] {logging_mixin.py:109} INFO - [2023-11-10 14:23:01,827] {dag.py:1852} INFO - Creating ORM DAG for tutorial_taskflow_api_etl
[2023-11-10 14:23:01,832] {logging_mixin.py:109} INFO - [2023-11-10 14:23:01,832] {dag.py:2306} INFO - Setting next_dagrun for tutorial_taskflow_api_etl to None
[2023-11-10 14:23:01,841] {processor.py:170} INFO - Processing /home/airflow/.local/lib/python3.6/site-packages/airflow/example_dags/tutorial_taskflow_api_etl.py took 1.946 seconds
[2023-11-10 14:23:32,360] {processor.py:162} INFO - Started process (PID=490) to work on /home/airflow/.local/lib/python3.6/site-packages/airflow/example_dags/tutorial_taskflow_api_etl.py
[2023-11-10 14:23:32,362] {processor.py:613} INFO - Processing file /home/airflow/.local/lib/python3.6/site-packages/airflow/example_dags/tutorial_taskflow_api_etl.py for tasks to queue
[2023-11-10 14:23:32,363] {logging_mixin.py:109} INFO - [2023-11-10 14:23:32,363] {dagbag.py:496} INFO - Filling up the DagBag from /home/airflow/.local/lib/python3.6/site-packages/airflow/example_dags/tutorial_taskflow_api_etl.py
[2023-11-10 14:23:32,378] {processor.py:623} INFO - DAG(s) dict_keys(['tutorial_taskflow_api_etl']) retrieved from /home/airflow/.local/lib/python3.6/site-packages/airflow/example_dags/tutorial_taskflow_api_etl.py
[2023-11-10 14:23:32,548] {logging_mixin.py:109} INFO - [2023-11-10 14:23:32,548] {dag.py:1833} INFO - Sync 1 DAGs
[2023-11-10 14:23:32,561] {logging_mixin.py:109} INFO - [2023-11-10 14:23:32,561] {dag.py:2306} INFO - Setting next_dagrun for tutorial_taskflow_api_etl to None
[2023-11-10 14:23:32,571] {processor.py:170} INFO - Processing /home/airflow/.local/lib/python3.6/site-packages/airflow/example_dags/tutorial_taskflow_api_etl.py took 0.216 seconds
[2023-11-10 14:24:03,011] {processor.py:162} INFO - Started process (PID=541) to work on /home/airflow/.local/lib/python3.6/site-packages/airflow/example_dags/tutorial_taskflow_api_etl.py
[2023-11-10 14:24:03,013] {processor.py:613} INFO - Processing file /home/airflow/.local/lib/python3.6/site-packages/airflow/example_dags/tutorial_taskflow_api_etl.py for tasks to queue
[2023-11-10 14:24:03,015] {logging_mixin.py:109} INFO - [2023-11-10 14:24:03,014] {dagbag.py:496} INFO - Filling up the DagBag from /home/airflow/.local/lib/python3.6/site-packages/airflow/example_dags/tutorial_taskflow_api_etl.py
[2023-11-10 14:24:03,033] {processor.py:623} INFO - DAG(s) dict_keys(['tutorial_taskflow_api_etl']) retrieved from /home/airflow/.local/lib/python3.6/site-packages/airflow/example_dags/tutorial_taskflow_api_etl.py
[2023-11-10 14:24:03,195] {logging_mixin.py:109} INFO - [2023-11-10 14:24:03,195] {dag.py:1833} INFO - Sync 1 DAGs
[2023-11-10 14:24:03,208] {logging_mixin.py:109} INFO - [2023-11-10 14:24:03,208] {dag.py:2306} INFO - Setting next_dagrun for tutorial_taskflow_api_etl to None
[2023-11-10 14:24:03,218] {processor.py:170} INFO - Processing /home/airflow/.local/lib/python3.6/site-packages/airflow/example_dags/tutorial_taskflow_api_etl.py took 0.210 seconds
[2023-11-10 14:24:33,308] {processor.py:162} INFO - Started process (PID=602) to work on /home/airflow/.local/lib/python3.6/site-packages/airflow/example_dags/tutorial_taskflow_api_etl.py
[2023-11-10 14:24:33,310] {processor.py:613} INFO - Processing file /home/airflow/.local/lib/python3.6/site-packages/airflow/example_dags/tutorial_taskflow_api_etl.py for tasks to queue
[2023-11-10 14:24:33,311] {logging_mixin.py:109} INFO - [2023-11-10 14:24:33,310] {dagbag.py:496} INFO - Filling up the DagBag from /home/airflow/.local/lib/python3.6/site-packages/airflow/example_dags/tutorial_taskflow_api_etl.py
[2023-11-10 14:24:33,325] {processor.py:623} INFO - DAG(s) dict_keys(['tutorial_taskflow_api_etl']) retrieved from /home/airflow/.local/lib/python3.6/site-packages/airflow/example_dags/tutorial_taskflow_api_etl.py
[2023-11-10 14:24:33,481] {logging_mixin.py:109} INFO - [2023-11-10 14:24:33,481] {dag.py:1833} INFO - Sync 1 DAGs
[2023-11-10 14:24:33,497] {logging_mixin.py:109} INFO - [2023-11-10 14:24:33,496] {dag.py:2306} INFO - Setting next_dagrun for tutorial_taskflow_api_etl to None
[2023-11-10 14:24:33,510] {processor.py:170} INFO - Processing /home/airflow/.local/lib/python3.6/site-packages/airflow/example_dags/tutorial_taskflow_api_etl.py took 0.205 seconds
[2023-11-10 14:25:03,633] {processor.py:162} INFO - Started process (PID=663) to work on /home/airflow/.local/lib/python3.6/site-packages/airflow/example_dags/tutorial_taskflow_api_etl.py
[2023-11-10 14:25:03,635] {processor.py:613} INFO - Processing file /home/airflow/.local/lib/python3.6/site-packages/airflow/example_dags/tutorial_taskflow_api_etl.py for tasks to queue
[2023-11-10 14:25:03,636] {logging_mixin.py:109} INFO - [2023-11-10 14:25:03,636] {dagbag.py:496} INFO - Filling up the DagBag from /home/airflow/.local/lib/python3.6/site-packages/airflow/example_dags/tutorial_taskflow_api_etl.py
[2023-11-10 14:25:03,651] {processor.py:623} INFO - DAG(s) dict_keys(['tutorial_taskflow_api_etl']) retrieved from /home/airflow/.local/lib/python3.6/site-packages/airflow/example_dags/tutorial_taskflow_api_etl.py
[2023-11-10 14:25:03,796] {logging_mixin.py:109} INFO - [2023-11-10 14:25:03,796] {dag.py:1833} INFO - Sync 1 DAGs
[2023-11-10 14:25:03,808] {logging_mixin.py:109} INFO - [2023-11-10 14:25:03,807] {dag.py:2306} INFO - Setting next_dagrun for tutorial_taskflow_api_etl to None
[2023-11-10 14:25:03,818] {processor.py:170} INFO - Processing /home/airflow/.local/lib/python3.6/site-packages/airflow/example_dags/tutorial_taskflow_api_etl.py took 0.188 seconds
[2023-11-10 14:25:33,974] {processor.py:162} INFO - Started process (PID=714) to work on /home/airflow/.local/lib/python3.6/site-packages/airflow/example_dags/tutorial_taskflow_api_etl.py
[2023-11-10 14:25:33,975] {processor.py:613} INFO - Processing file /home/airflow/.local/lib/python3.6/site-packages/airflow/example_dags/tutorial_taskflow_api_etl.py for tasks to queue
[2023-11-10 14:25:33,976] {logging_mixin.py:109} INFO - [2023-11-10 14:25:33,976] {dagbag.py:496} INFO - Filling up the DagBag from /home/airflow/.local/lib/python3.6/site-packages/airflow/example_dags/tutorial_taskflow_api_etl.py
[2023-11-10 14:25:33,990] {processor.py:623} INFO - DAG(s) dict_keys(['tutorial_taskflow_api_etl']) retrieved from /home/airflow/.local/lib/python3.6/site-packages/airflow/example_dags/tutorial_taskflow_api_etl.py
[2023-11-10 14:25:34,154] {logging_mixin.py:109} INFO - [2023-11-10 14:25:34,154] {dag.py:1833} INFO - Sync 1 DAGs
[2023-11-10 14:25:34,166] {logging_mixin.py:109} INFO - [2023-11-10 14:25:34,166] {dag.py:2306} INFO - Setting next_dagrun for tutorial_taskflow_api_etl to None
[2023-11-10 14:25:34,176] {processor.py:170} INFO - Processing /home/airflow/.local/lib/python3.6/site-packages/airflow/example_dags/tutorial_taskflow_api_etl.py took 0.204 seconds
[2023-11-10 14:26:04,601] {processor.py:162} INFO - Started process (PID=775) to work on /home/airflow/.local/lib/python3.6/site-packages/airflow/example_dags/tutorial_taskflow_api_etl.py
[2023-11-10 14:26:04,605] {processor.py:613} INFO - Processing file /home/airflow/.local/lib/python3.6/site-packages/airflow/example_dags/tutorial_taskflow_api_etl.py for tasks to queue
[2023-11-10 14:26:04,608] {logging_mixin.py:109} INFO - [2023-11-10 14:26:04,608] {dagbag.py:496} INFO - Filling up the DagBag from /home/airflow/.local/lib/python3.6/site-packages/airflow/example_dags/tutorial_taskflow_api_etl.py
[2023-11-10 14:26:04,639] {processor.py:623} INFO - DAG(s) dict_keys(['tutorial_taskflow_api_etl']) retrieved from /home/airflow/.local/lib/python3.6/site-packages/airflow/example_dags/tutorial_taskflow_api_etl.py
[2023-11-10 14:26:04,659] {logging_mixin.py:109} INFO - [2023-11-10 14:26:04,659] {dag.py:1833} INFO - Sync 1 DAGs
[2023-11-10 14:26:04,673] {logging_mixin.py:109} INFO - [2023-11-10 14:26:04,673] {dag.py:2306} INFO - Setting next_dagrun for tutorial_taskflow_api_etl to None
[2023-11-10 14:26:04,685] {processor.py:170} INFO - Processing /home/airflow/.local/lib/python3.6/site-packages/airflow/example_dags/tutorial_taskflow_api_etl.py took 0.095 seconds
[2023-11-10 14:26:34,779] {processor.py:162} INFO - Started process (PID=825) to work on /home/airflow/.local/lib/python3.6/site-packages/airflow/example_dags/tutorial_taskflow_api_etl.py
[2023-11-10 14:26:34,780] {processor.py:613} INFO - Processing file /home/airflow/.local/lib/python3.6/site-packages/airflow/example_dags/tutorial_taskflow_api_etl.py for tasks to queue
[2023-11-10 14:26:34,781] {logging_mixin.py:109} INFO - [2023-11-10 14:26:34,780] {dagbag.py:496} INFO - Filling up the DagBag from /home/airflow/.local/lib/python3.6/site-packages/airflow/example_dags/tutorial_taskflow_api_etl.py
[2023-11-10 14:26:34,798] {processor.py:623} INFO - DAG(s) dict_keys(['tutorial_taskflow_api_etl']) retrieved from /home/airflow/.local/lib/python3.6/site-packages/airflow/example_dags/tutorial_taskflow_api_etl.py
[2023-11-10 14:26:34,947] {logging_mixin.py:109} INFO - [2023-11-10 14:26:34,946] {dag.py:1833} INFO - Sync 1 DAGs
[2023-11-10 14:26:34,958] {logging_mixin.py:109} INFO - [2023-11-10 14:26:34,958] {dag.py:2306} INFO - Setting next_dagrun for tutorial_taskflow_api_etl to None
[2023-11-10 14:26:34,968] {processor.py:170} INFO - Processing /home/airflow/.local/lib/python3.6/site-packages/airflow/example_dags/tutorial_taskflow_api_etl.py took 0.192 seconds
[2023-11-10 14:27:05,362] {processor.py:162} INFO - Started process (PID=886) to work on /home/airflow/.local/lib/python3.6/site-packages/airflow/example_dags/tutorial_taskflow_api_etl.py
[2023-11-10 14:27:05,367] {processor.py:613} INFO - Processing file /home/airflow/.local/lib/python3.6/site-packages/airflow/example_dags/tutorial_taskflow_api_etl.py for tasks to queue
[2023-11-10 14:27:05,370] {logging_mixin.py:109} INFO - [2023-11-10 14:27:05,369] {dagbag.py:496} INFO - Filling up the DagBag from /home/airflow/.local/lib/python3.6/site-packages/airflow/example_dags/tutorial_taskflow_api_etl.py
[2023-11-10 14:27:05,392] {processor.py:623} INFO - DAG(s) dict_keys(['tutorial_taskflow_api_etl']) retrieved from /home/airflow/.local/lib/python3.6/site-packages/airflow/example_dags/tutorial_taskflow_api_etl.py
[2023-11-10 14:27:05,544] {logging_mixin.py:109} INFO - [2023-11-10 14:27:05,544] {dag.py:1833} INFO - Sync 1 DAGs
[2023-11-10 14:27:05,557] {logging_mixin.py:109} INFO - [2023-11-10 14:27:05,556] {dag.py:2306} INFO - Setting next_dagrun for tutorial_taskflow_api_etl to None
[2023-11-10 14:27:05,568] {processor.py:170} INFO - Processing /home/airflow/.local/lib/python3.6/site-packages/airflow/example_dags/tutorial_taskflow_api_etl.py took 0.217 seconds
