[2023-11-10 14:22:45,596] {processor.py:162} INFO - Started process (PID=70) to work on /home/airflow/.local/lib/python3.6/site-packages/airflow/example_dags/tutorial_etl_dag.py
[2023-11-10 14:22:45,598] {processor.py:613} INFO - Processing file /home/airflow/.local/lib/python3.6/site-packages/airflow/example_dags/tutorial_etl_dag.py for tasks to queue
[2023-11-10 14:22:45,599] {logging_mixin.py:109} INFO - [2023-11-10 14:22:45,599] {dagbag.py:496} INFO - Filling up the DagBag from /home/airflow/.local/lib/python3.6/site-packages/airflow/example_dags/tutorial_etl_dag.py
[2023-11-10 14:22:45,626] {processor.py:623} INFO - DAG(s) dict_keys(['tutorial_etl_dag']) retrieved from /home/airflow/.local/lib/python3.6/site-packages/airflow/example_dags/tutorial_etl_dag.py
[2023-11-10 14:22:48,327] {logging_mixin.py:109} INFO - [2023-11-10 14:22:48,325] {dag.py:1833} INFO - Sync 1 DAGs
[2023-11-10 14:22:48,342] {logging_mixin.py:109} INFO - [2023-11-10 14:22:48,341] {dag.py:1852} INFO - Creating ORM DAG for tutorial_etl_dag
[2023-11-10 14:22:48,350] {logging_mixin.py:109} INFO - [2023-11-10 14:22:48,350] {dag.py:2306} INFO - Setting next_dagrun for tutorial_etl_dag to None
[2023-11-10 14:22:48,372] {processor.py:170} INFO - Processing /home/airflow/.local/lib/python3.6/site-packages/airflow/example_dags/tutorial_etl_dag.py took 2.780 seconds
[2023-11-10 14:23:18,778] {processor.py:162} INFO - Started process (PID=467) to work on /home/airflow/.local/lib/python3.6/site-packages/airflow/example_dags/tutorial_etl_dag.py
[2023-11-10 14:23:18,780] {processor.py:613} INFO - Processing file /home/airflow/.local/lib/python3.6/site-packages/airflow/example_dags/tutorial_etl_dag.py for tasks to queue
[2023-11-10 14:23:18,781] {logging_mixin.py:109} INFO - [2023-11-10 14:23:18,781] {dagbag.py:496} INFO - Filling up the DagBag from /home/airflow/.local/lib/python3.6/site-packages/airflow/example_dags/tutorial_etl_dag.py
[2023-11-10 14:23:18,795] {processor.py:623} INFO - DAG(s) dict_keys(['tutorial_etl_dag']) retrieved from /home/airflow/.local/lib/python3.6/site-packages/airflow/example_dags/tutorial_etl_dag.py
[2023-11-10 14:23:18,814] {logging_mixin.py:109} INFO - [2023-11-10 14:23:18,813] {dag.py:1833} INFO - Sync 1 DAGs
[2023-11-10 14:23:18,828] {logging_mixin.py:109} INFO - [2023-11-10 14:23:18,828] {dag.py:2306} INFO - Setting next_dagrun for tutorial_etl_dag to None
[2023-11-10 14:23:18,838] {processor.py:170} INFO - Processing /home/airflow/.local/lib/python3.6/site-packages/airflow/example_dags/tutorial_etl_dag.py took 0.063 seconds
[2023-11-10 14:23:49,549] {processor.py:162} INFO - Started process (PID=518) to work on /home/airflow/.local/lib/python3.6/site-packages/airflow/example_dags/tutorial_etl_dag.py
[2023-11-10 14:23:49,552] {processor.py:613} INFO - Processing file /home/airflow/.local/lib/python3.6/site-packages/airflow/example_dags/tutorial_etl_dag.py for tasks to queue
[2023-11-10 14:23:49,554] {logging_mixin.py:109} INFO - [2023-11-10 14:23:49,554] {dagbag.py:496} INFO - Filling up the DagBag from /home/airflow/.local/lib/python3.6/site-packages/airflow/example_dags/tutorial_etl_dag.py
[2023-11-10 14:23:49,584] {processor.py:623} INFO - DAG(s) dict_keys(['tutorial_etl_dag']) retrieved from /home/airflow/.local/lib/python3.6/site-packages/airflow/example_dags/tutorial_etl_dag.py
[2023-11-10 14:23:49,612] {logging_mixin.py:109} INFO - [2023-11-10 14:23:49,612] {dag.py:1833} INFO - Sync 1 DAGs
[2023-11-10 14:23:49,626] {logging_mixin.py:109} INFO - [2023-11-10 14:23:49,626] {dag.py:2306} INFO - Setting next_dagrun for tutorial_etl_dag to None
[2023-11-10 14:23:49,635] {processor.py:170} INFO - Processing /home/airflow/.local/lib/python3.6/site-packages/airflow/example_dags/tutorial_etl_dag.py took 0.097 seconds
[2023-11-10 14:24:19,733] {processor.py:162} INFO - Started process (PID=579) to work on /home/airflow/.local/lib/python3.6/site-packages/airflow/example_dags/tutorial_etl_dag.py
[2023-11-10 14:24:19,738] {processor.py:613} INFO - Processing file /home/airflow/.local/lib/python3.6/site-packages/airflow/example_dags/tutorial_etl_dag.py for tasks to queue
[2023-11-10 14:24:19,742] {logging_mixin.py:109} INFO - [2023-11-10 14:24:19,741] {dagbag.py:496} INFO - Filling up the DagBag from /home/airflow/.local/lib/python3.6/site-packages/airflow/example_dags/tutorial_etl_dag.py
[2023-11-10 14:24:19,762] {processor.py:623} INFO - DAG(s) dict_keys(['tutorial_etl_dag']) retrieved from /home/airflow/.local/lib/python3.6/site-packages/airflow/example_dags/tutorial_etl_dag.py
[2023-11-10 14:24:19,782] {logging_mixin.py:109} INFO - [2023-11-10 14:24:19,782] {dag.py:1833} INFO - Sync 1 DAGs
[2023-11-10 14:24:19,797] {logging_mixin.py:109} INFO - [2023-11-10 14:24:19,797] {dag.py:2306} INFO - Setting next_dagrun for tutorial_etl_dag to None
[2023-11-10 14:24:19,808] {processor.py:170} INFO - Processing /home/airflow/.local/lib/python3.6/site-packages/airflow/example_dags/tutorial_etl_dag.py took 0.086 seconds
[2023-11-10 14:24:50,121] {processor.py:162} INFO - Started process (PID=630) to work on /home/airflow/.local/lib/python3.6/site-packages/airflow/example_dags/tutorial_etl_dag.py
[2023-11-10 14:24:50,122] {processor.py:613} INFO - Processing file /home/airflow/.local/lib/python3.6/site-packages/airflow/example_dags/tutorial_etl_dag.py for tasks to queue
[2023-11-10 14:24:50,124] {logging_mixin.py:109} INFO - [2023-11-10 14:24:50,123] {dagbag.py:496} INFO - Filling up the DagBag from /home/airflow/.local/lib/python3.6/site-packages/airflow/example_dags/tutorial_etl_dag.py
[2023-11-10 14:24:50,138] {processor.py:623} INFO - DAG(s) dict_keys(['tutorial_etl_dag']) retrieved from /home/airflow/.local/lib/python3.6/site-packages/airflow/example_dags/tutorial_etl_dag.py
[2023-11-10 14:24:50,156] {logging_mixin.py:109} INFO - [2023-11-10 14:24:50,156] {dag.py:1833} INFO - Sync 1 DAGs
[2023-11-10 14:24:50,169] {logging_mixin.py:109} INFO - [2023-11-10 14:24:50,169] {dag.py:2306} INFO - Setting next_dagrun for tutorial_etl_dag to None
[2023-11-10 14:24:50,177] {processor.py:170} INFO - Processing /home/airflow/.local/lib/python3.6/site-packages/airflow/example_dags/tutorial_etl_dag.py took 0.059 seconds
[2023-11-10 14:25:20,434] {processor.py:162} INFO - Started process (PID=691) to work on /home/airflow/.local/lib/python3.6/site-packages/airflow/example_dags/tutorial_etl_dag.py
[2023-11-10 14:25:20,435] {processor.py:613} INFO - Processing file /home/airflow/.local/lib/python3.6/site-packages/airflow/example_dags/tutorial_etl_dag.py for tasks to queue
[2023-11-10 14:25:20,436] {logging_mixin.py:109} INFO - [2023-11-10 14:25:20,436] {dagbag.py:496} INFO - Filling up the DagBag from /home/airflow/.local/lib/python3.6/site-packages/airflow/example_dags/tutorial_etl_dag.py
[2023-11-10 14:25:20,446] {processor.py:623} INFO - DAG(s) dict_keys(['tutorial_etl_dag']) retrieved from /home/airflow/.local/lib/python3.6/site-packages/airflow/example_dags/tutorial_etl_dag.py
[2023-11-10 14:25:20,463] {logging_mixin.py:109} INFO - [2023-11-10 14:25:20,463] {dag.py:1833} INFO - Sync 1 DAGs
[2023-11-10 14:25:20,475] {logging_mixin.py:109} INFO - [2023-11-10 14:25:20,475] {dag.py:2306} INFO - Setting next_dagrun for tutorial_etl_dag to None
[2023-11-10 14:25:20,486] {processor.py:170} INFO - Processing /home/airflow/.local/lib/python3.6/site-packages/airflow/example_dags/tutorial_etl_dag.py took 0.055 seconds
[2023-11-10 14:25:51,013] {processor.py:162} INFO - Started process (PID=752) to work on /home/airflow/.local/lib/python3.6/site-packages/airflow/example_dags/tutorial_etl_dag.py
[2023-11-10 14:25:51,017] {processor.py:613} INFO - Processing file /home/airflow/.local/lib/python3.6/site-packages/airflow/example_dags/tutorial_etl_dag.py for tasks to queue
[2023-11-10 14:25:51,020] {logging_mixin.py:109} INFO - [2023-11-10 14:25:51,019] {dagbag.py:496} INFO - Filling up the DagBag from /home/airflow/.local/lib/python3.6/site-packages/airflow/example_dags/tutorial_etl_dag.py
[2023-11-10 14:25:51,046] {processor.py:623} INFO - DAG(s) dict_keys(['tutorial_etl_dag']) retrieved from /home/airflow/.local/lib/python3.6/site-packages/airflow/example_dags/tutorial_etl_dag.py
[2023-11-10 14:25:51,066] {logging_mixin.py:109} INFO - [2023-11-10 14:25:51,066] {dag.py:1833} INFO - Sync 1 DAGs
[2023-11-10 14:25:51,079] {logging_mixin.py:109} INFO - [2023-11-10 14:25:51,079] {dag.py:2306} INFO - Setting next_dagrun for tutorial_etl_dag to None
[2023-11-10 14:25:51,088] {processor.py:170} INFO - Processing /home/airflow/.local/lib/python3.6/site-packages/airflow/example_dags/tutorial_etl_dag.py took 0.084 seconds
[2023-11-10 14:26:21,324] {processor.py:162} INFO - Started process (PID=803) to work on /home/airflow/.local/lib/python3.6/site-packages/airflow/example_dags/tutorial_etl_dag.py
[2023-11-10 14:26:21,325] {processor.py:613} INFO - Processing file /home/airflow/.local/lib/python3.6/site-packages/airflow/example_dags/tutorial_etl_dag.py for tasks to queue
[2023-11-10 14:26:21,326] {logging_mixin.py:109} INFO - [2023-11-10 14:26:21,325] {dagbag.py:496} INFO - Filling up the DagBag from /home/airflow/.local/lib/python3.6/site-packages/airflow/example_dags/tutorial_etl_dag.py
[2023-11-10 14:26:21,339] {processor.py:623} INFO - DAG(s) dict_keys(['tutorial_etl_dag']) retrieved from /home/airflow/.local/lib/python3.6/site-packages/airflow/example_dags/tutorial_etl_dag.py
[2023-11-10 14:26:21,359] {logging_mixin.py:109} INFO - [2023-11-10 14:26:21,359] {dag.py:1833} INFO - Sync 1 DAGs
[2023-11-10 14:26:21,376] {logging_mixin.py:109} INFO - [2023-11-10 14:26:21,376] {dag.py:2306} INFO - Setting next_dagrun for tutorial_etl_dag to None
[2023-11-10 14:26:21,388] {processor.py:170} INFO - Processing /home/airflow/.local/lib/python3.6/site-packages/airflow/example_dags/tutorial_etl_dag.py took 0.067 seconds
[2023-11-10 14:26:51,788] {processor.py:162} INFO - Started process (PID=863) to work on /home/airflow/.local/lib/python3.6/site-packages/airflow/example_dags/tutorial_etl_dag.py
[2023-11-10 14:26:51,792] {processor.py:613} INFO - Processing file /home/airflow/.local/lib/python3.6/site-packages/airflow/example_dags/tutorial_etl_dag.py for tasks to queue
[2023-11-10 14:26:51,795] {logging_mixin.py:109} INFO - [2023-11-10 14:26:51,794] {dagbag.py:496} INFO - Filling up the DagBag from /home/airflow/.local/lib/python3.6/site-packages/airflow/example_dags/tutorial_etl_dag.py
[2023-11-10 14:26:51,818] {processor.py:623} INFO - DAG(s) dict_keys(['tutorial_etl_dag']) retrieved from /home/airflow/.local/lib/python3.6/site-packages/airflow/example_dags/tutorial_etl_dag.py
[2023-11-10 14:26:51,836] {logging_mixin.py:109} INFO - [2023-11-10 14:26:51,836] {dag.py:1833} INFO - Sync 1 DAGs
[2023-11-10 14:26:51,849] {logging_mixin.py:109} INFO - [2023-11-10 14:26:51,849] {dag.py:2306} INFO - Setting next_dagrun for tutorial_etl_dag to None
[2023-11-10 14:26:51,858] {processor.py:170} INFO - Processing /home/airflow/.local/lib/python3.6/site-packages/airflow/example_dags/tutorial_etl_dag.py took 0.080 seconds
