[2023-11-10 14:22:39,955] {manager.py:604} INFO - Processing files using up to 2 processes at a time 
[2023-11-10 14:22:39,957] {manager.py:605} INFO - Process each file at most once every 30 seconds
[2023-11-10 14:22:39,957] {manager.py:607} INFO - Checking for new files in /opt/airflow/dags every 300 seconds
[2023-11-10 14:22:39,958] {manager.py:754} INFO - Searching for files in /opt/airflow/dags
[2023-11-10 14:22:39,968] {manager.py:757} INFO - There are 31 files in /opt/airflow/dags
[2023-11-10 14:22:40,018] {manager.py:1128} INFO - Finding 'running' jobs without a recent heartbeat
[2023-11-10 14:22:40,019] {manager.py:1132} INFO - Failing jobs without heartbeat after 2023-11-10 14:17:40.019573+00:00
[2023-11-10 14:22:40,055] {manager.py:861} INFO - 
================================================================================
DAG File Processing Stats

File Path                                                                                                           PID  Runtime      # DAGs    # Errors  Last Runtime    Last Run
----------------------------------------------------------------------------------------------------------------  -----  ---------  --------  ----------  --------------  ----------
/home/airflow/.local/lib/python3.6/site-packages/airflow/example_dags/example_branch_python_dop_operator_3.py        34  0.03s             0           0
/home/airflow/.local/lib/python3.6/site-packages/airflow/example_dags/example_passing_params_via_test_command.py     35  0.03s             0           0
/home/airflow/.local/lib/python3.6/site-packages/airflow/example_dags/tutorial_etl_dag.py                                                  0           0
/home/airflow/.local/lib/python3.6/site-packages/airflow/example_dags/example_branch_day_of_week_operator.py                               0           0
/home/airflow/.local/lib/python3.6/site-packages/airflow/example_dags/example_short_circuit_operator.py                                    0           0
/home/airflow/.local/lib/python3.6/site-packages/airflow/example_dags/tutorial_taskflow_api_etl_virtualenv.py                              0           0
/home/airflow/.local/lib/python3.6/site-packages/airflow/example_dags/example_skip_dag.py                                                  0           0
/home/airflow/.local/lib/python3.6/site-packages/airflow/example_dags/test_utils.py                                                        0           0
/home/airflow/.local/lib/python3.6/site-packages/airflow/example_dags/example_kubernetes_executor_config.py                                0           0
/home/airflow/.local/lib/python3.6/site-packages/airflow/example_dags/example_subdag_operator.py                                           0           0
/home/airflow/.local/lib/python3.6/site-packages/airflow/example_dags/example_external_task_marker_dag.py                                  0           0
/home/airflow/.local/lib/python3.6/site-packages/airflow/example_dags/example_branch_labels.py                                             0           0
/home/airflow/.local/lib/python3.6/site-packages/airflow/example_dags/example_complex.py                                                   0           0
/home/airflow/.local/lib/python3.6/site-packages/airflow/example_dags/example_nested_branch_dag.py                                         0           0
/home/airflow/.local/lib/python3.6/site-packages/airflow/example_dags/example_dag_decorator.py                                             0           0
/home/airflow/.local/lib/python3.6/site-packages/airflow/example_dags/tutorial_taskflow_api_etl.py                                         0           0
/home/airflow/.local/lib/python3.6/site-packages/airflow/example_dags/example_trigger_target_dag.py                                        0           0
/home/airflow/.local/lib/python3.6/site-packages/airflow/example_dags/example_trigger_controller_dag.py                                    0           0
/home/airflow/.local/lib/python3.6/site-packages/airflow/example_dags/example_python_operator.py                                           0           0
/home/airflow/.local/lib/python3.6/site-packages/airflow/example_dags/example_branch_datetime_operator.py                                  0           0
/home/airflow/.local/lib/python3.6/site-packages/airflow/example_dags/tutorial.py                                                          0           0
/home/airflow/.local/lib/python3.6/site-packages/airflow/example_dags/example_kubernetes_executor.py                                       0           0
/home/airflow/.local/lib/python3.6/site-packages/airflow/example_dags/example_task_group_decorator.py                                      0           0
/home/airflow/.local/lib/python3.6/site-packages/airflow/example_dags/example_xcomargs.py                                                  0           0
/home/airflow/.local/lib/python3.6/site-packages/airflow/example_dags/example_bash_operator.py                                             0           0
/home/airflow/.local/lib/python3.6/site-packages/airflow/example_dags/example_branch_operator.py                                           0           0
/home/airflow/.local/lib/python3.6/site-packages/airflow/example_dags/example_xcom.py                                                      0           0
/home/airflow/.local/lib/python3.6/site-packages/airflow/example_dags/example_latest_only.py                                               0           0
/home/airflow/.local/lib/python3.6/site-packages/airflow/example_dags/example_task_group.py                                                0           0
/home/airflow/.local/lib/python3.6/site-packages/airflow/example_dags/example_latest_only_with_trigger.py                                  0           0
/home/airflow/.local/lib/python3.6/site-packages/airflow/example_dags/subdags/subdag.py                                                    0           0
================================================================================
[2023-11-10 14:22:50,398] {manager.py:1128} INFO - Finding 'running' jobs without a recent heartbeat
[2023-11-10 14:22:50,399] {manager.py:1132} INFO - Failing jobs without heartbeat after 2023-11-10 14:17:50.399267+00:00
[2023-11-10 14:23:00,893] {manager.py:1128} INFO - Finding 'running' jobs without a recent heartbeat
[2023-11-10 14:23:00,894] {manager.py:1132} INFO - Failing jobs without heartbeat after 2023-11-10 14:18:00.894032+00:00
[2023-11-10 14:23:10,516] {manager.py:861} INFO - 
================================================================================
DAG File Processing Stats

File Path                                                                                                           PID  Runtime      # DAGs    # Errors  Last Runtime    Last Run
----------------------------------------------------------------------------------------------------------------  -----  ---------  --------  ----------  --------------  -------------------
/home/airflow/.local/lib/python3.6/site-packages/airflow/example_dags/example_bash_operator.py                      375  1.76s             0           0
/home/airflow/.local/lib/python3.6/site-packages/airflow/example_dags/example_branch_operator.py                    388  1.00s             0           0
/home/airflow/.local/lib/python3.6/site-packages/airflow/example_dags/example_xcom.py                                                      0           0
/home/airflow/.local/lib/python3.6/site-packages/airflow/example_dags/example_latest_only.py                                               0           0
/home/airflow/.local/lib/python3.6/site-packages/airflow/example_dags/example_task_group.py                                                0           0
/home/airflow/.local/lib/python3.6/site-packages/airflow/example_dags/example_latest_only_with_trigger.py                                  0           0
/home/airflow/.local/lib/python3.6/site-packages/airflow/example_dags/subdags/subdag.py                                                    0           0
/home/airflow/.local/lib/python3.6/site-packages/airflow/example_dags/example_branch_python_dop_operator_3.py                              1           0  5.58s           2023-11-10T14:22:45
/home/airflow/.local/lib/python3.6/site-packages/airflow/example_dags/example_passing_params_via_test_command.py                           1           0  5.57s           2023-11-10T14:22:45
/home/airflow/.local/lib/python3.6/site-packages/airflow/example_dags/tutorial_etl_dag.py                                                  1           0  2.81s           2023-11-10T14:22:48
/home/airflow/.local/lib/python3.6/site-packages/airflow/example_dags/example_branch_day_of_week_operator.py                               1           0  2.94s           2023-11-10T14:22:49
/home/airflow/.local/lib/python3.6/site-packages/airflow/example_dags/example_short_circuit_operator.py                                    1           0  2.86s           2023-11-10T14:22:51
/home/airflow/.local/lib/python3.6/site-packages/airflow/example_dags/tutorial_taskflow_api_etl_virtualenv.py                              1           0  3.01s           2023-11-10T14:22:52
/home/airflow/.local/lib/python3.6/site-packages/airflow/example_dags/example_skip_dag.py                                                  1           0  2.38s           2023-11-10T14:22:53
/home/airflow/.local/lib/python3.6/site-packages/airflow/example_dags/test_utils.py                                                        1           0  2.32s           2023-11-10T14:22:54
/home/airflow/.local/lib/python3.6/site-packages/airflow/example_dags/example_kubernetes_executor_config.py                                1           0  2.01s           2023-11-10T14:22:55
/home/airflow/.local/lib/python3.6/site-packages/airflow/example_dags/example_branch_labels.py                                             1           0  1.82s           2023-11-10T14:22:58
/home/airflow/.local/lib/python3.6/site-packages/airflow/example_dags/example_complex.py                                                   1           0  1.70s           2023-11-10T14:22:59
/home/airflow/.local/lib/python3.6/site-packages/airflow/example_dags/example_nested_branch_dag.py                                         1           0  1.71s           2023-11-10T14:22:59
/home/airflow/.local/lib/python3.6/site-packages/airflow/example_dags/example_dag_decorator.py                                             1           0  1.90s           2023-11-10T14:23:01
/home/airflow/.local/lib/python3.6/site-packages/airflow/example_dags/tutorial_taskflow_api_etl.py                                         1           0  1.96s           2023-11-10T14:23:01
/home/airflow/.local/lib/python3.6/site-packages/airflow/example_dags/example_trigger_target_dag.py                                        1           0  1.81s           2023-11-10T14:23:02
/home/airflow/.local/lib/python3.6/site-packages/airflow/example_dags/example_trigger_controller_dag.py                                    1           0  1.84s           2023-11-10T14:23:03
/home/airflow/.local/lib/python3.6/site-packages/airflow/example_dags/example_python_operator.py                                           1           0  2.02s           2023-11-10T14:23:04
/home/airflow/.local/lib/python3.6/site-packages/airflow/example_dags/example_branch_datetime_operator.py                                  1           0  2.08s           2023-11-10T14:23:05
/home/airflow/.local/lib/python3.6/site-packages/airflow/example_dags/tutorial.py                                                          1           0  1.80s           2023-11-10T14:23:06
/home/airflow/.local/lib/python3.6/site-packages/airflow/example_dags/example_kubernetes_executor.py                                       1           0  1.79s           2023-11-10T14:23:07
/home/airflow/.local/lib/python3.6/site-packages/airflow/example_dags/example_task_group_decorator.py                                      1           0  2.02s           2023-11-10T14:23:08
/home/airflow/.local/lib/python3.6/site-packages/airflow/example_dags/example_external_task_marker_dag.py                                  2           0  1.84s           2023-11-10T14:22:57
/home/airflow/.local/lib/python3.6/site-packages/airflow/example_dags/example_xcomargs.py                                                  2           0  1.94s           2023-11-10T14:23:09
/home/airflow/.local/lib/python3.6/site-packages/airflow/example_dags/example_subdag_operator.py                                           3           0  2.01s           2023-11-10T14:22:56
================================================================================
[2023-11-10 14:23:10,925] {manager.py:1128} INFO - Finding 'running' jobs without a recent heartbeat
[2023-11-10 14:23:10,925] {manager.py:1132} INFO - Failing jobs without heartbeat after 2023-11-10 14:18:10.925656+00:00
[2023-11-10 14:23:21,851] {manager.py:1128} INFO - Finding 'running' jobs without a recent heartbeat
[2023-11-10 14:23:21,852] {manager.py:1132} INFO - Failing jobs without heartbeat after 2023-11-10 14:18:21.852444+00:00
[2023-11-10 14:23:32,340] {manager.py:1128} INFO - Finding 'running' jobs without a recent heartbeat
[2023-11-10 14:23:32,341] {manager.py:1132} INFO - Failing jobs without heartbeat after 2023-11-10 14:18:32.341047+00:00
[2023-11-10 14:23:41,116] {manager.py:861} INFO - 
================================================================================
DAG File Processing Stats

File Path                                                                                                           PID  Runtime      # DAGs    # Errors  Last Runtime    Last Run
----------------------------------------------------------------------------------------------------------------  -----  ---------  --------  ----------  --------------  -------------------
/home/airflow/.local/lib/python3.6/site-packages/airflow/example_dags/subdags/subdag.py                                                    0           0  0.03s           2023-11-10T14:23:14
/home/airflow/.local/lib/python3.6/site-packages/airflow/example_dags/example_branch_python_dop_operator_3.py                              1           0  0.10s           2023-11-10T14:23:15
/home/airflow/.local/lib/python3.6/site-packages/airflow/example_dags/example_passing_params_via_test_command.py                           1           0  0.09s           2023-11-10T14:23:15
/home/airflow/.local/lib/python3.6/site-packages/airflow/example_dags/tutorial_etl_dag.py                                                  1           0  0.07s           2023-11-10T14:23:18
/home/airflow/.local/lib/python3.6/site-packages/airflow/example_dags/example_branch_day_of_week_operator.py                               1           0  0.07s           2023-11-10T14:23:19
/home/airflow/.local/lib/python3.6/site-packages/airflow/example_dags/example_short_circuit_operator.py                                    1           0  0.07s           2023-11-10T14:23:21
/home/airflow/.local/lib/python3.6/site-packages/airflow/example_dags/tutorial_taskflow_api_etl_virtualenv.py                              1           0  0.21s           2023-11-10T14:23:23
/home/airflow/.local/lib/python3.6/site-packages/airflow/example_dags/example_skip_dag.py                                                  1           0  0.07s           2023-11-10T14:23:24
/home/airflow/.local/lib/python3.6/site-packages/airflow/example_dags/test_utils.py                                                        1           0  0.11s           2023-11-10T14:23:25
/home/airflow/.local/lib/python3.6/site-packages/airflow/example_dags/example_kubernetes_executor_config.py                                1           0  0.10s           2023-11-10T14:23:26
/home/airflow/.local/lib/python3.6/site-packages/airflow/example_dags/example_branch_labels.py                                             1           0  0.07s           2023-11-10T14:23:28
/home/airflow/.local/lib/python3.6/site-packages/airflow/example_dags/example_complex.py                                                   1           0  0.08s           2023-11-10T14:23:29
/home/airflow/.local/lib/python3.6/site-packages/airflow/example_dags/example_nested_branch_dag.py                                         1           0  0.08s           2023-11-10T14:23:30
/home/airflow/.local/lib/python3.6/site-packages/airflow/example_dags/example_dag_decorator.py                                             1           0  0.21s           2023-11-10T14:23:31
/home/airflow/.local/lib/python3.6/site-packages/airflow/example_dags/tutorial_taskflow_api_etl.py                                         1           0  0.23s           2023-11-10T14:23:32
/home/airflow/.local/lib/python3.6/site-packages/airflow/example_dags/example_trigger_target_dag.py                                        1           0  0.07s           2023-11-10T14:23:33
/home/airflow/.local/lib/python3.6/site-packages/airflow/example_dags/example_trigger_controller_dag.py                                    1           0  0.07s           2023-11-10T14:23:34
/home/airflow/.local/lib/python3.6/site-packages/airflow/example_dags/example_python_operator.py                                           1           0  0.08s           2023-11-10T14:23:35
/home/airflow/.local/lib/python3.6/site-packages/airflow/example_dags/example_branch_datetime_operator.py                                  1           0  0.11s           2023-11-10T14:23:36
/home/airflow/.local/lib/python3.6/site-packages/airflow/example_dags/tutorial.py                                                          1           0  0.07s           2023-11-10T14:23:36
/home/airflow/.local/lib/python3.6/site-packages/airflow/example_dags/example_kubernetes_executor.py                                       1           0  0.07s           2023-11-10T14:23:37
/home/airflow/.local/lib/python3.6/site-packages/airflow/example_dags/example_task_group_decorator.py                                      1           0  0.25s           2023-11-10T14:23:39
/home/airflow/.local/lib/python3.6/site-packages/airflow/example_dags/example_bash_operator.py                      505  0.00s             1           0  2.17s           2023-11-10T14:23:10
/home/airflow/.local/lib/python3.6/site-packages/airflow/example_dags/example_branch_operator.py                                           1           0  1.88s           2023-11-10T14:23:11
/home/airflow/.local/lib/python3.6/site-packages/airflow/example_dags/example_xcom.py                                                      1           0  1.94s           2023-11-10T14:23:12
/home/airflow/.local/lib/python3.6/site-packages/airflow/example_dags/example_latest_only.py                                               1           0  1.89s           2023-11-10T14:23:13
/home/airflow/.local/lib/python3.6/site-packages/airflow/example_dags/example_task_group.py                                                1           0  1.76s           2023-11-10T14:23:14
/home/airflow/.local/lib/python3.6/site-packages/airflow/example_dags/example_latest_only_with_trigger.py                                  1           0  2.01s           2023-11-10T14:23:15
/home/airflow/.local/lib/python3.6/site-packages/airflow/example_dags/example_external_task_marker_dag.py                                  2           0  0.09s           2023-11-10T14:23:28
/home/airflow/.local/lib/python3.6/site-packages/airflow/example_dags/example_xcomargs.py                                                  2           0  0.25s           2023-11-10T14:23:40
/home/airflow/.local/lib/python3.6/site-packages/airflow/example_dags/example_subdag_operator.py                                           3           0  0.11s           2023-11-10T14:23:27
================================================================================
[2023-11-10 14:23:43,210] {manager.py:1128} INFO - Finding 'running' jobs without a recent heartbeat
[2023-11-10 14:23:43,211] {manager.py:1132} INFO - Failing jobs without heartbeat after 2023-11-10 14:18:43.211361+00:00
[2023-11-10 14:23:53,624] {manager.py:1128} INFO - Finding 'running' jobs without a recent heartbeat
[2023-11-10 14:23:53,625] {manager.py:1132} INFO - Failing jobs without heartbeat after 2023-11-10 14:18:53.625320+00:00
[2023-11-10 14:24:04,007] {manager.py:1128} INFO - Finding 'running' jobs without a recent heartbeat
[2023-11-10 14:24:04,008] {manager.py:1132} INFO - Failing jobs without heartbeat after 2023-11-10 14:19:04.008551+00:00
[2023-11-10 14:24:11,440] {manager.py:861} INFO - 
================================================================================
DAG File Processing Stats

File Path                                                                                                           PID  Runtime      # DAGs    # Errors  Last Runtime    Last Run
----------------------------------------------------------------------------------------------------------------  -----  ---------  --------  ----------  --------------  -------------------
/home/airflow/.local/lib/python3.6/site-packages/airflow/example_dags/subdags/subdag.py                                                    0           0  0.03s           2023-11-10T14:23:45
/home/airflow/.local/lib/python3.6/site-packages/airflow/example_dags/example_branch_python_dop_operator_3.py                              1           0  0.09s           2023-11-10T14:23:46
/home/airflow/.local/lib/python3.6/site-packages/airflow/example_dags/example_passing_params_via_test_command.py                           1           0  0.09s           2023-11-10T14:23:46
/home/airflow/.local/lib/python3.6/site-packages/airflow/example_dags/tutorial_etl_dag.py                                                  1           0  0.12s           2023-11-10T14:23:49
/home/airflow/.local/lib/python3.6/site-packages/airflow/example_dags/example_branch_day_of_week_operator.py                               1           0  0.07s           2023-11-10T14:23:50
/home/airflow/.local/lib/python3.6/site-packages/airflow/example_dags/example_short_circuit_operator.py                                    1           0  0.08s           2023-11-10T14:23:52
/home/airflow/.local/lib/python3.6/site-packages/airflow/example_dags/tutorial_taskflow_api_etl_virtualenv.py                              1           0  0.21s           2023-11-10T14:23:53
/home/airflow/.local/lib/python3.6/site-packages/airflow/example_dags/example_skip_dag.py                                                  1           0  0.08s           2023-11-10T14:23:54
/home/airflow/.local/lib/python3.6/site-packages/airflow/example_dags/test_utils.py                                                        1           0  0.09s           2023-11-10T14:23:55
/home/airflow/.local/lib/python3.6/site-packages/airflow/example_dags/example_kubernetes_executor_config.py                                1           0  0.07s           2023-11-10T14:23:56
/home/airflow/.local/lib/python3.6/site-packages/airflow/example_dags/example_branch_labels.py                                             1           0  0.08s           2023-11-10T14:23:58
/home/airflow/.local/lib/python3.6/site-packages/airflow/example_dags/example_complex.py                                                   1           0  0.09s           2023-11-10T14:23:59
/home/airflow/.local/lib/python3.6/site-packages/airflow/example_dags/example_nested_branch_dag.py                                         1           0  0.09s           2023-11-10T14:24:00
/home/airflow/.local/lib/python3.6/site-packages/airflow/example_dags/example_dag_decorator.py                                             1           0  0.32s           2023-11-10T14:24:02
/home/airflow/.local/lib/python3.6/site-packages/airflow/example_dags/tutorial_taskflow_api_etl.py                                         1           0  0.22s           2023-11-10T14:24:03
/home/airflow/.local/lib/python3.6/site-packages/airflow/example_dags/example_trigger_target_dag.py                                        1           0  0.09s           2023-11-10T14:24:04
/home/airflow/.local/lib/python3.6/site-packages/airflow/example_dags/example_trigger_controller_dag.py                                    1           0  0.07s           2023-11-10T14:24:05
/home/airflow/.local/lib/python3.6/site-packages/airflow/example_dags/example_python_operator.py                                           1           0  0.08s           2023-11-10T14:24:06
/home/airflow/.local/lib/python3.6/site-packages/airflow/example_dags/example_branch_datetime_operator.py                                  1           0  0.08s           2023-11-10T14:24:07
/home/airflow/.local/lib/python3.6/site-packages/airflow/example_dags/tutorial.py                                                          1           0  0.09s           2023-11-10T14:24:07
/home/airflow/.local/lib/python3.6/site-packages/airflow/example_dags/example_kubernetes_executor.py                                       1           0  0.09s           2023-11-10T14:24:08
/home/airflow/.local/lib/python3.6/site-packages/airflow/example_dags/example_task_group_decorator.py                                      1           0  0.21s           2023-11-10T14:24:09
/home/airflow/.local/lib/python3.6/site-packages/airflow/example_dags/example_bash_operator.py                      560  0.00s             1           0  0.10s           2023-11-10T14:23:41
/home/airflow/.local/lib/python3.6/site-packages/airflow/example_dags/example_branch_operator.py                                           1           0  0.08s           2023-11-10T14:23:42
/home/airflow/.local/lib/python3.6/site-packages/airflow/example_dags/example_xcom.py                                                      1           0  0.09s           2023-11-10T14:23:43
/home/airflow/.local/lib/python3.6/site-packages/airflow/example_dags/example_latest_only.py                                               1           0  0.06s           2023-11-10T14:23:43
/home/airflow/.local/lib/python3.6/site-packages/airflow/example_dags/example_task_group.py                                                1           0  0.07s           2023-11-10T14:23:45
/home/airflow/.local/lib/python3.6/site-packages/airflow/example_dags/example_latest_only_with_trigger.py                                  1           0  0.08s           2023-11-10T14:23:45
/home/airflow/.local/lib/python3.6/site-packages/airflow/example_dags/example_external_task_marker_dag.py                                  2           0  0.08s           2023-11-10T14:23:58
/home/airflow/.local/lib/python3.6/site-packages/airflow/example_dags/example_xcomargs.py                                                  2           0  0.28s           2023-11-10T14:24:10
/home/airflow/.local/lib/python3.6/site-packages/airflow/example_dags/example_subdag_operator.py                                           3           0  0.08s           2023-11-10T14:23:57
================================================================================
[2023-11-10 14:24:14,523] {manager.py:1128} INFO - Finding 'running' jobs without a recent heartbeat
[2023-11-10 14:24:14,524] {manager.py:1132} INFO - Failing jobs without heartbeat after 2023-11-10 14:19:14.524022+00:00
[2023-11-10 14:24:24,904] {manager.py:1128} INFO - Finding 'running' jobs without a recent heartbeat
[2023-11-10 14:24:24,904] {manager.py:1132} INFO - Failing jobs without heartbeat after 2023-11-10 14:19:24.904919+00:00
[2023-11-10 14:24:35,309] {manager.py:1128} INFO - Finding 'running' jobs without a recent heartbeat
[2023-11-10 14:24:35,310] {manager.py:1132} INFO - Failing jobs without heartbeat after 2023-11-10 14:19:35.310278+00:00
[2023-11-10 14:24:41,768] {manager.py:861} INFO - 
================================================================================
DAG File Processing Stats

File Path                                                                                                           PID  Runtime      # DAGs    # Errors  Last Runtime    Last Run
----------------------------------------------------------------------------------------------------------------  -----  ---------  --------  ----------  --------------  -------------------
/home/airflow/.local/lib/python3.6/site-packages/airflow/example_dags/subdags/subdag.py                                                    0           0  0.03s           2023-11-10T14:24:15
/home/airflow/.local/lib/python3.6/site-packages/airflow/example_dags/example_branch_python_dop_operator_3.py                              1           0  0.08s           2023-11-10T14:24:16
/home/airflow/.local/lib/python3.6/site-packages/airflow/example_dags/example_passing_params_via_test_command.py                           1           0  0.08s           2023-11-10T14:24:16
/home/airflow/.local/lib/python3.6/site-packages/airflow/example_dags/tutorial_etl_dag.py                                                  1           0  0.11s           2023-11-10T14:24:19
/home/airflow/.local/lib/python3.6/site-packages/airflow/example_dags/example_branch_day_of_week_operator.py                               1           0  0.09s           2023-11-10T14:24:20
/home/airflow/.local/lib/python3.6/site-packages/airflow/example_dags/example_short_circuit_operator.py                                    1           0  0.07s           2023-11-10T14:24:22
/home/airflow/.local/lib/python3.6/site-packages/airflow/example_dags/tutorial_taskflow_api_etl_virtualenv.py                              1           0  0.22s           2023-11-10T14:24:24
/home/airflow/.local/lib/python3.6/site-packages/airflow/example_dags/example_skip_dag.py                                                  1           0  0.08s           2023-11-10T14:24:24
/home/airflow/.local/lib/python3.6/site-packages/airflow/example_dags/test_utils.py                                                        1           0  0.11s           2023-11-10T14:24:26
/home/airflow/.local/lib/python3.6/site-packages/airflow/example_dags/example_kubernetes_executor_config.py                                1           0  0.12s           2023-11-10T14:24:27
/home/airflow/.local/lib/python3.6/site-packages/airflow/example_dags/example_branch_labels.py                                             1           0  0.08s           2023-11-10T14:24:29
/home/airflow/.local/lib/python3.6/site-packages/airflow/example_dags/example_complex.py                                                   1           0  0.10s           2023-11-10T14:24:30
/home/airflow/.local/lib/python3.6/site-packages/airflow/example_dags/example_nested_branch_dag.py                                         1           0  0.08s           2023-11-10T14:24:31
/home/airflow/.local/lib/python3.6/site-packages/airflow/example_dags/example_dag_decorator.py                                             1           0  0.23s           2023-11-10T14:24:32
/home/airflow/.local/lib/python3.6/site-packages/airflow/example_dags/tutorial_taskflow_api_etl.py                                         1           0  0.22s           2023-11-10T14:24:33
/home/airflow/.local/lib/python3.6/site-packages/airflow/example_dags/example_trigger_target_dag.py                                        1           0  0.07s           2023-11-10T14:24:34
/home/airflow/.local/lib/python3.6/site-packages/airflow/example_dags/example_trigger_controller_dag.py                                    1           0  0.07s           2023-11-10T14:24:35
/home/airflow/.local/lib/python3.6/site-packages/airflow/example_dags/example_python_operator.py                                           1           0  0.12s           2023-11-10T14:24:36
/home/airflow/.local/lib/python3.6/site-packages/airflow/example_dags/example_branch_datetime_operator.py                                  1           0  0.07s           2023-11-10T14:24:37
/home/airflow/.local/lib/python3.6/site-packages/airflow/example_dags/tutorial.py                                                          1           0  0.07s           2023-11-10T14:24:37
/home/airflow/.local/lib/python3.6/site-packages/airflow/example_dags/example_kubernetes_executor.py                                       1           0  0.07s           2023-11-10T14:24:38
/home/airflow/.local/lib/python3.6/site-packages/airflow/example_dags/example_task_group_decorator.py                                      1           0  0.27s           2023-11-10T14:24:39
/home/airflow/.local/lib/python3.6/site-packages/airflow/example_dags/example_bash_operator.py                      621  0.00s             1           0  0.07s           2023-11-10T14:24:11
/home/airflow/.local/lib/python3.6/site-packages/airflow/example_dags/example_branch_operator.py                                           1           0  0.07s           2023-11-10T14:24:12
/home/airflow/.local/lib/python3.6/site-packages/airflow/example_dags/example_xcom.py                                                      1           0  0.08s           2023-11-10T14:24:13
/home/airflow/.local/lib/python3.6/site-packages/airflow/example_dags/example_latest_only.py                                               1           0  0.08s           2023-11-10T14:24:13
/home/airflow/.local/lib/python3.6/site-packages/airflow/example_dags/example_task_group.py                                                1           0  0.07s           2023-11-10T14:24:15
/home/airflow/.local/lib/python3.6/site-packages/airflow/example_dags/example_latest_only_with_trigger.py                                  1           0  0.07s           2023-11-10T14:24:15
/home/airflow/.local/lib/python3.6/site-packages/airflow/example_dags/example_external_task_marker_dag.py                                  2           0  0.08s           2023-11-10T14:24:29
/home/airflow/.local/lib/python3.6/site-packages/airflow/example_dags/example_xcomargs.py                                                  2           0  0.21s           2023-11-10T14:24:40
/home/airflow/.local/lib/python3.6/site-packages/airflow/example_dags/example_subdag_operator.py                                           3           0  0.09s           2023-11-10T14:24:28
================================================================================
[2023-11-10 14:24:45,921] {manager.py:1128} INFO - Finding 'running' jobs without a recent heartbeat
[2023-11-10 14:24:45,921] {manager.py:1132} INFO - Failing jobs without heartbeat after 2023-11-10 14:19:45.921513+00:00
[2023-11-10 14:24:56,306] {manager.py:1128} INFO - Finding 'running' jobs without a recent heartbeat
[2023-11-10 14:24:56,308] {manager.py:1132} INFO - Failing jobs without heartbeat after 2023-11-10 14:19:56.308206+00:00
[2023-11-10 14:25:06,649] {manager.py:1128} INFO - Finding 'running' jobs without a recent heartbeat
[2023-11-10 14:25:06,651] {manager.py:1132} INFO - Failing jobs without heartbeat after 2023-11-10 14:20:06.651490+00:00
[2023-11-10 14:25:12,096] {manager.py:861} INFO - 
================================================================================
DAG File Processing Stats

File Path                                                                                                           PID  Runtime      # DAGs    # Errors  Last Runtime    Last Run
----------------------------------------------------------------------------------------------------------------  -----  ---------  --------  ----------  --------------  -------------------
/home/airflow/.local/lib/python3.6/site-packages/airflow/example_dags/subdags/subdag.py                                                    0           0  0.04s           2023-11-10T14:24:46
/home/airflow/.local/lib/python3.6/site-packages/airflow/example_dags/example_branch_python_dop_operator_3.py                              1           0  0.09s           2023-11-10T14:24:47
/home/airflow/.local/lib/python3.6/site-packages/airflow/example_dags/example_passing_params_via_test_command.py                           1           0  0.09s           2023-11-10T14:24:47
/home/airflow/.local/lib/python3.6/site-packages/airflow/example_dags/tutorial_etl_dag.py                                                  1           0  0.07s           2023-11-10T14:24:50
/home/airflow/.local/lib/python3.6/site-packages/airflow/example_dags/example_branch_day_of_week_operator.py                               1           0  0.11s           2023-11-10T14:24:51
/home/airflow/.local/lib/python3.6/site-packages/airflow/example_dags/example_short_circuit_operator.py                                    1           0  0.10s           2023-11-10T14:24:53
/home/airflow/.local/lib/python3.6/site-packages/airflow/example_dags/tutorial_taskflow_api_etl_virtualenv.py                              1           0  0.23s           2023-11-10T14:24:54
/home/airflow/.local/lib/python3.6/site-packages/airflow/example_dags/example_skip_dag.py                                                  1           0  0.09s           2023-11-10T14:24:55
/home/airflow/.local/lib/python3.6/site-packages/airflow/example_dags/test_utils.py                                                        1           0  0.06s           2023-11-10T14:24:56
/home/airflow/.local/lib/python3.6/site-packages/airflow/example_dags/example_kubernetes_executor_config.py                                1           0  0.09s           2023-11-10T14:24:57
/home/airflow/.local/lib/python3.6/site-packages/airflow/example_dags/example_branch_labels.py                                             1           0  0.07s           2023-11-10T14:24:59
/home/airflow/.local/lib/python3.6/site-packages/airflow/example_dags/example_complex.py                                                   1           0  0.09s           2023-11-10T14:25:00
/home/airflow/.local/lib/python3.6/site-packages/airflow/example_dags/example_nested_branch_dag.py                                         1           0  0.10s           2023-11-10T14:25:01
/home/airflow/.local/lib/python3.6/site-packages/airflow/example_dags/example_dag_decorator.py                                             1           0  0.25s           2023-11-10T14:25:02
/home/airflow/.local/lib/python3.6/site-packages/airflow/example_dags/tutorial_taskflow_api_etl.py                                         1           0  0.20s           2023-11-10T14:25:03
/home/airflow/.local/lib/python3.6/site-packages/airflow/example_dags/example_trigger_target_dag.py                                        1           0  0.10s           2023-11-10T14:25:04
/home/airflow/.local/lib/python3.6/site-packages/airflow/example_dags/example_trigger_controller_dag.py                                    1           0  0.09s           2023-11-10T14:25:05
/home/airflow/.local/lib/python3.6/site-packages/airflow/example_dags/example_python_operator.py                                           1           0  0.09s           2023-11-10T14:25:06
/home/airflow/.local/lib/python3.6/site-packages/airflow/example_dags/example_branch_datetime_operator.py                                  1           0  0.12s           2023-11-10T14:25:07
/home/airflow/.local/lib/python3.6/site-packages/airflow/example_dags/tutorial.py                                                          1           0  0.12s           2023-11-10T14:25:07
/home/airflow/.local/lib/python3.6/site-packages/airflow/example_dags/example_kubernetes_executor.py                                       1           0  0.08s           2023-11-10T14:25:08
/home/airflow/.local/lib/python3.6/site-packages/airflow/example_dags/example_task_group_decorator.py                                      1           0  0.21s           2023-11-10T14:25:10
/home/airflow/.local/lib/python3.6/site-packages/airflow/example_dags/example_bash_operator.py                      672  0.00s             1           0  0.07s           2023-11-10T14:24:41
/home/airflow/.local/lib/python3.6/site-packages/airflow/example_dags/example_branch_operator.py                                           1           0  0.12s           2023-11-10T14:24:42
/home/airflow/.local/lib/python3.6/site-packages/airflow/example_dags/example_xcom.py                                                      1           0  0.07s           2023-11-10T14:24:43
/home/airflow/.local/lib/python3.6/site-packages/airflow/example_dags/example_latest_only.py                                               1           0  0.07s           2023-11-10T14:24:43
/home/airflow/.local/lib/python3.6/site-packages/airflow/example_dags/example_task_group.py                                                1           0  0.08s           2023-11-10T14:24:46
/home/airflow/.local/lib/python3.6/site-packages/airflow/example_dags/example_latest_only_with_trigger.py                                  1           0  0.08s           2023-11-10T14:24:46
/home/airflow/.local/lib/python3.6/site-packages/airflow/example_dags/example_external_task_marker_dag.py                                  2           0  0.07s           2023-11-10T14:24:59
/home/airflow/.local/lib/python3.6/site-packages/airflow/example_dags/example_xcomargs.py                                                  2           0  0.23s           2023-11-10T14:25:11
/home/airflow/.local/lib/python3.6/site-packages/airflow/example_dags/example_subdag_operator.py                                           3           0  0.09s           2023-11-10T14:24:58
================================================================================
[2023-11-10 14:25:17,292] {manager.py:1128} INFO - Finding 'running' jobs without a recent heartbeat
[2023-11-10 14:25:17,294] {manager.py:1132} INFO - Failing jobs without heartbeat after 2023-11-10 14:20:17.293968+00:00
[2023-11-10 14:25:27,657] {manager.py:1128} INFO - Finding 'running' jobs without a recent heartbeat
[2023-11-10 14:25:27,658] {manager.py:1132} INFO - Failing jobs without heartbeat after 2023-11-10 14:20:27.658042+00:00
[2023-11-10 14:25:38,295] {manager.py:1128} INFO - Finding 'running' jobs without a recent heartbeat
[2023-11-10 14:25:38,295] {manager.py:1132} INFO - Failing jobs without heartbeat after 2023-11-10 14:20:38.295789+00:00
[2023-11-10 14:25:42,672] {manager.py:861} INFO - 
================================================================================
DAG File Processing Stats

File Path                                                                                                           PID  Runtime      # DAGs    # Errors  Last Runtime    Last Run
----------------------------------------------------------------------------------------------------------------  -----  ---------  --------  ----------  --------------  -------------------
/home/airflow/.local/lib/python3.6/site-packages/airflow/example_dags/subdags/subdag.py                                                    0           0  0.03s           2023-11-10T14:25:16
/home/airflow/.local/lib/python3.6/site-packages/airflow/example_dags/example_branch_python_dop_operator_3.py                              1           0  0.10s           2023-11-10T14:25:17
/home/airflow/.local/lib/python3.6/site-packages/airflow/example_dags/example_passing_params_via_test_command.py                           1           0  0.10s           2023-11-10T14:25:17
/home/airflow/.local/lib/python3.6/site-packages/airflow/example_dags/tutorial_etl_dag.py                                                  1           0  0.06s           2023-11-10T14:25:20
/home/airflow/.local/lib/python3.6/site-packages/airflow/example_dags/example_branch_day_of_week_operator.py                               1           0  0.08s           2023-11-10T14:25:21
/home/airflow/.local/lib/python3.6/site-packages/airflow/example_dags/example_short_circuit_operator.py                                    1           0  0.07s           2023-11-10T14:25:23
/home/airflow/.local/lib/python3.6/site-packages/airflow/example_dags/tutorial_taskflow_api_etl_virtualenv.py                              1           0  0.20s           2023-11-10T14:25:24
/home/airflow/.local/lib/python3.6/site-packages/airflow/example_dags/example_skip_dag.py                                                  1           0  0.07s           2023-11-10T14:25:25
/home/airflow/.local/lib/python3.6/site-packages/airflow/example_dags/test_utils.py                                                        1           0  0.07s           2023-11-10T14:25:26
/home/airflow/.local/lib/python3.6/site-packages/airflow/example_dags/example_kubernetes_executor_config.py                                1           0  0.07s           2023-11-10T14:25:27
/home/airflow/.local/lib/python3.6/site-packages/airflow/example_dags/example_branch_labels.py                                             1           0  0.08s           2023-11-10T14:25:29
/home/airflow/.local/lib/python3.6/site-packages/airflow/example_dags/example_complex.py                                                   1           0  0.09s           2023-11-10T14:25:30
/home/airflow/.local/lib/python3.6/site-packages/airflow/example_dags/example_nested_branch_dag.py                                         1           0  0.10s           2023-11-10T14:25:31
/home/airflow/.local/lib/python3.6/site-packages/airflow/example_dags/example_dag_decorator.py                                             1           0  0.22s           2023-11-10T14:25:33
/home/airflow/.local/lib/python3.6/site-packages/airflow/example_dags/tutorial_taskflow_api_etl.py                                         1           0  0.21s           2023-11-10T14:25:34
/home/airflow/.local/lib/python3.6/site-packages/airflow/example_dags/example_trigger_target_dag.py                                        1           0  0.07s           2023-11-10T14:25:35
/home/airflow/.local/lib/python3.6/site-packages/airflow/example_dags/example_trigger_controller_dag.py                                    1           0  0.10s           2023-11-10T14:25:36
/home/airflow/.local/lib/python3.6/site-packages/airflow/example_dags/example_python_operator.py                                           1           0  0.13s           2023-11-10T14:25:37
/home/airflow/.local/lib/python3.6/site-packages/airflow/example_dags/example_branch_datetime_operator.py                                  1           0  0.10s           2023-11-10T14:25:38
/home/airflow/.local/lib/python3.6/site-packages/airflow/example_dags/tutorial.py                                                          1           0  0.08s           2023-11-10T14:25:38
/home/airflow/.local/lib/python3.6/site-packages/airflow/example_dags/example_kubernetes_executor.py                                       1           0  0.07s           2023-11-10T14:25:39
/home/airflow/.local/lib/python3.6/site-packages/airflow/example_dags/example_task_group_decorator.py                                      1           0  0.24s           2023-11-10T14:25:40
/home/airflow/.local/lib/python3.6/site-packages/airflow/example_dags/example_bash_operator.py                      733  0.01s             1           0  0.07s           2023-11-10T14:25:12
/home/airflow/.local/lib/python3.6/site-packages/airflow/example_dags/example_branch_operator.py                                           1           0  0.07s           2023-11-10T14:25:13
/home/airflow/.local/lib/python3.6/site-packages/airflow/example_dags/example_xcom.py                                                      1           0  0.12s           2023-11-10T14:25:14
/home/airflow/.local/lib/python3.6/site-packages/airflow/example_dags/example_latest_only.py                                               1           0  0.12s           2023-11-10T14:25:14
/home/airflow/.local/lib/python3.6/site-packages/airflow/example_dags/example_task_group.py                                                1           0  0.08s           2023-11-10T14:25:16
/home/airflow/.local/lib/python3.6/site-packages/airflow/example_dags/example_latest_only_with_trigger.py                                  1           0  0.08s           2023-11-10T14:25:16
/home/airflow/.local/lib/python3.6/site-packages/airflow/example_dags/example_external_task_marker_dag.py                                  2           0  0.09s           2023-11-10T14:25:29
/home/airflow/.local/lib/python3.6/site-packages/airflow/example_dags/example_xcomargs.py                                                  2           0  0.26s           2023-11-10T14:25:41
/home/airflow/.local/lib/python3.6/site-packages/airflow/example_dags/example_subdag_operator.py                                           3           0  0.12s           2023-11-10T14:25:28
================================================================================
[2023-11-10 14:25:48,952] {manager.py:1128} INFO - Finding 'running' jobs without a recent heartbeat
[2023-11-10 14:25:48,954] {manager.py:1132} INFO - Failing jobs without heartbeat after 2023-11-10 14:20:48.954083+00:00
[2023-11-10 14:25:59,313] {manager.py:1128} INFO - Finding 'running' jobs without a recent heartbeat
[2023-11-10 14:25:59,314] {manager.py:1132} INFO - Failing jobs without heartbeat after 2023-11-10 14:20:59.314371+00:00
[2023-11-10 14:26:09,792] {manager.py:1128} INFO - Finding 'running' jobs without a recent heartbeat
[2023-11-10 14:26:09,794] {manager.py:1132} INFO - Failing jobs without heartbeat after 2023-11-10 14:21:09.794576+00:00
[2023-11-10 14:26:12,929] {manager.py:861} INFO - 
================================================================================
DAG File Processing Stats

File Path                                                                                                           PID  Runtime      # DAGs    # Errors  Last Runtime    Last Run
----------------------------------------------------------------------------------------------------------------  -----  ---------  --------  ----------  --------------  -------------------
/home/airflow/.local/lib/python3.6/site-packages/airflow/example_dags/subdags/subdag.py                                                    0           0  0.03s           2023-11-10T14:25:46
/home/airflow/.local/lib/python3.6/site-packages/airflow/example_dags/example_branch_python_dop_operator_3.py                              1           0  0.08s           2023-11-10T14:25:48
/home/airflow/.local/lib/python3.6/site-packages/airflow/example_dags/example_passing_params_via_test_command.py                           1           0  0.08s           2023-11-10T14:25:48
/home/airflow/.local/lib/python3.6/site-packages/airflow/example_dags/tutorial_etl_dag.py                                                  1           0  0.11s           2023-11-10T14:25:51
/home/airflow/.local/lib/python3.6/site-packages/airflow/example_dags/example_branch_day_of_week_operator.py                               1           0  0.09s           2023-11-10T14:25:52
/home/airflow/.local/lib/python3.6/site-packages/airflow/example_dags/example_short_circuit_operator.py                                    1           0  0.10s           2023-11-10T14:25:54
/home/airflow/.local/lib/python3.6/site-packages/airflow/example_dags/tutorial_taskflow_api_etl_virtualenv.py                              1           0  0.20s           2023-11-10T14:25:55
/home/airflow/.local/lib/python3.6/site-packages/airflow/example_dags/example_skip_dag.py                                                  1           0  0.07s           2023-11-10T14:25:56
/home/airflow/.local/lib/python3.6/site-packages/airflow/example_dags/test_utils.py                                                        1           0  0.09s           2023-11-10T14:25:57
/home/airflow/.local/lib/python3.6/site-packages/airflow/example_dags/example_kubernetes_executor_config.py                                1           0  0.08s           2023-11-10T14:25:58
/home/airflow/.local/lib/python3.6/site-packages/airflow/example_dags/example_branch_labels.py                                             1           0  0.08s           2023-11-10T14:26:00
/home/airflow/.local/lib/python3.6/site-packages/airflow/example_dags/example_complex.py                                                   1           0  0.09s           2023-11-10T14:26:01
/home/airflow/.local/lib/python3.6/site-packages/airflow/example_dags/example_nested_branch_dag.py                                         1           0  0.11s           2023-11-10T14:26:02
/home/airflow/.local/lib/python3.6/site-packages/airflow/example_dags/example_dag_decorator.py                                             1           0  0.07s           2023-11-10T14:26:03
/home/airflow/.local/lib/python3.6/site-packages/airflow/example_dags/tutorial_taskflow_api_etl.py                                         1           0  0.12s           2023-11-10T14:26:04
/home/airflow/.local/lib/python3.6/site-packages/airflow/example_dags/example_trigger_target_dag.py                                        1           0  0.07s           2023-11-10T14:26:05
/home/airflow/.local/lib/python3.6/site-packages/airflow/example_dags/example_trigger_controller_dag.py                                    1           0  0.07s           2023-11-10T14:26:06
/home/airflow/.local/lib/python3.6/site-packages/airflow/example_dags/example_python_operator.py                                           1           0  0.07s           2023-11-10T14:26:07
/home/airflow/.local/lib/python3.6/site-packages/airflow/example_dags/example_branch_datetime_operator.py                                  1           0  0.13s           2023-11-10T14:26:08
/home/airflow/.local/lib/python3.6/site-packages/airflow/example_dags/tutorial.py                                                          1           0  0.10s           2023-11-10T14:26:08
/home/airflow/.local/lib/python3.6/site-packages/airflow/example_dags/example_kubernetes_executor.py                                       1           0  0.10s           2023-11-10T14:26:09
/home/airflow/.local/lib/python3.6/site-packages/airflow/example_dags/example_task_group_decorator.py                                      1           0  0.21s           2023-11-10T14:26:11
/home/airflow/.local/lib/python3.6/site-packages/airflow/example_dags/example_bash_operator.py                      794  0.00s             1           0  0.09s           2023-11-10T14:25:42
/home/airflow/.local/lib/python3.6/site-packages/airflow/example_dags/example_branch_operator.py                                           1           0  0.10s           2023-11-10T14:25:43
/home/airflow/.local/lib/python3.6/site-packages/airflow/example_dags/example_xcom.py                                                      1           0  0.07s           2023-11-10T14:25:44
/home/airflow/.local/lib/python3.6/site-packages/airflow/example_dags/example_latest_only.py                                               1           0  0.08s           2023-11-10T14:25:44
/home/airflow/.local/lib/python3.6/site-packages/airflow/example_dags/example_task_group.py                                                1           0  0.08s           2023-11-10T14:25:46
/home/airflow/.local/lib/python3.6/site-packages/airflow/example_dags/example_latest_only_with_trigger.py                                  1           0  0.08s           2023-11-10T14:25:46
/home/airflow/.local/lib/python3.6/site-packages/airflow/example_dags/example_external_task_marker_dag.py                                  2           0  0.08s           2023-11-10T14:26:00
/home/airflow/.local/lib/python3.6/site-packages/airflow/example_dags/example_xcomargs.py                                                  2           0  0.08s           2023-11-10T14:26:11
/home/airflow/.local/lib/python3.6/site-packages/airflow/example_dags/example_subdag_operator.py                                           3           0  0.09s           2023-11-10T14:25:59
================================================================================
[2023-11-10 14:26:20,287] {manager.py:1128} INFO - Finding 'running' jobs without a recent heartbeat
[2023-11-10 14:26:20,289] {manager.py:1132} INFO - Failing jobs without heartbeat after 2023-11-10 14:21:20.289578+00:00
[2023-11-10 14:26:30,576] {manager.py:1128} INFO - Finding 'running' jobs without a recent heartbeat
[2023-11-10 14:26:30,577] {manager.py:1132} INFO - Failing jobs without heartbeat after 2023-11-10 14:21:30.577480+00:00
[2023-11-10 14:26:41,174] {manager.py:1128} INFO - Finding 'running' jobs without a recent heartbeat
[2023-11-10 14:26:41,176] {manager.py:1132} INFO - Failing jobs without heartbeat after 2023-11-10 14:21:41.176101+00:00
[2023-11-10 14:26:43,459] {manager.py:861} INFO - 
================================================================================
DAG File Processing Stats

File Path                                                                                                           PID  Runtime      # DAGs    # Errors  Last Runtime    Last Run
----------------------------------------------------------------------------------------------------------------  -----  ---------  --------  ----------  --------------  -------------------
/home/airflow/.local/lib/python3.6/site-packages/airflow/example_dags/subdags/subdag.py                                                    0           0  0.03s           2023-11-10T14:26:17
/home/airflow/.local/lib/python3.6/site-packages/airflow/example_dags/example_branch_python_dop_operator_3.py                              1           0  0.07s           2023-11-10T14:26:18
/home/airflow/.local/lib/python3.6/site-packages/airflow/example_dags/example_passing_params_via_test_command.py                           1           0  0.08s           2023-11-10T14:26:18
/home/airflow/.local/lib/python3.6/site-packages/airflow/example_dags/tutorial_etl_dag.py                                                  1           0  0.08s           2023-11-10T14:26:21
/home/airflow/.local/lib/python3.6/site-packages/airflow/example_dags/example_branch_day_of_week_operator.py                               1           0  0.06s           2023-11-10T14:26:22
/home/airflow/.local/lib/python3.6/site-packages/airflow/example_dags/example_short_circuit_operator.py                                    1           0  0.07s           2023-11-10T14:26:24
/home/airflow/.local/lib/python3.6/site-packages/airflow/example_dags/tutorial_taskflow_api_etl_virtualenv.py                              1           0  0.24s           2023-11-10T14:26:25
/home/airflow/.local/lib/python3.6/site-packages/airflow/example_dags/example_skip_dag.py                                                  1           0  0.07s           2023-11-10T14:26:26
/home/airflow/.local/lib/python3.6/site-packages/airflow/example_dags/test_utils.py                                                        1           0  0.12s           2023-11-10T14:26:27
/home/airflow/.local/lib/python3.6/site-packages/airflow/example_dags/example_kubernetes_executor_config.py                                1           0  0.07s           2023-11-10T14:26:28
/home/airflow/.local/lib/python3.6/site-packages/airflow/example_dags/example_branch_labels.py                                             1           0  0.08s           2023-11-10T14:26:30
/home/airflow/.local/lib/python3.6/site-packages/airflow/example_dags/example_complex.py                                                   1           0  0.08s           2023-11-10T14:26:31
/home/airflow/.local/lib/python3.6/site-packages/airflow/example_dags/example_nested_branch_dag.py                                         1           0  0.09s           2023-11-10T14:26:32
/home/airflow/.local/lib/python3.6/site-packages/airflow/example_dags/example_dag_decorator.py                                             1           0  0.21s           2023-11-10T14:26:33
/home/airflow/.local/lib/python3.6/site-packages/airflow/example_dags/tutorial_taskflow_api_etl.py                                         1           0  0.20s           2023-11-10T14:26:34
/home/airflow/.local/lib/python3.6/site-packages/airflow/example_dags/example_trigger_target_dag.py                                        1           0  0.08s           2023-11-10T14:26:36
/home/airflow/.local/lib/python3.6/site-packages/airflow/example_dags/example_trigger_controller_dag.py                                    1           0  0.07s           2023-11-10T14:26:37
/home/airflow/.local/lib/python3.6/site-packages/airflow/example_dags/example_python_operator.py                                           1           0  0.08s           2023-11-10T14:26:38
/home/airflow/.local/lib/python3.6/site-packages/airflow/example_dags/example_branch_datetime_operator.py                                  1           0  0.11s           2023-11-10T14:26:39
/home/airflow/.local/lib/python3.6/site-packages/airflow/example_dags/tutorial.py                                                          1           0  0.10s           2023-11-10T14:26:39
/home/airflow/.local/lib/python3.6/site-packages/airflow/example_dags/example_kubernetes_executor.py                                       1           0  0.08s           2023-11-10T14:26:40
/home/airflow/.local/lib/python3.6/site-packages/airflow/example_dags/example_task_group_decorator.py                                      1           0  0.23s           2023-11-10T14:26:41
/home/airflow/.local/lib/python3.6/site-packages/airflow/example_dags/example_bash_operator.py                      844  0.01s             1           0  0.07s           2023-11-10T14:26:12
/home/airflow/.local/lib/python3.6/site-packages/airflow/example_dags/example_branch_operator.py                                           1           0  0.07s           2023-11-10T14:26:14
/home/airflow/.local/lib/python3.6/site-packages/airflow/example_dags/example_xcom.py                                                      1           0  0.10s           2023-11-10T14:26:15
/home/airflow/.local/lib/python3.6/site-packages/airflow/example_dags/example_latest_only.py                                               1           0  0.09s           2023-11-10T14:26:15
/home/airflow/.local/lib/python3.6/site-packages/airflow/example_dags/example_task_group.py                                                1           0  0.09s           2023-11-10T14:26:17
/home/airflow/.local/lib/python3.6/site-packages/airflow/example_dags/example_latest_only_with_trigger.py                                  1           0  0.08s           2023-11-10T14:26:17
/home/airflow/.local/lib/python3.6/site-packages/airflow/example_dags/example_external_task_marker_dag.py                                  2           0  0.08s           2023-11-10T14:26:30
/home/airflow/.local/lib/python3.6/site-packages/airflow/example_dags/example_xcomargs.py                                                  2           0  0.22s           2023-11-10T14:26:42
/home/airflow/.local/lib/python3.6/site-packages/airflow/example_dags/example_subdag_operator.py                                           3           0  0.12s           2023-11-10T14:26:29
================================================================================
[2023-11-10 14:26:51,741] {manager.py:1128} INFO - Finding 'running' jobs without a recent heartbeat
[2023-11-10 14:26:51,743] {manager.py:1132} INFO - Failing jobs without heartbeat after 2023-11-10 14:21:51.742969+00:00
[2023-11-10 14:27:02,199] {manager.py:1128} INFO - Finding 'running' jobs without a recent heartbeat
[2023-11-10 14:27:02,201] {manager.py:1132} INFO - Failing jobs without heartbeat after 2023-11-10 14:22:02.201489+00:00
[2023-11-10 14:27:07,990] {manager.py:585} INFO - Exiting gracefully upon receiving signal 15
